{"C:\\Users\\t3rip\\OneDrive\\Documents\\ea-fc-pro-clubs-app\\next.config.js": {"path":"C:\\Users\\t3rip\\OneDrive\\Documents\\ea-fc-pro-clubs-app\\next.config.js","statementMap":{"0":{"start":{"line":2,"column":16},"end":{"line":7,"column":null}},"1":{"start":{"line":9,"column":19},"end":{"line":23,"column":null}},"2":{"start":{"line":25,"column":0},"end":{"line":25,"column":null}}},"fnMap":{},"branchMap":{},"s":{"0":0,"1":0,"2":0},"f":{},"b":{}}
,"C:\\Users\\t3rip\\OneDrive\\Documents\\ea-fc-pro-clubs-app\\tailwind.config.js": {"path":"C:\\Users\\t3rip\\OneDrive\\Documents\\ea-fc-pro-clubs-app\\tailwind.config.js","statementMap":{"0":{"start":{"line":2,"column":0},"end":{"line":96,"column":null}}},"fnMap":{},"branchMap":{},"s":{"0":0},"f":{},"b":{}}
,"C:\\Users\\t3rip\\OneDrive\\Documents\\ea-fc-pro-clubs-app\\app\\layout.tsx": {"path":"C:\\Users\\t3rip\\OneDrive\\Documents\\ea-fc-pro-clubs-app\\app\\layout.tsx","statementMap":{"0":{"start":{"line":55,"column":24},"end":{"line":55,"column":35}},"1":{"start":{"line":20,"column":13},"end":{"line":20,"column":21}},"2":{"start":{"line":12,"column":13},"end":{"line":12,"column":21}},"3":{"start":{"line":3,"column":22},"end":{"line":3,"column":null}},"4":{"start":{"line":4,"column":7},"end":{"line":4,"column":null}},"5":{"start":{"line":5,"column":23},"end":{"line":5,"column":null}},"6":{"start":{"line":6,"column":33},"end":{"line":6,"column":null}},"7":{"start":{"line":7,"column":28},"end":{"line":7,"column":null}},"8":{"start":{"line":8,"column":29},"end":{"line":8,"column":null}},"9":{"start":{"line":10,"column":14},"end":{"line":10,"column":null}},"10":{"start":{"line":12,"column":34},"end":{"line":18,"column":null}},"11":{"start":{"line":20,"column":34},"end":{"line":53,"column":null}}},"fnMap":{"0":{"name":"RootLayout","decl":{"start":{"line":55,"column":24},"end":{"line":55,"column":35}},"loc":{"start":{"line":59,"column":1},"end":{"line":86,"column":1}}}},"branchMap":{},"s":{"0":0,"1":0,"2":0,"3":0,"4":0,"5":0,"6":0,"7":0,"8":0,"9":0,"10":0,"11":0},"f":{"0":0},"b":{}}
,"C:\\Users\\t3rip\\OneDrive\\Documents\\ea-fc-pro-clubs-app\\app\\page.tsx": {"path":"C:\\Users\\t3rip\\OneDrive\\Documents\\ea-fc-pro-clubs-app\\app\\page.tsx","statementMap":{"0":{"start":{"line":6,"column":24},"end":{"line":6,"column":null}},"1":{"start":{"line":3,"column":26},"end":{"line":3,"column":null}},"2":{"start":{"line":4,"column":26},"end":{"line":4,"column":null}},"3":{"start":{"line":7,"column":17},"end":{"line":7,"column":null}},"4":{"start":{"line":9,"column":2},"end":{"line":17,"column":null}},"5":{"start":{"line":10,"column":23},"end":{"line":10,"column":null}},"6":{"start":{"line":11,"column":4},"end":{"line":16,"column":null}},"7":{"start":{"line":12,"column":6},"end":{"line":12,"column":null}},"8":{"start":{"line":14,"column":6},"end":{"line":14,"column":null}},"9":{"start":{"line":15,"column":6},"end":{"line":15,"column":null}},"10":{"start":{"line":19,"column":2},"end":{"line":19,"column":null}}},"fnMap":{"0":{"name":"HomePage","decl":{"start":{"line":6,"column":24},"end":{"line":6,"column":null}},"loc":{"start":{"line":6,"column":24},"end":{"line":20,"column":null}}},"1":{"name":"(anonymous_2)","decl":{"start":{"line":9,"column":12},"end":{"line":9,"column":null}},"loc":{"start":{"line":9,"column":12},"end":{"line":17,"column":5}}}},"branchMap":{"0":{"loc":{"start":{"line":11,"column":4},"end":{"line":16,"column":null}},"type":"if","locations":[{"start":{"line":11,"column":4},"end":{"line":16,"column":null}},{"start":{"line":13,"column":11},"end":{"line":16,"column":null}}]}},"s":{"0":0,"1":0,"2":0,"3":0,"4":0,"5":0,"6":0,"7":0,"8":0,"9":0,"10":0},"f":{"0":0,"1":0},"b":{"0":[0,0]}}
,"C:\\Users\\t3rip\\OneDrive\\Documents\\ea-fc-pro-clubs-app\\app\\achievements\\page.tsx": {"path":"C:\\Users\\t3rip\\OneDrive\\Documents\\ea-fc-pro-clubs-app\\app\\achievements\\page.tsx","statementMap":{"0":{"start":{"line":14,"column":24},"end":{"line":14,"column":null}},"1":{"start":{"line":4,"column":13},"end":{"line":4,"column":21}},"2":{"start":{"line":2,"column":30},"end":{"line":2,"column":null}},"3":{"start":{"line":4,"column":34},"end":{"line":12,"column":null}}},"fnMap":{"0":{"name":"AchievementsPage","decl":{"start":{"line":14,"column":24},"end":{"line":14,"column":null}},"loc":{"start":{"line":14,"column":24},"end":{"line":64,"column":1}}}},"branchMap":{},"s":{"0":0,"1":0,"2":0,"3":0},"f":{"0":0},"b":{}}
,"C:\\Users\\t3rip\\OneDrive\\Documents\\ea-fc-pro-clubs-app\\app\\admin\\layout.tsx": {"path":"C:\\Users\\t3rip\\OneDrive\\Documents\\ea-fc-pro-clubs-app\\app\\admin\\layout.tsx","statementMap":{"0":{"start":{"line":4,"column":24},"end":{"line":4,"column":36}},"1":{"start":{"line":2,"column":29},"end":{"line":2,"column":null}}},"fnMap":{"0":{"name":"AdminLayout","decl":{"start":{"line":4,"column":24},"end":{"line":4,"column":36}},"loc":{"start":{"line":8,"column":1},"end":{"line":15,"column":null}}}},"branchMap":{},"s":{"0":0,"1":0},"f":{"0":0},"b":{}}
,"C:\\Users\\t3rip\\OneDrive\\Documents\\ea-fc-pro-clubs-app\\app\\admin\\page.tsx": {"path":"C:\\Users\\t3rip\\OneDrive\\Documents\\ea-fc-pro-clubs-app\\app\\admin\\page.tsx","statementMap":{"0":{"start":{"line":3,"column":24},"end":{"line":3,"column":null}},"1":{"start":{"line":1,"column":31},"end":{"line":1,"column":null}},"2":{"start":{"line":4,"column":2},"end":{"line":4,"column":null}}},"fnMap":{"0":{"name":"AdminPage","decl":{"start":{"line":3,"column":24},"end":{"line":3,"column":null}},"loc":{"start":{"line":3,"column":24},"end":{"line":5,"column":null}}}},"branchMap":{},"s":{"0":0,"1":0,"2":0},"f":{"0":0},"b":{}}
,"C:\\Users\\t3rip\\OneDrive\\Documents\\ea-fc-pro-clubs-app\\app\\admin\\competitions\\page.tsx": {"path":"C:\\Users\\t3rip\\OneDrive\\Documents\\ea-fc-pro-clubs-app\\app\\admin\\competitions\\page.tsx","statementMap":{"0":{"start":{"line":3,"column":24},"end":{"line":3,"column":null}},"1":{"start":{"line":1,"column":38},"end":{"line":1,"column":null}},"2":{"start":{"line":4,"column":2},"end":{"line":4,"column":null}}},"fnMap":{"0":{"name":"CompetitionsPage","decl":{"start":{"line":3,"column":24},"end":{"line":3,"column":null}},"loc":{"start":{"line":3,"column":24},"end":{"line":5,"column":null}}}},"branchMap":{},"s":{"0":0,"1":0,"2":0},"f":{"0":0},"b":{}}
,"C:\\Users\\t3rip\\OneDrive\\Documents\\ea-fc-pro-clubs-app\\app\\admin\\users\\page.tsx": {"path":"C:\\Users\\t3rip\\OneDrive\\Documents\\ea-fc-pro-clubs-app\\app\\admin\\users\\page.tsx","statementMap":{"0":{"start":{"line":3,"column":24},"end":{"line":3,"column":null}},"1":{"start":{"line":1,"column":31},"end":{"line":1,"column":null}},"2":{"start":{"line":4,"column":2},"end":{"line":4,"column":null}}},"fnMap":{"0":{"name":"UsersPage","decl":{"start":{"line":3,"column":24},"end":{"line":3,"column":null}},"loc":{"start":{"line":3,"column":24},"end":{"line":5,"column":null}}}},"branchMap":{},"s":{"0":0,"1":0,"2":0},"f":{"0":0},"b":{}}
,"C:\\Users\\t3rip\\OneDrive\\Documents\\ea-fc-pro-clubs-app\\app\\auth\\login\\page.tsx": {"path":"C:\\Users\\t3rip\\OneDrive\\Documents\\ea-fc-pro-clubs-app\\app\\auth\\login\\page.tsx","statementMap":{"0":{"start":{"line":9,"column":24},"end":{"line":9,"column":null}},"1":{"start":{"line":3,"column":17},"end":{"line":3,"column":null}},"2":{"start":{"line":4,"column":30},"end":{"line":4,"column":null}},"3":{"start":{"line":5,"column":25},"end":{"line":5,"column":null}},"4":{"start":{"line":6,"column":24},"end":{"line":6,"column":null}},"5":{"start":{"line":7,"column":26},"end":{"line":7,"column":null}},"6":{"start":{"line":10,"column":26},"end":{"line":10,"column":null}},"7":{"start":{"line":11,"column":30},"end":{"line":11,"column":null}},"8":{"start":{"line":12,"column":32},"end":{"line":12,"column":null}},"9":{"start":{"line":13,"column":38},"end":{"line":13,"column":null}},"10":{"start":{"line":14,"column":21},"end":{"line":14,"column":null}},"11":{"start":{"line":15,"column":17},"end":{"line":15,"column":null}},"12":{"start":{"line":18,"column":32},"end":{"line":18,"column":null}},"13":{"start":{"line":19,"column":4},"end":{"line":23,"column":null}},"14":{"start":{"line":20,"column":6},"end":{"line":20,"column":null}},"15":{"start":{"line":21,"column":11},"end":{"line":23,"column":null}},"16":{"start":{"line":22,"column":6},"end":{"line":22,"column":null}},"17":{"start":{"line":24,"column":4},"end":{"line":26,"column":null}},"18":{"start":{"line":25,"column":6},"end":{"line":25,"column":null}},"19":{"start":{"line":27,"column":4},"end":{"line":27,"column":null}},"20":{"start":{"line":31,"column":28},"end":{"line":31,"column":36}},"21":{"start":{"line":32,"column":4},"end":{"line":32,"column":null}},"22":{"start":{"line":32,"column":18},"end":{"line":32,"column":null}},"23":{"start":{"line":33,"column":4},"end":{"line":33,"column":null}},"24":{"start":{"line":33,"column":21},"end":{"line":33,"column":null}},"25":{"start":{"line":34,"column":4},"end":{"line":34,"column":null}},"26":{"start":{"line":38,"column":21},"end":{"line":38,"column":29}},"27":{"start":{"line":39,"column":4},"end":{"line":39,"column":null}},"28":{"start":{"line":39,"column":21},"end":{"line":39,"column":null}},"29":{"start":{"line":40,"column":4},"end":{"line":40,"column":null}},"30":{"start":{"line":44,"column":4},"end":{"line":44,"column":null}},"31":{"start":{"line":45,"column":4},"end":{"line":45,"column":null}},"32":{"start":{"line":46,"column":17},"end":{"line":46,"column":null}},"33":{"start":{"line":47,"column":4},"end":{"line":47,"column":null}},"34":{"start":{"line":48,"column":4},"end":{"line":58,"column":null}},"35":{"start":{"line":49,"column":6},"end":{"line":49,"column":null}},"36":{"start":{"line":50,"column":6},"end":{"line":57,"column":null}},"37":{"start":{"line":51,"column":8},"end":{"line":51,"column":null}},"38":{"start":{"line":52,"column":8},"end":{"line":52,"column":null}},"39":{"start":{"line":54,"column":8},"end":{"line":54,"column":null}},"40":{"start":{"line":54,"column":27},"end":{"line":54,"column":null}},"41":{"start":{"line":56,"column":8},"end":{"line":56,"column":null}},"42":{"start":{"line":61,"column":18},"end":{"line":61,"column":null}}},"fnMap":{"0":{"name":"LoginPage","decl":{"start":{"line":9,"column":24},"end":{"line":9,"column":null}},"loc":{"start":{"line":9,"column":24},"end":{"line":139,"column":null}}},"1":{"name":"validate","decl":{"start":{"line":17,"column":11},"end":{"line":17,"column":20}},"loc":{"start":{"line":17,"column":39},"end":{"line":28,"column":null}}},"2":{"name":"handleChange","decl":{"start":{"line":30,"column":11},"end":{"line":30,"column":24}},"loc":{"start":{"line":30,"column":62},"end":{"line":35,"column":null}}},"3":{"name":"(anonymous_5)","decl":{"start":{"line":32,"column":12},"end":{"line":32,"column":18}},"loc":{"start":{"line":32,"column":18},"end":{"line":32,"column":null}}},"4":{"name":"(anonymous_6)","decl":{"start":{"line":33,"column":15},"end":{"line":33,"column":21}},"loc":{"start":{"line":33,"column":21},"end":{"line":33,"column":null}}},"5":{"name":"handleBlur","decl":{"start":{"line":37,"column":11},"end":{"line":37,"column":22}},"loc":{"start":{"line":37,"column":59},"end":{"line":41,"column":null}}},"6":{"name":"(anonymous_8)","decl":{"start":{"line":39,"column":15},"end":{"line":39,"column":21}},"loc":{"start":{"line":39,"column":21},"end":{"line":39,"column":null}}},"7":{"name":"handleSubmit","decl":{"start":{"line":43,"column":17},"end":{"line":43,"column":30}},"loc":{"start":{"line":43,"column":48},"end":{"line":59,"column":null}}},"8":{"name":"(anonymous_10)","decl":{"start":{"line":54,"column":18},"end":{"line":54,"column":27}},"loc":{"start":{"line":54,"column":27},"end":{"line":54,"column":null}}}},"branchMap":{"0":{"loc":{"start":{"line":19,"column":4},"end":{"line":23,"column":null}},"type":"if","locations":[{"start":{"line":19,"column":4},"end":{"line":23,"column":null}},{"start":{"line":21,"column":11},"end":{"line":23,"column":null}}]},"1":{"loc":{"start":{"line":21,"column":11},"end":{"line":23,"column":null}},"type":"if","locations":[{"start":{"line":21,"column":11},"end":{"line":23,"column":null}}]},"2":{"loc":{"start":{"line":24,"column":4},"end":{"line":26,"column":null}},"type":"if","locations":[{"start":{"line":24,"column":4},"end":{"line":26,"column":null}}]},"3":{"loc":{"start":{"line":48,"column":4},"end":{"line":58,"column":null}},"type":"if","locations":[{"start":{"line":48,"column":4},"end":{"line":58,"column":null}}]},"4":{"loc":{"start":{"line":54,"column":46},"end":{"line":54,"column":76}},"type":"binary-expr","locations":[{"start":{"line":54,"column":46},"end":{"line":54,"column":57}},{"start":{"line":54,"column":61},"end":{"line":54,"column":76}}]},"5":{"loc":{"start":{"line":77,"column":67},"end":{"line":77,"column":136}},"type":"cond-expr","locations":[{"start":{"line":77,"column":99},"end":{"line":77,"column":118}},{"start":{"line":77,"column":118},"end":{"line":77,"column":136}}]},"6":{"loc":{"start":{"line":77,"column":67},"end":{"line":77,"column":96}},"type":"binary-expr","locations":[{"start":{"line":77,"column":67},"end":{"line":77,"column":79}},{"start":{"line":77,"column":83},"end":{"line":77,"column":96}}]},"7":{"loc":{"start":{"line":83,"column":21},"end":{"line":83,"column":84}},"type":"cond-expr","locations":[{"start":{"line":83,"column":53},"end":{"line":83,"column":82}},{"start":{"line":83,"column":82},"end":{"line":83,"column":84}}]},"8":{"loc":{"start":{"line":83,"column":21},"end":{"line":83,"column":50}},"type":"binary-expr","locations":[{"start":{"line":83,"column":21},"end":{"line":83,"column":33}},{"start":{"line":83,"column":37},"end":{"line":83,"column":50}}]},"9":{"loc":{"start":{"line":86,"column":15},"end":{"line":86,"column":27}},"type":"binary-expr","locations":[{"start":{"line":86,"column":15},"end":{"line":86,"column":27}},{"start":{"line":86,"column":31},"end":{"line":86,"column":44}}]},"10":{"loc":{"start":{"line":98,"column":67},"end":{"line":98,"column":142}},"type":"cond-expr","locations":[{"start":{"line":98,"column":105},"end":{"line":98,"column":124}},{"start":{"line":98,"column":124},"end":{"line":98,"column":142}}]},"11":{"loc":{"start":{"line":98,"column":67},"end":{"line":98,"column":102}},"type":"binary-expr","locations":[{"start":{"line":98,"column":67},"end":{"line":98,"column":82}},{"start":{"line":98,"column":86},"end":{"line":98,"column":102}}]},"12":{"loc":{"start":{"line":104,"column":21},"end":{"line":104,"column":90}},"type":"cond-expr","locations":[{"start":{"line":104,"column":59},"end":{"line":104,"column":88}},{"start":{"line":104,"column":88},"end":{"line":104,"column":90}}]},"13":{"loc":{"start":{"line":104,"column":21},"end":{"line":104,"column":56}},"type":"binary-expr","locations":[{"start":{"line":104,"column":21},"end":{"line":104,"column":36}},{"start":{"line":104,"column":40},"end":{"line":104,"column":56}}]},"14":{"loc":{"start":{"line":107,"column":15},"end":{"line":107,"column":30}},"type":"binary-expr","locations":[{"start":{"line":107,"column":15},"end":{"line":107,"column":30}},{"start":{"line":107,"column":34},"end":{"line":107,"column":50}}]},"15":{"loc":{"start":{"line":123,"column":24},"end":{"line":123,"column":null}},"type":"binary-expr","locations":[{"start":{"line":123,"column":24},"end":{"line":123,"column":36}},{"start":{"line":123,"column":36},"end":{"line":123,"column":null}}]},"16":{"loc":{"start":{"line":125,"column":15},"end":{"line":125,"column":null}},"type":"cond-expr","locations":[{"start":{"line":125,"column":28},"end":{"line":125,"column":46}},{"start":{"line":125,"column":46},"end":{"line":125,"column":null}}]},"17":{"loc":{"start":{"line":128,"column":11},"end":{"line":128,"column":24}},"type":"binary-expr","locations":[{"start":{"line":128,"column":11},"end":{"line":128,"column":24}}]}},"s":{"0":0,"1":0,"2":0,"3":0,"4":0,"5":0,"6":0,"7":0,"8":0,"9":0,"10":0,"11":0,"12":0,"13":0,"14":0,"15":0,"16":0,"17":0,"18":0,"19":0,"20":0,"21":0,"22":0,"23":0,"24":0,"25":0,"26":0,"27":0,"28":0,"29":0,"30":0,"31":0,"32":0,"33":0,"34":0,"35":0,"36":0,"37":0,"38":0,"39":0,"40":0,"41":0,"42":0},"f":{"0":0,"1":0,"2":0,"3":0,"4":0,"5":0,"6":0,"7":0,"8":0},"b":{"0":[0,0],"1":[0],"2":[0],"3":[0],"4":[0,0],"5":[0,0],"6":[0,0],"7":[0,0],"8":[0,0],"9":[0,0],"10":[0,0],"11":[0,0],"12":[0,0],"13":[0,0],"14":[0,0],"15":[0,0],"16":[0,0],"17":[0]}}
,"C:\\Users\\t3rip\\OneDrive\\Documents\\ea-fc-pro-clubs-app\\app\\auth\\signup\\page.tsx": {"path":"C:\\Users\\t3rip\\OneDrive\\Documents\\ea-fc-pro-clubs-app\\app\\auth\\signup\\page.tsx","statementMap":{"0":{"start":{"line":9,"column":24},"end":{"line":9,"column":null}},"1":{"start":{"line":3,"column":17},"end":{"line":3,"column":null}},"2":{"start":{"line":4,"column":30},"end":{"line":4,"column":null}},"3":{"start":{"line":5,"column":25},"end":{"line":5,"column":null}},"4":{"start":{"line":6,"column":24},"end":{"line":6,"column":null}},"5":{"start":{"line":7,"column":26},"end":{"line":7,"column":null}},"6":{"start":{"line":10,"column":26},"end":{"line":10,"column":null}},"7":{"start":{"line":11,"column":30},"end":{"line":11,"column":null}},"8":{"start":{"line":12,"column":32},"end":{"line":12,"column":null}},"9":{"start":{"line":13,"column":38},"end":{"line":13,"column":null}},"10":{"start":{"line":14,"column":21},"end":{"line":14,"column":null}},"11":{"start":{"line":15,"column":17},"end":{"line":15,"column":null}},"12":{"start":{"line":18,"column":32},"end":{"line":18,"column":null}},"13":{"start":{"line":19,"column":4},"end":{"line":21,"column":null}},"14":{"start":{"line":20,"column":6},"end":{"line":20,"column":null}},"15":{"start":{"line":22,"column":4},"end":{"line":26,"column":null}},"16":{"start":{"line":23,"column":6},"end":{"line":23,"column":null}},"17":{"start":{"line":24,"column":11},"end":{"line":26,"column":null}},"18":{"start":{"line":25,"column":6},"end":{"line":25,"column":null}},"19":{"start":{"line":27,"column":4},"end":{"line":33,"column":null}},"20":{"start":{"line":28,"column":6},"end":{"line":28,"column":null}},"21":{"start":{"line":29,"column":11},"end":{"line":33,"column":null}},"22":{"start":{"line":30,"column":6},"end":{"line":30,"column":null}},"23":{"start":{"line":31,"column":11},"end":{"line":33,"column":null}},"24":{"start":{"line":32,"column":6},"end":{"line":32,"column":null}},"25":{"start":{"line":34,"column":4},"end":{"line":34,"column":null}},"26":{"start":{"line":38,"column":28},"end":{"line":38,"column":36}},"27":{"start":{"line":39,"column":4},"end":{"line":39,"column":null}},"28":{"start":{"line":39,"column":18},"end":{"line":39,"column":null}},"29":{"start":{"line":40,"column":4},"end":{"line":40,"column":null}},"30":{"start":{"line":40,"column":21},"end":{"line":40,"column":null}},"31":{"start":{"line":41,"column":4},"end":{"line":41,"column":null}},"32":{"start":{"line":45,"column":21},"end":{"line":45,"column":29}},"33":{"start":{"line":46,"column":4},"end":{"line":46,"column":null}},"34":{"start":{"line":46,"column":21},"end":{"line":46,"column":null}},"35":{"start":{"line":47,"column":4},"end":{"line":47,"column":null}},"36":{"start":{"line":51,"column":4},"end":{"line":51,"column":null}},"37":{"start":{"line":52,"column":4},"end":{"line":52,"column":null}},"38":{"start":{"line":53,"column":17},"end":{"line":53,"column":null}},"39":{"start":{"line":54,"column":4},"end":{"line":54,"column":null}},"40":{"start":{"line":55,"column":4},"end":{"line":66,"column":null}},"41":{"start":{"line":56,"column":6},"end":{"line":56,"column":null}},"42":{"start":{"line":57,"column":6},"end":{"line":65,"column":null}},"43":{"start":{"line":58,"column":8},"end":{"line":58,"column":null}},"44":{"start":{"line":60,"column":8},"end":{"line":60,"column":null}},"45":{"start":{"line":62,"column":8},"end":{"line":62,"column":null}},"46":{"start":{"line":62,"column":27},"end":{"line":62,"column":null}},"47":{"start":{"line":64,"column":8},"end":{"line":64,"column":null}},"48":{"start":{"line":69,"column":18},"end":{"line":69,"column":null}}},"fnMap":{"0":{"name":"SignUpPage","decl":{"start":{"line":9,"column":24},"end":{"line":9,"column":null}},"loc":{"start":{"line":9,"column":24},"end":{"line":160,"column":null}}},"1":{"name":"validate","decl":{"start":{"line":17,"column":11},"end":{"line":17,"column":20}},"loc":{"start":{"line":17,"column":39},"end":{"line":35,"column":null}}},"2":{"name":"handleChange","decl":{"start":{"line":37,"column":11},"end":{"line":37,"column":24}},"loc":{"start":{"line":37,"column":62},"end":{"line":42,"column":null}}},"3":{"name":"(anonymous_5)","decl":{"start":{"line":39,"column":12},"end":{"line":39,"column":18}},"loc":{"start":{"line":39,"column":18},"end":{"line":39,"column":null}}},"4":{"name":"(anonymous_6)","decl":{"start":{"line":40,"column":15},"end":{"line":40,"column":21}},"loc":{"start":{"line":40,"column":21},"end":{"line":40,"column":null}}},"5":{"name":"handleBlur","decl":{"start":{"line":44,"column":11},"end":{"line":44,"column":22}},"loc":{"start":{"line":44,"column":59},"end":{"line":48,"column":null}}},"6":{"name":"(anonymous_8)","decl":{"start":{"line":46,"column":15},"end":{"line":46,"column":21}},"loc":{"start":{"line":46,"column":21},"end":{"line":46,"column":null}}},"7":{"name":"handleSubmit","decl":{"start":{"line":50,"column":17},"end":{"line":50,"column":30}},"loc":{"start":{"line":50,"column":48},"end":{"line":67,"column":null}}},"8":{"name":"(anonymous_10)","decl":{"start":{"line":62,"column":18},"end":{"line":62,"column":27}},"loc":{"start":{"line":62,"column":27},"end":{"line":62,"column":null}}}},"branchMap":{"0":{"loc":{"start":{"line":19,"column":4},"end":{"line":21,"column":null}},"type":"if","locations":[{"start":{"line":19,"column":4},"end":{"line":21,"column":null}}]},"1":{"loc":{"start":{"line":22,"column":4},"end":{"line":26,"column":null}},"type":"if","locations":[{"start":{"line":22,"column":4},"end":{"line":26,"column":null}},{"start":{"line":24,"column":11},"end":{"line":26,"column":null}}]},"2":{"loc":{"start":{"line":24,"column":11},"end":{"line":26,"column":null}},"type":"if","locations":[{"start":{"line":24,"column":11},"end":{"line":26,"column":null}}]},"3":{"loc":{"start":{"line":27,"column":4},"end":{"line":33,"column":null}},"type":"if","locations":[{"start":{"line":27,"column":4},"end":{"line":33,"column":null}},{"start":{"line":29,"column":11},"end":{"line":33,"column":null}}]},"4":{"loc":{"start":{"line":29,"column":11},"end":{"line":33,"column":null}},"type":"if","locations":[{"start":{"line":29,"column":11},"end":{"line":33,"column":null}},{"start":{"line":31,"column":11},"end":{"line":33,"column":null}}]},"5":{"loc":{"start":{"line":31,"column":11},"end":{"line":33,"column":null}},"type":"if","locations":[{"start":{"line":31,"column":11},"end":{"line":33,"column":null}}]},"6":{"loc":{"start":{"line":55,"column":4},"end":{"line":66,"column":null}},"type":"if","locations":[{"start":{"line":55,"column":4},"end":{"line":66,"column":null}}]},"7":{"loc":{"start":{"line":62,"column":46},"end":{"line":62,"column":78}},"type":"binary-expr","locations":[{"start":{"line":62,"column":46},"end":{"line":62,"column":57}},{"start":{"line":62,"column":61},"end":{"line":62,"column":78}}]},"8":{"loc":{"start":{"line":85,"column":67},"end":{"line":85,"column":142}},"type":"cond-expr","locations":[{"start":{"line":85,"column":105},"end":{"line":85,"column":124}},{"start":{"line":85,"column":124},"end":{"line":85,"column":142}}]},"9":{"loc":{"start":{"line":85,"column":67},"end":{"line":85,"column":102}},"type":"binary-expr","locations":[{"start":{"line":85,"column":67},"end":{"line":85,"column":82}},{"start":{"line":85,"column":86},"end":{"line":85,"column":102}}]},"10":{"loc":{"start":{"line":91,"column":21},"end":{"line":91,"column":90}},"type":"cond-expr","locations":[{"start":{"line":91,"column":59},"end":{"line":91,"column":88}},{"start":{"line":91,"column":88},"end":{"line":91,"column":90}}]},"11":{"loc":{"start":{"line":91,"column":21},"end":{"line":91,"column":56}},"type":"binary-expr","locations":[{"start":{"line":91,"column":21},"end":{"line":91,"column":36}},{"start":{"line":91,"column":40},"end":{"line":91,"column":56}}]},"12":{"loc":{"start":{"line":94,"column":15},"end":{"line":94,"column":30}},"type":"binary-expr","locations":[{"start":{"line":94,"column":15},"end":{"line":94,"column":30}},{"start":{"line":94,"column":34},"end":{"line":94,"column":50}}]},"13":{"loc":{"start":{"line":106,"column":67},"end":{"line":106,"column":136}},"type":"cond-expr","locations":[{"start":{"line":106,"column":99},"end":{"line":106,"column":118}},{"start":{"line":106,"column":118},"end":{"line":106,"column":136}}]},"14":{"loc":{"start":{"line":106,"column":67},"end":{"line":106,"column":96}},"type":"binary-expr","locations":[{"start":{"line":106,"column":67},"end":{"line":106,"column":79}},{"start":{"line":106,"column":83},"end":{"line":106,"column":96}}]},"15":{"loc":{"start":{"line":112,"column":21},"end":{"line":112,"column":84}},"type":"cond-expr","locations":[{"start":{"line":112,"column":53},"end":{"line":112,"column":82}},{"start":{"line":112,"column":82},"end":{"line":112,"column":84}}]},"16":{"loc":{"start":{"line":112,"column":21},"end":{"line":112,"column":50}},"type":"binary-expr","locations":[{"start":{"line":112,"column":21},"end":{"line":112,"column":33}},{"start":{"line":112,"column":37},"end":{"line":112,"column":50}}]},"17":{"loc":{"start":{"line":115,"column":15},"end":{"line":115,"column":27}},"type":"binary-expr","locations":[{"start":{"line":115,"column":15},"end":{"line":115,"column":27}},{"start":{"line":115,"column":31},"end":{"line":115,"column":44}}]},"18":{"loc":{"start":{"line":127,"column":67},"end":{"line":127,"column":142}},"type":"cond-expr","locations":[{"start":{"line":127,"column":105},"end":{"line":127,"column":124}},{"start":{"line":127,"column":124},"end":{"line":127,"column":142}}]},"19":{"loc":{"start":{"line":127,"column":67},"end":{"line":127,"column":102}},"type":"binary-expr","locations":[{"start":{"line":127,"column":67},"end":{"line":127,"column":82}},{"start":{"line":127,"column":86},"end":{"line":127,"column":102}}]},"20":{"loc":{"start":{"line":133,"column":21},"end":{"line":133,"column":90}},"type":"cond-expr","locations":[{"start":{"line":133,"column":59},"end":{"line":133,"column":88}},{"start":{"line":133,"column":88},"end":{"line":133,"column":90}}]},"21":{"loc":{"start":{"line":133,"column":21},"end":{"line":133,"column":56}},"type":"binary-expr","locations":[{"start":{"line":133,"column":21},"end":{"line":133,"column":36}},{"start":{"line":133,"column":40},"end":{"line":133,"column":56}}]},"22":{"loc":{"start":{"line":136,"column":15},"end":{"line":136,"column":30}},"type":"binary-expr","locations":[{"start":{"line":136,"column":15},"end":{"line":136,"column":30}},{"start":{"line":136,"column":34},"end":{"line":136,"column":50}}]},"23":{"loc":{"start":{"line":144,"column":24},"end":{"line":144,"column":null}},"type":"binary-expr","locations":[{"start":{"line":144,"column":24},"end":{"line":144,"column":36}},{"start":{"line":144,"column":36},"end":{"line":144,"column":null}}]},"24":{"loc":{"start":{"line":146,"column":15},"end":{"line":146,"column":null}},"type":"cond-expr","locations":[{"start":{"line":146,"column":28},"end":{"line":146,"column":46}},{"start":{"line":146,"column":46},"end":{"line":146,"column":null}}]},"25":{"loc":{"start":{"line":149,"column":11},"end":{"line":149,"column":24}},"type":"binary-expr","locations":[{"start":{"line":149,"column":11},"end":{"line":149,"column":24}}]}},"s":{"0":0,"1":0,"2":0,"3":0,"4":0,"5":0,"6":0,"7":0,"8":0,"9":0,"10":0,"11":0,"12":0,"13":0,"14":0,"15":0,"16":0,"17":0,"18":0,"19":0,"20":0,"21":0,"22":0,"23":0,"24":0,"25":0,"26":0,"27":0,"28":0,"29":0,"30":0,"31":0,"32":0,"33":0,"34":0,"35":0,"36":0,"37":0,"38":0,"39":0,"40":0,"41":0,"42":0,"43":0,"44":0,"45":0,"46":0,"47":0,"48":0},"f":{"0":0,"1":0,"2":0,"3":0,"4":0,"5":0,"6":0,"7":0,"8":0},"b":{"0":[0],"1":[0,0],"2":[0],"3":[0,0],"4":[0,0],"5":[0],"6":[0],"7":[0,0],"8":[0,0],"9":[0,0],"10":[0,0],"11":[0,0],"12":[0,0],"13":[0,0],"14":[0,0],"15":[0,0],"16":[0,0],"17":[0,0],"18":[0,0],"19":[0,0],"20":[0,0],"21":[0,0],"22":[0,0],"23":[0,0],"24":[0,0],"25":[0]}}
,"C:\\Users\\t3rip\\OneDrive\\Documents\\ea-fc-pro-clubs-app\\app\\competitions\\metadata.ts": {"path":"C:\\Users\\t3rip\\OneDrive\\Documents\\ea-fc-pro-clubs-app\\app\\competitions\\metadata.ts","statementMap":{"0":{"start":{"line":3,"column":13},"end":{"line":3,"column":21}},"1":{"start":{"line":8,"column":13},"end":{"line":8,"column":21}},"2":{"start":{"line":3,"column":34},"end":{"line":6,"column":null}},"3":{"start":{"line":8,"column":34},"end":{"line":13,"column":null}}},"fnMap":{},"branchMap":{},"s":{"0":0,"1":0,"2":0,"3":0},"f":{},"b":{}}
,"C:\\Users\\t3rip\\OneDrive\\Documents\\ea-fc-pro-clubs-app\\app\\competitions\\page.tsx": {"path":"C:\\Users\\t3rip\\OneDrive\\Documents\\ea-fc-pro-clubs-app\\app\\competitions\\page.tsx","statementMap":{"0":{"start":{"line":54,"column":24},"end":{"line":54,"column":null}},"1":{"start":{"line":3,"column":25},"end":{"line":3,"column":null}},"2":{"start":{"line":4,"column":94},"end":{"line":4,"column":null}},"3":{"start":{"line":5,"column":19},"end":{"line":5,"column":null}},"4":{"start":{"line":9,"column":25},"end":{"line":21,"column":null}},"5":{"start":{"line":23,"column":17},"end":{"line":31,"column":null}},"6":{"start":{"line":32,"column":16},"end":{"line":41,"column":null}},"7":{"start":{"line":42,"column":15},"end":{"line":42,"column":null}},"8":{"start":{"line":43,"column":19},"end":{"line":43,"column":null}},"9":{"start":{"line":45,"column":19},"end":{"line":52,"column":null}},"10":{"start":{"line":55,"column":40},"end":{"line":55,"column":null}},"11":{"start":{"line":56,"column":56},"end":{"line":56,"column":null}},"12":{"start":{"line":70,"column":29},"end":{"line":70,"column":null}},"13":{"start":{"line":76,"column":14},"end":{"line":77,"column":null}},"14":{"start":{"line":82,"column":31},"end":{"line":82,"column":null}},"15":{"start":{"line":96,"column":10},"end":{"line":96,"column":30}},"16":{"start":{"line":112,"column":10},"end":{"line":112,"column":30}},"17":{"start":{"line":128,"column":10},"end":{"line":128,"column":30}},"18":{"start":{"line":144,"column":10},"end":{"line":144,"column":30}},"19":{"start":{"line":160,"column":12},"end":{"line":161,"column":null}}},"fnMap":{"0":{"name":"CompetitionsPage","decl":{"start":{"line":54,"column":24},"end":{"line":54,"column":null}},"loc":{"start":{"line":54,"column":24},"end":{"line":173,"column":null}}},"1":{"name":"(anonymous_2)","decl":{"start":{"line":70,"column":24},"end":{"line":70,"column":29}},"loc":{"start":{"line":70,"column":29},"end":{"line":70,"column":null}}},"2":{"name":"(anonymous_3)","decl":{"start":{"line":75,"column":34},"end":{"line":75,"column":35}},"loc":{"start":{"line":76,"column":14},"end":{"line":77,"column":null}}},"3":{"name":"(anonymous_4)","decl":{"start":{"line":82,"column":25},"end":{"line":82,"column":31}},"loc":{"start":{"line":82,"column":31},"end":{"line":82,"column":null}}},"4":{"name":"(anonymous_5)","decl":{"start":{"line":95,"column":22},"end":{"line":95,"column":null}},"loc":{"start":{"line":96,"column":10},"end":{"line":96,"column":30}}},"5":{"name":"(anonymous_6)","decl":{"start":{"line":111,"column":21},"end":{"line":111,"column":null}},"loc":{"start":{"line":112,"column":10},"end":{"line":112,"column":30}}},"6":{"name":"(anonymous_7)","decl":{"start":{"line":127,"column":20},"end":{"line":127,"column":null}},"loc":{"start":{"line":128,"column":10},"end":{"line":128,"column":30}}},"7":{"name":"(anonymous_8)","decl":{"start":{"line":143,"column":24},"end":{"line":143,"column":null}},"loc":{"start":{"line":144,"column":10},"end":{"line":144,"column":30}}},"8":{"name":"(anonymous_9)","decl":{"start":{"line":159,"column":26},"end":{"line":159,"column":null}},"loc":{"start":{"line":160,"column":12},"end":{"line":161,"column":null}}}},"branchMap":{"0":{"loc":{"start":{"line":80,"column":18},"end":{"line":80,"column":null}},"type":"cond-expr","locations":[{"start":{"line":80,"column":59},"end":{"line":80,"column":73}},{"start":{"line":80,"column":73},"end":{"line":80,"column":null}}]}},"s":{"0":0,"1":0,"2":0,"3":0,"4":0,"5":0,"6":0,"7":0,"8":0,"9":0,"10":0,"11":0,"12":0,"13":0,"14":0,"15":0,"16":0,"17":0,"18":0,"19":0},"f":{"0":0,"1":0,"2":0,"3":0,"4":0,"5":0,"6":0,"7":0,"8":0},"b":{"0":[0,0]}}
,"C:\\Users\\t3rip\\OneDrive\\Documents\\ea-fc-pro-clubs-app\\app\\competitions\\[id]\\page.tsx": {"path":"C:\\Users\\t3rip\\OneDrive\\Documents\\ea-fc-pro-clubs-app\\app\\competitions\\[id]\\page.tsx","statementMap":{"0":{"start":{"line":61,"column":24},"end":{"line":61,"column":null}},"1":{"start":{"line":3,"column":25},"end":{"line":3,"column":null}},"2":{"start":{"line":4,"column":26},"end":{"line":4,"column":null}},"3":{"start":{"line":5,"column":57},"end":{"line":5,"column":null}},"4":{"start":{"line":6,"column":57},"end":{"line":6,"column":null}},"5":{"start":{"line":7,"column":22},"end":{"line":7,"column":null}},"6":{"start":{"line":8,"column":23},"end":{"line":8,"column":null}},"7":{"start":{"line":9,"column":78},"end":{"line":9,"column":null}},"8":{"start":{"line":20,"column":7},"end":{"line":20,"column":null}},"9":{"start":{"line":21,"column":32},"end":{"line":21,"column":null}},"10":{"start":{"line":24,"column":22},"end":{"line":28,"column":null}},"11":{"start":{"line":30,"column":21},"end":{"line":47,"column":null}},"12":{"start":{"line":49,"column":18},"end":{"line":53,"column":null}},"13":{"start":{"line":55,"column":24},"end":{"line":59,"column":null}},"14":{"start":{"line":62,"column":17},"end":{"line":62,"column":null}},"15":{"start":{"line":63,"column":43},"end":{"line":63,"column":null}},"16":{"start":{"line":64,"column":36},"end":{"line":64,"column":null}},"17":{"start":{"line":66,"column":22},"end":{"line":66,"column":null}},"18":{"start":{"line":66,"column":47},"end":{"line":66,"column":65}},"19":{"start":{"line":72,"column":25},"end":{"line":83,"column":null}},"20":{"start":{"line":73,"column":4},"end":{"line":82,"column":null}},"21":{"start":{"line":75,"column":8},"end":{"line":75,"column":null}},"22":{"start":{"line":77,"column":8},"end":{"line":77,"column":null}},"23":{"start":{"line":79,"column":8},"end":{"line":79,"column":null}},"24":{"start":{"line":81,"column":8},"end":{"line":81,"column":null}},"25":{"start":{"line":85,"column":21},"end":{"line":93,"column":null}},"26":{"start":{"line":86,"column":4},"end":{"line":92,"column":null}},"27":{"start":{"line":201,"column":39},"end":{"line":201,"column":null}},"28":{"start":{"line":203,"column":20},"end":{"line":203,"column":42}},"29":{"start":{"line":243,"column":20},"end":{"line":243,"column":52}},"30":{"start":{"line":280,"column":20},"end":{"line":280,"column":54}},"31":{"start":{"line":306,"column":18},"end":{"line":306,"column":40}},"32":{"start":{"line":356,"column":20},"end":{"line":356,"column":44}}},"fnMap":{"0":{"name":"CompetitionDetailsPage","decl":{"start":{"line":61,"column":24},"end":{"line":61,"column":null}},"loc":{"start":{"line":61,"column":24},"end":{"line":408,"column":null}}},"1":{"name":"(anonymous_2)","decl":{"start":{"line":66,"column":40},"end":{"line":66,"column":41}},"loc":{"start":{"line":66,"column":47},"end":{"line":66,"column":65}}},"2":{"name":"(anonymous_3)","decl":{"start":{"line":72,"column":25},"end":{"line":72,"column":26}},"loc":{"start":{"line":72,"column":26},"end":{"line":83,"column":null}}},"3":{"name":"(anonymous_4)","decl":{"start":{"line":85,"column":21},"end":{"line":85,"column":22}},"loc":{"start":{"line":85,"column":22},"end":{"line":93,"column":null}}},"4":{"name":"(anonymous_5)","decl":{"start":{"line":201,"column":26},"end":{"line":201,"column":27}},"loc":{"start":{"line":201,"column":39},"end":{"line":201,"column":null}}},"5":{"name":"(anonymous_6)","decl":{"start":{"line":202,"column":23},"end":{"line":202,"column":24}},"loc":{"start":{"line":203,"column":20},"end":{"line":203,"column":42}}},"6":{"name":"(anonymous_7)","decl":{"start":{"line":242,"column":39},"end":{"line":242,"column":40}},"loc":{"start":{"line":243,"column":20},"end":{"line":243,"column":52}}},"7":{"name":"(anonymous_8)","decl":{"start":{"line":279,"column":37},"end":{"line":279,"column":38}},"loc":{"start":{"line":280,"column":20},"end":{"line":280,"column":54}}},"8":{"name":"(anonymous_9)","decl":{"start":{"line":305,"column":34},"end":{"line":305,"column":35}},"loc":{"start":{"line":306,"column":18},"end":{"line":306,"column":40}}},"9":{"name":"(anonymous_10)","decl":{"start":{"line":355,"column":33},"end":{"line":355,"column":34}},"loc":{"start":{"line":356,"column":20},"end":{"line":356,"column":44}}}},"branchMap":{"0":{"loc":{"start":{"line":73,"column":4},"end":{"line":82,"column":null}},"type":"switch","locations":[{"start":{"line":74,"column":6},"end":{"line":75,"column":null}},{"start":{"line":76,"column":6},"end":{"line":77,"column":null}},{"start":{"line":78,"column":6},"end":{"line":79,"column":null}},{"start":{"line":80,"column":6},"end":{"line":81,"column":null}}]},"1":{"loc":{"start":{"line":105,"column":15},"end":{"line":105,"column":45}},"type":"binary-expr","locations":[{"start":{"line":105,"column":15},"end":{"line":105,"column":45}}]},"2":{"loc":{"start":{"line":114,"column":13},"end":{"line":114,"column":36}},"type":"binary-expr","locations":[{"start":{"line":114,"column":13},"end":{"line":114,"column":36}}]},"3":{"loc":{"start":{"line":212,"column":23},"end":{"line":212,"column":41}},"type":"binary-expr","locations":[{"start":{"line":212,"column":23},"end":{"line":212,"column":41}}]},"4":{"loc":{"start":{"line":312,"column":28},"end":{"line":314,"column":null}},"type":"cond-expr","locations":[{"start":{"line":313,"column":32},"end":{"line":313,"column":null}},{"start":{"line":314,"column":32},"end":{"line":314,"column":null}}]},"5":{"loc":{"start":{"line":317,"column":27},"end":{"line":317,"column":null}},"type":"cond-expr","locations":[{"start":{"line":317,"column":55},"end":{"line":317,"column":64}},{"start":{"line":317,"column":64},"end":{"line":317,"column":null}}]},"6":{"loc":{"start":{"line":324,"column":21},"end":{"line":324,"column":39}},"type":"binary-expr","locations":[{"start":{"line":324,"column":21},"end":{"line":324,"column":39}}]}},"s":{"0":0,"1":0,"2":0,"3":0,"4":0,"5":0,"6":0,"7":0,"8":0,"9":0,"10":0,"11":0,"12":0,"13":0,"14":0,"15":0,"16":0,"17":0,"18":0,"19":0,"20":0,"21":0,"22":0,"23":0,"24":0,"25":0,"26":0,"27":0,"28":0,"29":0,"30":0,"31":0,"32":0},"f":{"0":0,"1":0,"2":0,"3":0,"4":0,"5":0,"6":0,"7":0,"8":0,"9":0},"b":{"0":[0,0,0,0],"1":[0],"2":[0],"3":[0],"4":[0,0],"5":[0,0],"6":[0]}}
,"C:\\Users\\t3rip\\OneDrive\\Documents\\ea-fc-pro-clubs-app\\app\\dashboard\\page.tsx": {"path":"C:\\Users\\t3rip\\OneDrive\\Documents\\ea-fc-pro-clubs-app\\app\\dashboard\\page.tsx","statementMap":{"0":{"start":{"line":9,"column":24},"end":{"line":9,"column":null}},"1":{"start":{"line":3,"column":26},"end":{"line":3,"column":null}},"2":{"start":{"line":4,"column":30},"end":{"line":4,"column":null}},"3":{"start":{"line":5,"column":24},"end":{"line":5,"column":null}},"4":{"start":{"line":6,"column":37},"end":{"line":6,"column":null}},"5":{"start":{"line":7,"column":28},"end":{"line":7,"column":null}},"6":{"start":{"line":10,"column":17},"end":{"line":10,"column":null}},"7":{"start":{"line":11,"column":17},"end":{"line":11,"column":30}},"8":{"start":{"line":12,"column":77},"end":{"line":12,"column":null}},"9":{"start":{"line":14,"column":2},"end":{"line":20,"column":null}},"10":{"start":{"line":22,"column":2},"end":{"line":31,"column":null}},"11":{"start":{"line":33,"column":2},"end":{"line":42,"column":null}}},"fnMap":{"0":{"name":"DashboardPage","decl":{"start":{"line":9,"column":24},"end":{"line":9,"column":null}},"loc":{"start":{"line":9,"column":24},"end":{"line":63,"column":null}}},"1":{"name":"(anonymous_2)","decl":{"start":{"line":51,"column":23},"end":{"line":51,"column":null}},"loc":{"start":{"line":51,"column":23},"end":{"line":53,"column":null}}},"2":{"name":"(anonymous_3)","decl":{"start":{"line":54,"column":23},"end":{"line":54,"column":24}},"loc":{"start":{"line":54,"column":24},"end":{"line":56,"column":null}}},"3":{"name":"(anonymous_4)","decl":{"start":{"line":57,"column":24},"end":{"line":57,"column":25}},"loc":{"start":{"line":57,"column":25},"end":{"line":59,"column":null}}}},"branchMap":{"0":{"loc":{"start":{"line":14,"column":2},"end":{"line":20,"column":null}},"type":"if","locations":[{"start":{"line":14,"column":2},"end":{"line":20,"column":null}}]},"1":{"loc":{"start":{"line":22,"column":2},"end":{"line":31,"column":null}},"type":"if","locations":[{"start":{"line":22,"column":2},"end":{"line":31,"column":null}}]},"2":{"loc":{"start":{"line":33,"column":2},"end":{"line":42,"column":null}},"type":"if","locations":[{"start":{"line":33,"column":2},"end":{"line":42,"column":null}}]},"3":{"loc":{"start":{"line":33,"column":6},"end":{"line":33,"column":33}},"type":"binary-expr","locations":[{"start":{"line":33,"column":6},"end":{"line":33,"column":15}},{"start":{"line":33,"column":15},"end":{"line":33,"column":33}}]}},"s":{"0":0,"1":0,"2":0,"3":0,"4":0,"5":0,"6":0,"7":0,"8":0,"9":0,"10":0,"11":0},"f":{"0":0,"1":0,"2":0,"3":0},"b":{"0":[0],"1":[0],"2":[0],"3":[0,0]}}
,"C:\\Users\\t3rip\\OneDrive\\Documents\\ea-fc-pro-clubs-app\\app\\fantasy\\page.tsx": {"path":"C:\\Users\\t3rip\\OneDrive\\Documents\\ea-fc-pro-clubs-app\\app\\fantasy\\page.tsx","statementMap":{"0":{"start":{"line":82,"column":24},"end":{"line":82,"column":null}},"1":{"start":{"line":3,"column":36},"end":{"line":3,"column":null}},"2":{"start":{"line":4,"column":28},"end":{"line":4,"column":null}},"3":{"start":{"line":5,"column":29},"end":{"line":5,"column":null}},"4":{"start":{"line":7,"column":57},"end":{"line":7,"column":null}},"5":{"start":{"line":8,"column":23},"end":{"line":8,"column":null}},"6":{"start":{"line":9,"column":22},"end":{"line":9,"column":null}},"7":{"start":{"line":10,"column":22},"end":{"line":10,"column":null}},"8":{"start":{"line":12,"column":78},"end":{"line":12,"column":null}},"9":{"start":{"line":13,"column":30},"end":{"line":13,"column":null}},"10":{"start":{"line":14,"column":32},"end":{"line":14,"column":null}},"11":{"start":{"line":32,"column":7},"end":{"line":32,"column":null}},"12":{"start":{"line":33,"column":38},"end":{"line":33,"column":null}},"13":{"start":{"line":35,"column":20},"end":{"line":59,"column":null}},"14":{"start":{"line":61,"column":17},"end":{"line":80,"column":null}},"15":{"start":{"line":83,"column":36},"end":{"line":83,"column":null}},"16":{"start":{"line":84,"column":40},"end":{"line":84,"column":null}},"17":{"start":{"line":85,"column":50},"end":{"line":85,"column":null}},"18":{"start":{"line":86,"column":42},"end":{"line":86,"column":null}},"19":{"start":{"line":87,"column":38},"end":{"line":87,"column":null}},"20":{"start":{"line":88,"column":34},"end":{"line":88,"column":null}},"21":{"start":{"line":89,"column":48},"end":{"line":89,"column":null}},"22":{"start":{"line":90,"column":54},"end":{"line":90,"column":null}},"23":{"start":{"line":92,"column":2},"end":{"line":103,"column":null}},"24":{"start":{"line":94,"column":21},"end":{"line":94,"column":null}},"25":{"start":{"line":95,"column":16},"end":{"line":95,"column":null}},"26":{"start":{"line":96,"column":17},"end":{"line":96,"column":null}},"27":{"start":{"line":98,"column":17},"end":{"line":98,"column":null}},"28":{"start":{"line":99,"column":18},"end":{"line":99,"column":null}},"29":{"start":{"line":100,"column":20},"end":{"line":100,"column":null}},"30":{"start":{"line":102,"column":4},"end":{"line":102,"column":null}},"31":{"start":{"line":105,"column":27},"end":{"line":121,"column":null}},"32":{"start":{"line":106,"column":4},"end":{"line":120,"column":null}},"33":{"start":{"line":107,"column":25},"end":{"line":107,"column":null}},"34":{"start":{"line":108,"column":34},"end":{"line":108,"column":null}},"35":{"start":{"line":108,"column":62},"end":{"line":108,"column":null}},"36":{"start":{"line":110,"column":6},"end":{"line":119,"column":null}},"37":{"start":{"line":112,"column":31},"end":{"line":112,"column":62}},"38":{"start":{"line":113,"column":8},"end":{"line":113,"column":null}},"39":{"start":{"line":115,"column":8},"end":{"line":115,"column":null}},"40":{"start":{"line":118,"column":8},"end":{"line":118,"column":null}},"41":{"start":{"line":123,"column":29},"end":{"line":136,"column":null}},"42":{"start":{"line":124,"column":4},"end":{"line":135,"column":null}},"43":{"start":{"line":125,"column":25},"end":{"line":133,"column":null}},"44":{"start":{"line":126,"column":8},"end":{"line":128,"column":null}},"45":{"start":{"line":127,"column":10},"end":{"line":127,"column":null}},"46":{"start":{"line":129,"column":8},"end":{"line":131,"column":null}},"47":{"start":{"line":130,"column":10},"end":{"line":130,"column":null}},"48":{"start":{"line":132,"column":8},"end":{"line":132,"column":null}},"49":{"start":{"line":134,"column":6},"end":{"line":134,"column":null}},"50":{"start":{"line":138,"column":26},"end":{"line":145,"column":null}},"51":{"start":{"line":139,"column":26},"end":{"line":139,"column":null}},"52":{"start":{"line":140,"column":28},"end":{"line":140,"column":null}},"53":{"start":{"line":141,"column":24},"end":{"line":141,"column":null}},"54":{"start":{"line":142,"column":25},"end":{"line":142,"column":87}},"55":{"start":{"line":144,"column":4},"end":{"line":144,"column":null}},"56":{"start":{"line":260,"column":53},"end":{"line":260,"column":64}},"57":{"start":{"line":269,"column":53},"end":{"line":269,"column":68}},"58":{"start":{"line":304,"column":39},"end":{"line":304,"column":null}},"59":{"start":{"line":340,"column":22},"end":{"line":340,"column":55}},"60":{"start":{"line":354,"column":22},"end":{"line":354,"column":43}}},"fnMap":{"0":{"name":"FantasyPage","decl":{"start":{"line":82,"column":24},"end":{"line":82,"column":null}},"loc":{"start":{"line":82,"column":24},"end":{"line":368,"column":null}}},"1":{"name":"(anonymous_2)","decl":{"start":{"line":92,"column":12},"end":{"line":92,"column":null}},"loc":{"start":{"line":92,"column":12},"end":{"line":103,"column":5}}},"2":{"name":"(anonymous_3)","decl":{"start":{"line":105,"column":27},"end":{"line":105,"column":28}},"loc":{"start":{"line":105,"column":44},"end":{"line":121,"column":null}}},"3":{"name":"(anonymous_4)","decl":{"start":{"line":106,"column":23},"end":{"line":106,"column":24}},"loc":{"start":{"line":106,"column":24},"end":{"line":120,"column":null}}},"4":{"name":"(anonymous_5)","decl":{"start":{"line":108,"column":55},"end":{"line":108,"column":56}},"loc":{"start":{"line":108,"column":62},"end":{"line":108,"column":null}}},"5":{"name":"(anonymous_6)","decl":{"start":{"line":123,"column":29},"end":{"line":123,"column":30}},"loc":{"start":{"line":123,"column":49},"end":{"line":136,"column":null}}},"6":{"name":"(anonymous_7)","decl":{"start":{"line":124,"column":23},"end":{"line":124,"column":24}},"loc":{"start":{"line":124,"column":24},"end":{"line":135,"column":null}}},"7":{"name":"(anonymous_8)","decl":{"start":{"line":125,"column":34},"end":{"line":125,"column":35}},"loc":{"start":{"line":125,"column":35},"end":{"line":133,"column":null}}},"8":{"name":"(anonymous_9)","decl":{"start":{"line":138,"column":45},"end":{"line":138,"column":46}},"loc":{"start":{"line":138,"column":46},"end":{"line":145,"column":null}}},"9":{"name":"(anonymous_10)","decl":{"start":{"line":260,"column":48},"end":{"line":260,"column":53}},"loc":{"start":{"line":260,"column":53},"end":{"line":260,"column":64}}},"10":{"name":"(anonymous_11)","decl":{"start":{"line":269,"column":48},"end":{"line":269,"column":53}},"loc":{"start":{"line":269,"column":53},"end":{"line":269,"column":68}}},"11":{"name":"(anonymous_12)","decl":{"start":{"line":304,"column":32},"end":{"line":304,"column":33}},"loc":{"start":{"line":304,"column":39},"end":{"line":304,"column":null}}},"12":{"name":"(anonymous_13)","decl":{"start":{"line":339,"column":41},"end":{"line":339,"column":42}},"loc":{"start":{"line":340,"column":22},"end":{"line":340,"column":55}}},"13":{"name":"(anonymous_14)","decl":{"start":{"line":353,"column":37},"end":{"line":353,"column":38}},"loc":{"start":{"line":354,"column":22},"end":{"line":354,"column":43}}}},"branchMap":{"0":{"loc":{"start":{"line":110,"column":6},"end":{"line":119,"column":null}},"type":"if","locations":[{"start":{"line":110,"column":6},"end":{"line":119,"column":null}},{"start":{"line":116,"column":13},"end":{"line":119,"column":null}}]},"1":{"loc":{"start":{"line":126,"column":8},"end":{"line":128,"column":null}},"type":"if","locations":[{"start":{"line":126,"column":8},"end":{"line":128,"column":null}}]},"2":{"loc":{"start":{"line":129,"column":8},"end":{"line":131,"column":null}},"type":"if","locations":[{"start":{"line":129,"column":8},"end":{"line":131,"column":null}}]},"3":{"loc":{"start":{"line":140,"column":28},"end":{"line":140,"column":null}},"type":"binary-expr","locations":[{"start":{"line":140,"column":28},"end":{"line":140,"column":58}},{"start":{"line":140,"column":58},"end":{"line":140,"column":null}}]},"4":{"loc":{"start":{"line":141,"column":24},"end":{"line":141,"column":null}},"type":"binary-expr","locations":[{"start":{"line":141,"column":24},"end":{"line":141,"column":50}},{"start":{"line":141,"column":50},"end":{"line":141,"column":null}}]},"5":{"loc":{"start":{"line":142,"column":25},"end":{"line":142,"column":87}},"type":"binary-expr","locations":[{"start":{"line":142,"column":25},"end":{"line":142,"column":54}},{"start":{"line":142,"column":58},"end":{"line":142,"column":87}}]},"6":{"loc":{"start":{"line":144,"column":11},"end":{"line":144,"column":null}},"type":"binary-expr","locations":[{"start":{"line":144,"column":11},"end":{"line":144,"column":28}},{"start":{"line":144,"column":28},"end":{"line":144,"column":47}},{"start":{"line":144,"column":47},"end":{"line":144,"column":62}},{"start":{"line":144,"column":62},"end":{"line":144,"column":null}}]},"7":{"loc":{"start":{"line":260,"column":27},"end":{"line":260,"column":null}},"type":"binary-expr","locations":[{"start":{"line":260,"column":27},"end":{"line":260,"column":75}},{"start":{"line":260,"column":75},"end":{"line":260,"column":null}}]},"8":{"loc":{"start":{"line":269,"column":27},"end":{"line":269,"column":null}},"type":"binary-expr","locations":[{"start":{"line":269,"column":27},"end":{"line":269,"column":79}},{"start":{"line":269,"column":79},"end":{"line":269,"column":null}}]}},"s":{"0":0,"1":0,"2":0,"3":0,"4":0,"5":0,"6":0,"7":0,"8":0,"9":0,"10":0,"11":0,"12":0,"13":0,"14":0,"15":0,"16":0,"17":0,"18":0,"19":0,"20":0,"21":0,"22":0,"23":0,"24":0,"25":0,"26":0,"27":0,"28":0,"29":0,"30":0,"31":0,"32":0,"33":0,"34":0,"35":0,"36":0,"37":0,"38":0,"39":0,"40":0,"41":0,"42":0,"43":0,"44":0,"45":0,"46":0,"47":0,"48":0,"49":0,"50":0,"51":0,"52":0,"53":0,"54":0,"55":0,"56":0,"57":0,"58":0,"59":0,"60":0},"f":{"0":0,"1":0,"2":0,"3":0,"4":0,"5":0,"6":0,"7":0,"8":0,"9":0,"10":0,"11":0,"12":0,"13":0},"b":{"0":[0,0],"1":[0],"2":[0],"3":[0,0],"4":[0,0],"5":[0,0],"6":[0,0,0,0],"7":[0,0],"8":[0,0]}}
,"C:\\Users\\t3rip\\OneDrive\\Documents\\ea-fc-pro-clubs-app\\app\\fantasy\\dashboard\\page.tsx": {"path":"C:\\Users\\t3rip\\OneDrive\\Documents\\ea-fc-pro-clubs-app\\app\\fantasy\\dashboard\\page.tsx","statementMap":{"0":{"start":{"line":137,"column":24},"end":{"line":137,"column":null}},"1":{"start":{"line":3,"column":34},"end":{"line":3,"column":null}},"2":{"start":{"line":4,"column":57},"end":{"line":4,"column":null}},"3":{"start":{"line":5,"column":57},"end":{"line":5,"column":null}},"4":{"start":{"line":6,"column":78},"end":{"line":6,"column":null}},"5":{"start":{"line":7,"column":23},"end":{"line":7,"column":null}},"6":{"start":{"line":9,"column":22},"end":{"line":9,"column":null}},"7":{"start":{"line":10,"column":33},"end":{"line":10,"column":null}},"8":{"start":{"line":11,"column":26},"end":{"line":11,"column":null}},"9":{"start":{"line":30,"column":7},"end":{"line":30,"column":null}},"10":{"start":{"line":33,"column":22},"end":{"line":33,"column":null}},"11":{"start":{"line":33,"column":59},"end":{"line":33,"column":null}},"12":{"start":{"line":34,"column":28},"end":{"line":34,"column":null}},"13":{"start":{"line":36,"column":22},"end":{"line":44,"column":null}},"14":{"start":{"line":46,"column":30},"end":{"line":60,"column":null}},"15":{"start":{"line":62,"column":32},"end":{"line":84,"column":null}},"16":{"start":{"line":86,"column":24},"end":{"line":96,"column":null}},"17":{"start":{"line":98,"column":24},"end":{"line":109,"column":null}},"18":{"start":{"line":111,"column":29},"end":{"line":120,"column":null}},"19":{"start":{"line":122,"column":28},"end":{"line":135,"column":null}},"20":{"start":{"line":138,"column":50},"end":{"line":138,"column":null}},"21":{"start":{"line":139,"column":40},"end":{"line":139,"column":null}},"22":{"start":{"line":140,"column":46},"end":{"line":140,"column":null}},"23":{"start":{"line":141,"column":38},"end":{"line":141,"column":null}},"24":{"start":{"line":142,"column":30},"end":{"line":142,"column":null}},"25":{"start":{"line":143,"column":36},"end":{"line":143,"column":null}},"26":{"start":{"line":146,"column":26},"end":{"line":168,"column":null}},"27":{"start":{"line":147,"column":4},"end":{"line":167,"column":null}},"28":{"start":{"line":149,"column":30},"end":{"line":149,"column":null}},"29":{"start":{"line":150,"column":32},"end":{"line":150,"column":null}},"30":{"start":{"line":151,"column":28},"end":{"line":151,"column":null}},"31":{"start":{"line":152,"column":8},"end":{"line":152,"column":null}},"32":{"start":{"line":155,"column":8},"end":{"line":166,"column":null}},"33":{"start":{"line":157,"column":12},"end":{"line":157,"column":null}},"34":{"start":{"line":159,"column":12},"end":{"line":159,"column":null}},"35":{"start":{"line":161,"column":12},"end":{"line":161,"column":null}},"36":{"start":{"line":163,"column":12},"end":{"line":163,"column":null}},"37":{"start":{"line":165,"column":12},"end":{"line":165,"column":null}},"38":{"start":{"line":171,"column":26},"end":{"line":177,"column":null}},"39":{"start":{"line":172,"column":4},"end":{"line":176,"column":null}},"40":{"start":{"line":172,"column":63},"end":{"line":176,"column":null}},"41":{"start":{"line":189,"column":82},"end":{"line":189,"column":null}},"42":{"start":{"line":195,"column":18},"end":{"line":195,"column":39}},"43":{"start":{"line":310,"column":20},"end":{"line":310,"column":41}},"44":{"start":{"line":354,"column":20},"end":{"line":354,"column":37}},"45":{"start":{"line":389,"column":20},"end":{"line":389,"column":37}},"46":{"start":{"line":428,"column":20},"end":{"line":428,"column":40}},"47":{"start":{"line":462,"column":20},"end":{"line":462,"column":41}},"48":{"start":{"line":491,"column":20},"end":{"line":491,"column":37}},"49":{"start":{"line":498,"column":26},"end":{"line":498,"column":44}}},"fnMap":{"0":{"name":"(anonymous_1)","decl":{"start":{"line":33,"column":49},"end":{"line":33,"column":50}},"loc":{"start":{"line":33,"column":59},"end":{"line":33,"column":null}}},"1":{"name":"FantasyDashboard","decl":{"start":{"line":137,"column":24},"end":{"line":137,"column":null}},"loc":{"start":{"line":137,"column":24},"end":{"line":516,"column":null}}},"2":{"name":"(anonymous_3)","decl":{"start":{"line":146,"column":34},"end":{"line":146,"column":null}},"loc":{"start":{"line":146,"column":34},"end":{"line":168,"column":5}}},"3":{"name":"(anonymous_4)","decl":{"start":{"line":148,"column":14},"end":{"line":148,"column":15}},"loc":{"start":{"line":148,"column":15},"end":{"line":153,"column":null}}},"4":{"name":"(anonymous_5)","decl":{"start":{"line":154,"column":12},"end":{"line":154,"column":13}},"loc":{"start":{"line":154,"column":16},"end":{"line":167,"column":null}}},"5":{"name":"(anonymous_6)","decl":{"start":{"line":171,"column":34},"end":{"line":171,"column":null}},"loc":{"start":{"line":171,"column":34},"end":{"line":177,"column":5}}},"6":{"name":"(anonymous_7)","decl":{"start":{"line":172,"column":52},"end":{"line":172,"column":53}},"loc":{"start":{"line":172,"column":63},"end":{"line":176,"column":null}}},"7":{"name":"(anonymous_8)","decl":{"start":{"line":189,"column":71},"end":{"line":189,"column":72}},"loc":{"start":{"line":189,"column":82},"end":{"line":189,"column":null}}},"8":{"name":"(anonymous_9)","decl":{"start":{"line":194,"column":35},"end":{"line":194,"column":36}},"loc":{"start":{"line":195,"column":18},"end":{"line":195,"column":39}}},"9":{"name":"(anonymous_10)","decl":{"start":{"line":309,"column":39},"end":{"line":309,"column":40}},"loc":{"start":{"line":310,"column":20},"end":{"line":310,"column":41}}},"10":{"name":"(anonymous_11)","decl":{"start":{"line":353,"column":47},"end":{"line":353,"column":48}},"loc":{"start":{"line":354,"column":20},"end":{"line":354,"column":37}}},"11":{"name":"(anonymous_12)","decl":{"start":{"line":388,"column":44},"end":{"line":388,"column":45}},"loc":{"start":{"line":389,"column":20},"end":{"line":389,"column":37}}},"12":{"name":"(anonymous_13)","decl":{"start":{"line":427,"column":39},"end":{"line":427,"column":40}},"loc":{"start":{"line":428,"column":20},"end":{"line":428,"column":40}}},"13":{"name":"(anonymous_14)","decl":{"start":{"line":461,"column":39},"end":{"line":461,"column":40}},"loc":{"start":{"line":462,"column":20},"end":{"line":462,"column":41}}},"14":{"name":"(anonymous_15)","decl":{"start":{"line":490,"column":43},"end":{"line":490,"column":44}},"loc":{"start":{"line":491,"column":20},"end":{"line":491,"column":37}}},"15":{"name":"(anonymous_16)","decl":{"start":{"line":497,"column":44},"end":{"line":497,"column":45}},"loc":{"start":{"line":498,"column":26},"end":{"line":498,"column":44}}}},"branchMap":{"0":{"loc":{"start":{"line":150,"column":32},"end":{"line":150,"column":null}},"type":"binary-expr","locations":[{"start":{"line":150,"column":32},"end":{"line":150,"column":60}},{"start":{"line":150,"column":60},"end":{"line":150,"column":null}}]},"1":{"loc":{"start":{"line":151,"column":28},"end":{"line":151,"column":null}},"type":"binary-expr","locations":[{"start":{"line":151,"column":28},"end":{"line":151,"column":52}},{"start":{"line":151,"column":52},"end":{"line":151,"column":null}}]},"2":{"loc":{"start":{"line":152,"column":15},"end":{"line":152,"column":null}},"type":"binary-expr","locations":[{"start":{"line":152,"column":15},"end":{"line":152,"column":32}},{"start":{"line":152,"column":32},"end":{"line":152,"column":51}},{"start":{"line":152,"column":51},"end":{"line":152,"column":null}}]},"3":{"loc":{"start":{"line":155,"column":8},"end":{"line":166,"column":null}},"type":"switch","locations":[{"start":{"line":156,"column":10},"end":{"line":157,"column":null}},{"start":{"line":158,"column":10},"end":{"line":159,"column":null}},{"start":{"line":160,"column":10},"end":{"line":161,"column":null}},{"start":{"line":162,"column":10},"end":{"line":163,"column":null}},{"start":{"line":164,"column":10},"end":{"line":165,"column":null}}]},"4":{"loc":{"start":{"line":333,"column":25},"end":{"line":333,"column":41}},"type":"binary-expr","locations":[{"start":{"line":333,"column":25},"end":{"line":333,"column":41}}]},"5":{"loc":{"start":{"line":442,"column":28},"end":{"line":444,"column":29}},"type":"cond-expr","locations":[{"start":{"line":442,"column":28},"end":{"line":444,"column":29}}]}},"s":{"0":0,"1":0,"2":0,"3":0,"4":0,"5":0,"6":0,"7":0,"8":0,"9":0,"10":0,"11":0,"12":0,"13":0,"14":0,"15":0,"16":0,"17":0,"18":0,"19":0,"20":0,"21":0,"22":0,"23":0,"24":0,"25":0,"26":0,"27":0,"28":0,"29":0,"30":0,"31":0,"32":0,"33":0,"34":0,"35":0,"36":0,"37":0,"38":0,"39":0,"40":0,"41":0,"42":0,"43":0,"44":0,"45":0,"46":0,"47":0,"48":0,"49":0},"f":{"0":0,"1":0,"2":0,"3":0,"4":0,"5":0,"6":0,"7":0,"8":0,"9":0,"10":0,"11":0,"12":0,"13":0,"14":0,"15":0},"b":{"0":[0,0],"1":[0,0],"2":[0,0,0],"3":[0,0,0,0,0],"4":[0],"5":[0]}}
,"C:\\Users\\t3rip\\OneDrive\\Documents\\ea-fc-pro-clubs-app\\app\\help\\contact\\page.tsx": {"path":"C:\\Users\\t3rip\\OneDrive\\Documents\\ea-fc-pro-clubs-app\\app\\help\\contact\\page.tsx","statementMap":{"0":{"start":{"line":14,"column":24},"end":{"line":14,"column":null}},"1":{"start":{"line":4,"column":13},"end":{"line":4,"column":21}},"2":{"start":{"line":2,"column":30},"end":{"line":2,"column":null}},"3":{"start":{"line":4,"column":34},"end":{"line":12,"column":null}}},"fnMap":{"0":{"name":"ContactSupportPage","decl":{"start":{"line":14,"column":24},"end":{"line":14,"column":null}},"loc":{"start":{"line":14,"column":24},"end":{"line":43,"column":1}}}},"branchMap":{},"s":{"0":0,"1":0,"2":0,"3":0},"f":{"0":0},"b":{}}
,"C:\\Users\\t3rip\\OneDrive\\Documents\\ea-fc-pro-clubs-app\\app\\help\\faq\\page.tsx": {"path":"C:\\Users\\t3rip\\OneDrive\\Documents\\ea-fc-pro-clubs-app\\app\\help\\faq\\page.tsx","statementMap":{"0":{"start":{"line":14,"column":24},"end":{"line":14,"column":null}},"1":{"start":{"line":4,"column":13},"end":{"line":4,"column":21}},"2":{"start":{"line":2,"column":30},"end":{"line":2,"column":null}},"3":{"start":{"line":4,"column":34},"end":{"line":12,"column":null}}},"fnMap":{"0":{"name":"FAQPage","decl":{"start":{"line":14,"column":24},"end":{"line":14,"column":null}},"loc":{"start":{"line":14,"column":24},"end":{"line":46,"column":1}}}},"branchMap":{},"s":{"0":0,"1":0,"2":0,"3":0},"f":{"0":0},"b":{}}
,"C:\\Users\\t3rip\\OneDrive\\Documents\\ea-fc-pro-clubs-app\\app\\help\\rules\\page.tsx": {"path":"C:\\Users\\t3rip\\OneDrive\\Documents\\ea-fc-pro-clubs-app\\app\\help\\rules\\page.tsx","statementMap":{"0":{"start":{"line":14,"column":24},"end":{"line":14,"column":null}},"1":{"start":{"line":4,"column":13},"end":{"line":4,"column":21}},"2":{"start":{"line":2,"column":30},"end":{"line":2,"column":null}},"3":{"start":{"line":4,"column":34},"end":{"line":12,"column":null}}},"fnMap":{"0":{"name":"RulesPage","decl":{"start":{"line":14,"column":24},"end":{"line":14,"column":null}},"loc":{"start":{"line":14,"column":24},"end":{"line":46,"column":1}}}},"branchMap":{},"s":{"0":0,"1":0,"2":0,"3":0},"f":{"0":0},"b":{}}
,"C:\\Users\\t3rip\\OneDrive\\Documents\\ea-fc-pro-clubs-app\\app\\leaderboards\\page.tsx": {"path":"C:\\Users\\t3rip\\OneDrive\\Documents\\ea-fc-pro-clubs-app\\app\\leaderboards\\page.tsx","statementMap":{"0":{"start":{"line":14,"column":24},"end":{"line":14,"column":null}},"1":{"start":{"line":4,"column":13},"end":{"line":4,"column":21}},"2":{"start":{"line":2,"column":30},"end":{"line":2,"column":null}},"3":{"start":{"line":4,"column":34},"end":{"line":12,"column":null}},"4":{"start":{"line":38,"column":22},"end":{"line":38,"column":38}},"5":{"start":{"line":65,"column":22},"end":{"line":65,"column":38}}},"fnMap":{"0":{"name":"LeaderboardsPage","decl":{"start":{"line":14,"column":24},"end":{"line":14,"column":null}},"loc":{"start":{"line":14,"column":24},"end":{"line":80,"column":1}}},"1":{"name":"(anonymous_4)","decl":{"start":{"line":37,"column":26},"end":{"line":37,"column":27}},"loc":{"start":{"line":38,"column":22},"end":{"line":38,"column":38}}},"2":{"name":"(anonymous_5)","decl":{"start":{"line":64,"column":26},"end":{"line":64,"column":27}},"loc":{"start":{"line":65,"column":22},"end":{"line":65,"column":38}}}},"branchMap":{},"s":{"0":0,"1":0,"2":0,"3":0,"4":0,"5":0},"f":{"0":0,"1":0,"2":0},"b":{}}
,"C:\\Users\\t3rip\\OneDrive\\Documents\\ea-fc-pro-clubs-app\\app\\leagues\\[id]\\page.tsx": {"path":"C:\\Users\\t3rip\\OneDrive\\Documents\\ea-fc-pro-clubs-app\\app\\leagues\\[id]\\page.tsx","statementMap":{"0":{"start":{"line":14,"column":24},"end":{"line":14,"column":42}},"1":{"start":{"line":4,"column":13},"end":{"line":4,"column":21}},"2":{"start":{"line":2,"column":30},"end":{"line":2,"column":null}},"3":{"start":{"line":4,"column":34},"end":{"line":12,"column":null}},"4":{"start":{"line":54,"column":22},"end":{"line":54,"column":38}}},"fnMap":{"0":{"name":"LeagueDetailsPage","decl":{"start":{"line":14,"column":24},"end":{"line":14,"column":42}},"loc":{"start":{"line":14,"column":80},"end":{"line":74,"column":1}}},"1":{"name":"(anonymous_4)","decl":{"start":{"line":53,"column":26},"end":{"line":53,"column":27}},"loc":{"start":{"line":54,"column":22},"end":{"line":54,"column":38}}}},"branchMap":{},"s":{"0":0,"1":0,"2":0,"3":0,"4":0},"f":{"0":0,"1":0},"b":{}}
,"C:\\Users\\t3rip\\OneDrive\\Documents\\ea-fc-pro-clubs-app\\app\\leagues\\[id]\\fixtures\\page.tsx": {"path":"C:\\Users\\t3rip\\OneDrive\\Documents\\ea-fc-pro-clubs-app\\app\\leagues\\[id]\\fixtures\\page.tsx","statementMap":{"0":{"start":{"line":14,"column":24},"end":{"line":14,"column":43}},"1":{"start":{"line":4,"column":13},"end":{"line":4,"column":21}},"2":{"start":{"line":2,"column":30},"end":{"line":2,"column":null}},"3":{"start":{"line":4,"column":34},"end":{"line":12,"column":null}},"4":{"start":{"line":28,"column":16},"end":{"line":28,"column":33}},"5":{"start":{"line":50,"column":16},"end":{"line":50,"column":33}}},"fnMap":{"0":{"name":"LeagueFixturesPage","decl":{"start":{"line":14,"column":24},"end":{"line":14,"column":43}},"loc":{"start":{"line":14,"column":81},"end":{"line":68,"column":1}}},"1":{"name":"(anonymous_4)","decl":{"start":{"line":27,"column":20},"end":{"line":27,"column":21}},"loc":{"start":{"line":28,"column":16},"end":{"line":28,"column":33}}},"2":{"name":"(anonymous_5)","decl":{"start":{"line":49,"column":20},"end":{"line":49,"column":21}},"loc":{"start":{"line":50,"column":16},"end":{"line":50,"column":33}}}},"branchMap":{},"s":{"0":0,"1":0,"2":0,"3":0,"4":0,"5":0},"f":{"0":0,"1":0,"2":0},"b":{}}
,"C:\\Users\\t3rip\\OneDrive\\Documents\\ea-fc-pro-clubs-app\\app\\leagues\\[id]\\stats\\page.tsx": {"path":"C:\\Users\\t3rip\\OneDrive\\Documents\\ea-fc-pro-clubs-app\\app\\leagues\\[id]\\stats\\page.tsx","statementMap":{"0":{"start":{"line":14,"column":24},"end":{"line":14,"column":40}},"1":{"start":{"line":4,"column":13},"end":{"line":4,"column":21}},"2":{"start":{"line":2,"column":30},"end":{"line":2,"column":null}},"3":{"start":{"line":4,"column":34},"end":{"line":12,"column":null}},"4":{"start":{"line":29,"column":18},"end":{"line":29,"column":35}},"5":{"start":{"line":50,"column":18},"end":{"line":50,"column":35}},"6":{"start":{"line":72,"column":16},"end":{"line":72,"column":33}}},"fnMap":{"0":{"name":"LeagueStatsPage","decl":{"start":{"line":14,"column":24},"end":{"line":14,"column":40}},"loc":{"start":{"line":14,"column":78},"end":{"line":89,"column":1}}},"1":{"name":"(anonymous_4)","decl":{"start":{"line":28,"column":22},"end":{"line":28,"column":23}},"loc":{"start":{"line":29,"column":18},"end":{"line":29,"column":35}}},"2":{"name":"(anonymous_5)","decl":{"start":{"line":49,"column":22},"end":{"line":49,"column":23}},"loc":{"start":{"line":50,"column":18},"end":{"line":50,"column":35}}},"3":{"name":"(anonymous_6)","decl":{"start":{"line":71,"column":20},"end":{"line":71,"column":21}},"loc":{"start":{"line":72,"column":16},"end":{"line":72,"column":33}}}},"branchMap":{},"s":{"0":0,"1":0,"2":0,"3":0,"4":0,"5":0,"6":0},"f":{"0":0,"1":0,"2":0,"3":0},"b":{}}
,"C:\\Users\\t3rip\\OneDrive\\Documents\\ea-fc-pro-clubs-app\\app\\login\\page.tsx": {"path":"C:\\Users\\t3rip\\OneDrive\\Documents\\ea-fc-pro-clubs-app\\app\\login\\page.tsx","statementMap":{"0":{"start":{"line":5,"column":24},"end":{"line":5,"column":null}},"1":{"start":{"line":3,"column":26},"end":{"line":3,"column":null}}},"fnMap":{"0":{"name":"LoginPage","decl":{"start":{"line":5,"column":24},"end":{"line":5,"column":null}},"loc":{"start":{"line":5,"column":24},"end":{"line":11,"column":null}}}},"branchMap":{},"s":{"0":0,"1":0},"f":{"0":0},"b":{}}
,"C:\\Users\\t3rip\\OneDrive\\Documents\\ea-fc-pro-clubs-app\\app\\matches\\[id]\\page.tsx": {"path":"C:\\Users\\t3rip\\OneDrive\\Documents\\ea-fc-pro-clubs-app\\app\\matches\\[id]\\page.tsx","statementMap":{"0":{"start":{"line":14,"column":24},"end":{"line":14,"column":34}},"1":{"start":{"line":4,"column":13},"end":{"line":4,"column":21}},"2":{"start":{"line":2,"column":30},"end":{"line":2,"column":null}},"3":{"start":{"line":4,"column":34},"end":{"line":12,"column":null}},"4":{"start":{"line":131,"column":16},"end":{"line":131,"column":33}}},"fnMap":{"0":{"name":"MatchPage","decl":{"start":{"line":14,"column":24},"end":{"line":14,"column":34}},"loc":{"start":{"line":14,"column":72},"end":{"line":166,"column":1}}},"1":{"name":"(anonymous_4)","decl":{"start":{"line":130,"column":20},"end":{"line":130,"column":21}},"loc":{"start":{"line":131,"column":16},"end":{"line":131,"column":33}}}},"branchMap":{"0":{"loc":{"start":{"line":138,"column":24},"end":{"line":141,"column":null}},"type":"cond-expr","locations":[{"start":{"line":138,"column":48},"end":{"line":138,"column":null}},{"start":{"line":139,"column":24},"end":{"line":141,"column":null}}]},"1":{"loc":{"start":{"line":139,"column":24},"end":{"line":141,"column":null}},"type":"cond-expr","locations":[{"start":{"line":139,"column":50},"end":{"line":139,"column":null}},{"start":{"line":140,"column":24},"end":{"line":141,"column":null}}]},"2":{"loc":{"start":{"line":140,"column":24},"end":{"line":141,"column":null}},"type":"cond-expr","locations":[{"start":{"line":140,"column":47},"end":{"line":140,"column":null}},{"start":{"line":141,"column":24},"end":{"line":141,"column":null}}]},"3":{"loc":{"start":{"line":144,"column":25},"end":{"line":147,"column":null}},"type":"cond-expr","locations":[{"start":{"line":144,"column":49},"end":{"line":144,"column":null}},{"start":{"line":145,"column":25},"end":{"line":147,"column":null}}]},"4":{"loc":{"start":{"line":145,"column":25},"end":{"line":147,"column":null}},"type":"cond-expr","locations":[{"start":{"line":145,"column":51},"end":{"line":145,"column":null}},{"start":{"line":146,"column":25},"end":{"line":147,"column":null}}]},"5":{"loc":{"start":{"line":146,"column":25},"end":{"line":147,"column":null}},"type":"cond-expr","locations":[{"start":{"line":146,"column":48},"end":{"line":146,"column":null}},{"start":{"line":147,"column":25},"end":{"line":147,"column":null}}]},"6":{"loc":{"start":{"line":149,"column":23},"end":{"line":149,"column":34}},"type":"binary-expr","locations":[{"start":{"line":149,"column":23},"end":{"line":149,"column":34}}]},"7":{"loc":{"start":{"line":154,"column":23},"end":{"line":154,"column":75}},"type":"cond-expr","locations":[{"start":{"line":154,"column":47},"end":{"line":154,"column":64}},{"start":{"line":154,"column":64},"end":{"line":154,"column":75}}]},"8":{"loc":{"start":{"line":155,"column":23},"end":{"line":155,"column":79}},"type":"binary-expr","locations":[{"start":{"line":155,"column":23},"end":{"line":155,"column":47}},{"start":{"line":155,"column":47},"end":{"line":155,"column":79}}]}},"s":{"0":0,"1":0,"2":0,"3":0,"4":0},"f":{"0":0,"1":0},"b":{"0":[0,0],"1":[0,0],"2":[0,0],"3":[0,0],"4":[0,0],"5":[0,0],"6":[0],"7":[0,0],"8":[0,0]}}
,"C:\\Users\\t3rip\\OneDrive\\Documents\\ea-fc-pro-clubs-app\\app\\matches\\schedule\\page.tsx": {"path":"C:\\Users\\t3rip\\OneDrive\\Documents\\ea-fc-pro-clubs-app\\app\\matches\\schedule\\page.tsx","statementMap":{"0":{"start":{"line":14,"column":24},"end":{"line":14,"column":null}},"1":{"start":{"line":4,"column":13},"end":{"line":4,"column":21}},"2":{"start":{"line":2,"column":30},"end":{"line":2,"column":null}},"3":{"start":{"line":4,"column":34},"end":{"line":12,"column":null}},"4":{"start":{"line":146,"column":16},"end":{"line":146,"column":33}}},"fnMap":{"0":{"name":"MatchSchedulePage","decl":{"start":{"line":14,"column":24},"end":{"line":14,"column":null}},"loc":{"start":{"line":14,"column":24},"end":{"line":180,"column":1}}},"1":{"name":"(anonymous_4)","decl":{"start":{"line":145,"column":20},"end":{"line":145,"column":21}},"loc":{"start":{"line":146,"column":16},"end":{"line":146,"column":33}}}},"branchMap":{"0":{"loc":{"start":{"line":165,"column":25},"end":{"line":165,"column":null}},"type":"cond-expr","locations":[{"start":{"line":165,"column":50},"end":{"line":165,"column":59}},{"start":{"line":165,"column":59},"end":{"line":165,"column":null}}]}},"s":{"0":0,"1":0,"2":0,"3":0,"4":0},"f":{"0":0,"1":0},"b":{"0":[0,0]}}
,"C:\\Users\\t3rip\\OneDrive\\Documents\\ea-fc-pro-clubs-app\\app\\news\\page.tsx": {"path":"C:\\Users\\t3rip\\OneDrive\\Documents\\ea-fc-pro-clubs-app\\app\\news\\page.tsx","statementMap":{"0":{"start":{"line":21,"column":24},"end":{"line":21,"column":null}},"1":{"start":{"line":5,"column":13},"end":{"line":5,"column":21}},"2":{"start":{"line":2,"column":17},"end":{"line":2,"column":null}},"3":{"start":{"line":3,"column":30},"end":{"line":3,"column":null}},"4":{"start":{"line":5,"column":34},"end":{"line":13,"column":null}},"5":{"start":{"line":15,"column":17},"end":{"line":19,"column":null}},"6":{"start":{"line":29,"column":14},"end":{"line":29,"column":33}}},"fnMap":{"0":{"name":"NewsPage","decl":{"start":{"line":21,"column":24},"end":{"line":21,"column":null}},"loc":{"start":{"line":21,"column":24},"end":{"line":48,"column":1}}},"1":{"name":"(anonymous_5)","decl":{"start":{"line":28,"column":26},"end":{"line":28,"column":27}},"loc":{"start":{"line":29,"column":14},"end":{"line":29,"column":33}}}},"branchMap":{},"s":{"0":0,"1":0,"2":0,"3":0,"4":0,"5":0,"6":0},"f":{"0":0,"1":0},"b":{}}
,"C:\\Users\\t3rip\\OneDrive\\Documents\\ea-fc-pro-clubs-app\\app\\news\\[id]\\page.tsx": {"path":"C:\\Users\\t3rip\\OneDrive\\Documents\\ea-fc-pro-clubs-app\\app\\news\\[id]\\page.tsx","statementMap":{"0":{"start":{"line":33,"column":24},"end":{"line":33,"column":40}},"1":{"start":{"line":5,"column":13},"end":{"line":5,"column":21}},"2":{"start":{"line":2,"column":17},"end":{"line":2,"column":null}},"3":{"start":{"line":3,"column":30},"end":{"line":3,"column":null}},"4":{"start":{"line":5,"column":34},"end":{"line":13,"column":null}},"5":{"start":{"line":15,"column":17},"end":{"line":31,"column":null}},"6":{"start":{"line":34,"column":18},"end":{"line":34,"column":73}},"7":{"start":{"line":34,"column":39},"end":{"line":34,"column":57}},"8":{"start":{"line":46,"column":45},"end":{"line":46,"column":57}}},"fnMap":{"0":{"name":"NewsArticlePage","decl":{"start":{"line":33,"column":24},"end":{"line":33,"column":40}},"loc":{"start":{"line":33,"column":78},"end":{"line":56,"column":1}}},"1":{"name":"(anonymous_5)","decl":{"start":{"line":34,"column":32},"end":{"line":34,"column":33}},"loc":{"start":{"line":34,"column":39},"end":{"line":34,"column":57}}},"2":{"name":"(anonymous_6)","decl":{"start":{"line":46,"column":35},"end":{"line":46,"column":36}},"loc":{"start":{"line":46,"column":45},"end":{"line":46,"column":57}}}},"branchMap":{"0":{"loc":{"start":{"line":34,"column":18},"end":{"line":34,"column":73}},"type":"binary-expr","locations":[{"start":{"line":34,"column":18},"end":{"line":34,"column":62}},{"start":{"line":34,"column":62},"end":{"line":34,"column":73}}]}},"s":{"0":0,"1":0,"2":0,"3":0,"4":0,"5":0,"6":0,"7":0,"8":0},"f":{"0":0,"1":0,"2":0},"b":{"0":[0,0]}}
,"C:\\Users\\t3rip\\OneDrive\\Documents\\ea-fc-pro-clubs-app\\app\\players\\[id]\\page.tsx": {"path":"C:\\Users\\t3rip\\OneDrive\\Documents\\ea-fc-pro-clubs-app\\app\\players\\[id]\\page.tsx","statementMap":{"0":{"start":{"line":14,"column":24},"end":{"line":14,"column":42}},"1":{"start":{"line":4,"column":13},"end":{"line":4,"column":21}},"2":{"start":{"line":2,"column":30},"end":{"line":2,"column":null}},"3":{"start":{"line":4,"column":34},"end":{"line":12,"column":null}}},"fnMap":{"0":{"name":"PlayerProfilePage","decl":{"start":{"line":14,"column":24},"end":{"line":14,"column":42}},"loc":{"start":{"line":14,"column":80},"end":{"line":100,"column":1}}}},"branchMap":{},"s":{"0":0,"1":0,"2":0,"3":0},"f":{"0":0},"b":{}}
,"C:\\Users\\t3rip\\OneDrive\\Documents\\ea-fc-pro-clubs-app\\app\\players\\[id]\\history\\page.tsx": {"path":"C:\\Users\\t3rip\\OneDrive\\Documents\\ea-fc-pro-clubs-app\\app\\players\\[id]\\history\\page.tsx","statementMap":{"0":{"start":{"line":14,"column":24},"end":{"line":14,"column":42}},"1":{"start":{"line":4,"column":13},"end":{"line":4,"column":21}},"2":{"start":{"line":2,"column":30},"end":{"line":2,"column":null}},"3":{"start":{"line":4,"column":34},"end":{"line":12,"column":null}},"4":{"start":{"line":27,"column":14},"end":{"line":27,"column":31}}},"fnMap":{"0":{"name":"PlayerHistoryPage","decl":{"start":{"line":14,"column":24},"end":{"line":14,"column":42}},"loc":{"start":{"line":14,"column":80},"end":{"line":57,"column":1}}},"1":{"name":"(anonymous_4)","decl":{"start":{"line":26,"column":18},"end":{"line":26,"column":19}},"loc":{"start":{"line":27,"column":14},"end":{"line":27,"column":31}}}},"branchMap":{},"s":{"0":0,"1":0,"2":0,"3":0,"4":0},"f":{"0":0,"1":0},"b":{}}
,"C:\\Users\\t3rip\\OneDrive\\Documents\\ea-fc-pro-clubs-app\\app\\profile\\page.tsx": {"path":"C:\\Users\\t3rip\\OneDrive\\Documents\\ea-fc-pro-clubs-app\\app\\profile\\page.tsx","statementMap":{"0":{"start":{"line":10,"column":24},"end":{"line":10,"column":null}},"1":{"start":{"line":3,"column":24},"end":{"line":3,"column":null}},"2":{"start":{"line":4,"column":26},"end":{"line":4,"column":null}},"3":{"start":{"line":5,"column":26},"end":{"line":5,"column":null}},"4":{"start":{"line":6,"column":33},"end":{"line":6,"column":null}},"5":{"start":{"line":7,"column":36},"end":{"line":7,"column":null}},"6":{"start":{"line":8,"column":37},"end":{"line":8,"column":null}},"7":{"start":{"line":11,"column":28},"end":{"line":11,"column":null}},"8":{"start":{"line":12,"column":17},"end":{"line":12,"column":null}},"9":{"start":{"line":14,"column":2},"end":{"line":18,"column":null}},"10":{"start":{"line":15,"column":4},"end":{"line":17,"column":null}},"11":{"start":{"line":16,"column":6},"end":{"line":16,"column":null}},"12":{"start":{"line":20,"column":2},"end":{"line":22,"column":null}},"13":{"start":{"line":25,"column":19},"end":{"line":25,"column":null}},"14":{"start":{"line":27,"column":2},"end":{"line":29,"column":null}},"15":{"start":{"line":28,"column":4},"end":{"line":28,"column":null}},"16":{"start":{"line":30,"column":2},"end":{"line":32,"column":null}},"17":{"start":{"line":31,"column":4},"end":{"line":31,"column":null}},"18":{"start":{"line":33,"column":2},"end":{"line":35,"column":null}},"19":{"start":{"line":34,"column":4},"end":{"line":34,"column":null}}},"fnMap":{"0":{"name":"ProfilePage","decl":{"start":{"line":10,"column":24},"end":{"line":10,"column":null}},"loc":{"start":{"line":10,"column":24},"end":{"line":39,"column":null}}},"1":{"name":"(anonymous_2)","decl":{"start":{"line":14,"column":12},"end":{"line":14,"column":null}},"loc":{"start":{"line":14,"column":12},"end":{"line":18,"column":5}}}},"branchMap":{"0":{"loc":{"start":{"line":15,"column":4},"end":{"line":17,"column":null}},"type":"if","locations":[{"start":{"line":15,"column":4},"end":{"line":17,"column":null}}]},"1":{"loc":{"start":{"line":15,"column":8},"end":{"line":15,"column":27}},"type":"binary-expr","locations":[{"start":{"line":15,"column":8},"end":{"line":15,"column":20}},{"start":{"line":15,"column":20},"end":{"line":15,"column":27}}]},"2":{"loc":{"start":{"line":20,"column":2},"end":{"line":22,"column":null}},"type":"if","locations":[{"start":{"line":20,"column":2},"end":{"line":22,"column":null}}]},"3":{"loc":{"start":{"line":20,"column":6},"end":{"line":20,"column":24}},"type":"binary-expr","locations":[{"start":{"line":20,"column":6},"end":{"line":20,"column":17}},{"start":{"line":20,"column":17},"end":{"line":20,"column":24}}]},"4":{"loc":{"start":{"line":25,"column":19},"end":{"line":25,"column":null}},"type":"binary-expr","locations":[{"start":{"line":25,"column":19},"end":{"line":25,"column":47}},{"start":{"line":25,"column":47},"end":{"line":25,"column":null}}]},"5":{"loc":{"start":{"line":27,"column":2},"end":{"line":29,"column":null}},"type":"if","locations":[{"start":{"line":27,"column":2},"end":{"line":29,"column":null}}]},"6":{"loc":{"start":{"line":30,"column":2},"end":{"line":32,"column":null}},"type":"if","locations":[{"start":{"line":30,"column":2},"end":{"line":32,"column":null}}]},"7":{"loc":{"start":{"line":33,"column":2},"end":{"line":35,"column":null}},"type":"if","locations":[{"start":{"line":33,"column":2},"end":{"lin
[...]
d":{"line":53,"column":37}},"loc":{"start":{"line":53,"column":37},"end":{"line":68,"column":null}}},"4":{"name":"(anonymous_17)","decl":{"start":{"line":55,"column":42},"end":{"line":55,"column":43}},"loc":{"start":{"line":55,"column":52},"end":{"line":55,"column":null}}},"5":{"name":"(anonymous_18)","decl":{"start":{"line":58,"column":27},"end":{"line":58,"column":28}},"loc":{"start":{"line":58,"column":36},"end":{"line":67,"column":null}}},"6":{"name":"(anonymous_19)","decl":{"start":{"line":70,"column":36},"end":{"line":70,"column":null}},"loc":{"start":{"line":72,"column":2},"end":{"line":78,"column":null}}},"7":{"name":"(anonymous_20)","decl":{"start":{"line":80,"column":37},"end":{"line":80,"column":null}},"loc":{"start":{"line":82,"column":2},"end":{"line":91,"column":null}}},"8":{"name":"(anonymous_21)","decl":{"start":{"line":93,"column":39},"end":{"line":93,"column":40}},"loc":{"start":{"line":93,"column":58},"end":{"line":95,"column":null}}},"9":{"name":"(anonymous_22)","decl":{"start":{"line":97,"column":38},"end":{"line":97,"column":39}},"loc":{"start":{"line":97,"column":53},"end":{"line":100,"column":null}}},"10":{"name":"(anonymous_23)","decl":{"start":{"line":102,"column":38},"end":{"line":102,"column":39}},"loc":{"start":{"line":102,"column":55},"end":{"line":105,"column":null}}},"11":{"name":"(anonymous_24)","decl":{"start":{"line":107,"column":35},"end":{"line":107,"column":36}},"loc":{"start":{"line":107,"column":36},"end":{"line":118,"column":null}}},"12":{"name":"(anonymous_25)","decl":{"start":{"line":108,"column":24},"end":{"line":108,"column":25}},"loc":{"start":{"line":108,"column":32},"end":{"line":117,"column":5}}},"13":{"name":"(anonymous_26)","decl":{"start":{"line":120,"column":35},"end":{"line":120,"column":36}},"loc":{"start":{"line":120,"column":36},"end":{"line":122,"column":null}}},"14":{"name":"(anonymous_27)","decl":{"start":{"line":124,"column":33},"end":{"line":124,"column":null}},"loc":{"start":{"line":127,"column":2},"end":{"line":131,"column":null}}},"15":{"name":"(anonymous_28)","decl":{"start":{"line":133,"column":32},"end":{"line":133,"column":null}},"loc":{"start":{"line":134,"column":2},"end":{"line":141,"column":null}}},"16":{"name":"(anonymous_29)","decl":{"start":{"line":136,"column":30},"end":{"line":136,"column":31}},"loc":{"start":{"line":137,"column":4},"end":{"line":137,"column":null}}},"17":{"name":"(anonymous_30)","decl":{"start":{"line":139,"column":46},"end":{"line":139,"column":47}},"loc":{"start":{"line":139,"column":56},"end":{"line":139,"column":null}}},"18":{"name":"(anonymous_31)","decl":{"start":{"line":140,"column":23},"end":{"line":140,"column":24}},"loc":{"start":{"line":140,"column":37},"end":{"line":140,"column":null}}}},"branchMap":{"0":{"loc":{"start":{"line":36,"column":2},"end":{"line":40,"column":null}},"type":"if","locations":[{"start":{"line":36,"column":2},"end":{"line":40,"column":null}},{"start":{"line":38,"column":9},"end":{"line":40,"column":null}}]},"1":{"loc":{"start":{"line":36,"column":6},"end":{"line":36,"column":61}},"type":"binary-expr","locations":[{"start":{"line":36,"column":6},"end":{"line":36,"column":34}},{"start":{"line":36,"column":34},"end":{"line":36,"column":61}}]},"2":{"loc":{"start":{"line":38,"column":9},"end":{"line":40,"column":null}},"type":"if","locations":[{"start":{"line":38,"column":9},"end":{"line":40,"column":null}}]},"3":{"loc":{"start":{"line":59,"column":4},"end":{"line":65,"column":null}},"type":"if","locations":[{"start":{"line":59,"column":4},"end":{"line":65,"column":null}},{"start":{"line":61,"column":11},"end":{"line":65,"column":null}}]},"4":{"loc":{"start":{"line":61,"column":11},"end":{"line":65,"column":null}},"type":"if","locations":[{"start":{"line":61,"column":11},"end":{"line":65,"column":null}},{"start":{"line":63,"column":11},"end":{"line":65,"column":null}}]},"5":{"loc":{"start":{"line":63,"column":11},"end":{"line":65,"column":null}},"type":"if","locations":[{"start":{"line":63,"column":11},"end":{"line":65,"column":null}}]},"6":{"loc":{"start":{"line":84,"column":2},"end":{"line":90,"column":null}},"type":"if","locations":[{"start":{"line":84,"column":2},"end":{"line":90,"column":null}},{"start":{"line":86,"column":9},"end":{"line":90,"column":null}}]},"7":{"loc":{"start":{"line":86,"column":9},"end":{"line":90,"column":null}},"type":"if","locations":[{"start":{"line":86,"column":9},"end":{"line":90,"column":null}},{"start":{"line":88,"column":9},"end":{"line":90,"column":null}}]},"8":{"loc":{"start":{"line":98,"column":2},"end":{"line":98,"column":null}},"type":"if","locations":[{"start":{"line":98,"column":2},"end":{"line":98,"column":null}}]},"9":{"loc":{"start":{"line":103,"column":2},"end":{"line":103,"column":null}},"type":"if","locations":[{"start":{"line":103,"column":2},"end":{"line":103,"column":null}}]},"10":{"loc":{"start":{"line":109,"column":4},"end":{"line":116,"column":null}},"type":"switch","locations":[{"start":{"line":110,"column":6},"end":{"line":111,"column":null}},{"start":{"line":112,"column":6},"end":{"line":113,"column":null}},{"start":{"line":114,"column":6},"end":{"line":115,"column":null}}]}},"s":{"0":0,"1":0,"2":0,"3":0,"4":0,"5":0,"6":0,"7":0,"8":0,"9":0,"10":0,"11":0,"12":0,"13":0,"14":0,"15":0,"16":0,"17":0,"18":0,"19":0,"20":0,"21":0,"22":0,"23":0,"24":0,"25":0,"26":0,"27":0,"28":0,"29":0,"30":0,"31":0,"32":0,"33":0,"34":0,"35":0,"36":0,"37":0,"38":0,"39":0,"40":0,"41":0,"42":0,"43":0,"44":0,"45":0,"46":0,"47":0,"48":0,"49":0,"50":0,"51":0,"52":0,"53":0,"54":0,"55":0,"56":0,"57":0,"58":0,"59":0,"60":0,"61":0,"62":0,"63":0,"64":0,"65":0,"66":0,"67":0,"68":0,"69":0,"70":0,"71":0,"72":0,"73":0,"74":0},"f":{"0":0,"1":0,"2":0,"3":0,"4":0,"5":0,"6":0,"7":0,"8":0,"9":0,"10":0,"11":0,"12":0,"13":0,"14":0,"15":0,"16":0,"17":0,"18":0},"b":{"0":[0,0],"1":[0,0],"2":[0],"3":[0,0],"4":[0,0],"5":[0],"6":[0,0],"7":[0,0],"8":[0],"9":[0],"10":[0,0,0]}}
,"C:\\Users\\t3rip\\OneDrive\\Documents\\ea-fc-pro-clubs-app\\lib\\validations\\auth.ts": {"path":"C:\\Users\\t3rip\\OneDrive\\Documents\\ea-fc-pro-clubs-app\\lib\\validations\\auth.ts","statementMap":{"0":{"start":{"line":3,"column":13},"end":{"line":3,"column":24}},"1":{"start":{"line":8,"column":13},"end":{"line":8,"column":27}},"2":{"start":{"line":17,"column":13},"end":{"line":17,"column":32}},"3":{"start":{"line":21,"column":13},"end":{"line":21,"column":33}},"4":{"start":{"line":29,"column":13},"end":{"line":29,"column":33}},"5":{"start":{"line":1,"column":18},"end":{"line":1,"column":null}},"6":{"start":{"line":3,"column":27},"end":{"line":6,"column":null}},"7":{"start":{"line":8,"column":30},"end":{"line":15,"column":null}},"8":{"start":{"line":12,"column":20},"end":{"line":12,"column":58}},"9":{"start":{"line":17,"column":35},"end":{"line":19,"column":null}},"10":{"start":{"line":21,"column":36},"end":{"line":27,"column":null}},"11":{"start":{"line":24,"column":20},"end":{"line":24,"column":58}},"12":{"start":{"line":29,"column":36},"end":{"line":31,"column":null}}},"fnMap":{"0":{"name":"(anonymous_6)","decl":{"start":{"line":12,"column":10},"end":{"line":12,"column":11}},"loc":{"start":{"line":12,"column":20},"end":{"line":12,"column":58}}},"1":{"name":"(anonymous_7)","decl":{"start":{"line":24,"column":10},"end":{"line":24,"column":11}},"loc":{"start":{"line":24,"column":20},"end":{"line":24,"column":58}}}},"branchMap":{},"s":{"0":0,"1":0,"2":0,"3":0,"4":0,"5":0,"6":0,"7":0,"8":0,"9":0,"10":0,"11":0,"12":0},"f":{"0":0,"1":0},"b":{}}
,"C:\\Users\\t3rip\\OneDrive\\Documents\\ea-fc-pro-clubs-app\\public\\sw.js": {"path":"C:\\Users\\t3rip\\OneDrive\\Documents\\ea-fc-pro-clubs-app\\public\\sw.js","statementMap":{"0":{"start":{"line":1,"column":19},"end":{"line":1,"column":null}},"1":{"start":{"line":2,"column":21},"end":{"line":2,"column":null}},"2":{"start":{"line":3,"column":22},"end":{"line":3,"column":null}},"3":{"start":{"line":4,"column":18},"end":{"line":4,"column":null}},"4":{"start":{"line":7,"column":22},"end":{"line":22,"column":null}},"5":{"start":{"line":25,"column":0},"end":{"line":32,"column":null}},"6":{"start":{"line":26,"column":2},"end":{"line":30,"column":null}},"7":{"start":{"line":28,"column":48},"end":{"line":28,"column":null}},"8":{"start":{"line":35,"column":0},"end":{"line":49,"column":null}},"9":{"start":{"line":36,"column":2},"end":{"line":47,"column":null}},"10":{"start":{"line":39,"column":8},"end":{"line":43,"column":null}},"11":{"start":{"line":41,"column":30},"end":{"line":41,"column":null}},"12":{"start":{"line":42,"column":30},"end":{"line":42,"column":null}},"13":{"start":{"line":43,"column":27},"end":{"line":43,"column":null}},"14":{"start":{"line":52,"column":0},"end":{"line":116,"column":null}},"15":{"start":{"line":53,"column":18},"end":{"line":53,"column":31}},"16":{"start":{"line":54,"column":14},"end":{"line":54,"column":null}},"17":{"start":{"line":57,"column":2},"end":{"line":80,"column":null}},"18":{"start":{"line":58,"column":4},"end":{"line":76,"column":null}},"19":{"start":{"line":61,"column":33},"end":{"line":61,"column":null}},"20":{"start":{"line":62,"column":10},"end":{"line":64,"column":null}},"21":{"start":{"line":63,"column":12},"end":{"line":63,"column":null}},"22":{"start":{"line":65,"column":10},"end":{"line":65,"column":null}},"23":{"start":{"line":68,"column":10},"end":{"line":76,"column":null}},"24":{"start":{"line":69,"column":12},"end":{"line":69,"column":null}},"25":{"start":{"line":69,"column":26},"end":{"line":69,"column":null}},"26":{"start":{"line":70,"column":12},"end":{"line":74,"column":null}},"27":{"start":{"line":79,"column":4},"end":{"line":79,"column":null}},"28":{"start":{"line":83,"column":2},"end":{"line":97,"column":null}},"29":{"start":{"line":84,"column":4},"end":{"line":94,"column":null}},"30":{"start":{"line":86,"column":8},"end":{"line":86,"column":null}},"31":{"start":{"line":86,"column":22},"end":{"line":86,"column":null}},"32":{"start":{"line":87,"column":8},"end":{"line":93,"column":null}},"33":{"start":{"line":88,"column":33},"end":{"line":88,"column":null}},"34":{"start":{"line":89,"column":10},"end":{"line":91,"column":null}},"35":{"start":{"line":90,"column":12},"end":{"line":90,"column":null}},"36":{"start":{"line":92,"column":10},"end":{"line":92,"column":null}},"37":{"start":{"line":96,"column":4},"end":{"line":96,"column":null}},"38":{"start":{"line":100,"column":2},"end":{"line":113,"column":null}},"39":{"start":{"line":103,"column":31},"end":{"line":103,"column":null}},"40":{"start":{"line":104,"column":8},"end":{"line":106,"column":null}},"41":{"start":{"line":105,"column":10},"end":{"line":105,"column":null}},"42":{"start":{"line":107,"column":8},"end":{"line":107,"column":null}},"43":{"start":{"line":110,"column":8},"end":{"line":113,"column":null}},"44":{"start":{"line":111,"column":10},"end":{"line":111,"column":null}},"45":{"start":{"line":111,"column":24},"end":{"line":111,"column":null}},"46":{"start":{"line":112,"column":10},"end":{"line":112,"column":null}},"47":{"start":{"line":119,"column":0},"end":{"line":123,"column":null}},"48":{"start":{"line":120,"column":2},"end":{"line":122,"column":null}},"49":{"start":{"line":121,"column":4},"end":{"line":121,"column":null}},"50":{"start":{"line":126,"column":0},"end":{"line":151,"column":null}},"51":{"start":{"line":127,"column":18},"end":{"line":146,"column":null}},"52":{"start":{"line":148,"column":2},"end":{"line":149,"column":null}},"53":{"start":{"line":154,"column":0},"end":{"line":162,"column":null}},"54":{"start":{"line":155,"column":2},"end":{"line":155,"column":null}},"55":{"start":{"line":157,"column":2},"end":{"line":161,"column":null}},"56":{"start":{"line":158,"column":4},"end":{"line":159,"column":null}},"57":{"start":{"line":166,"column":13},"end":{"line":166,"column":null}},"58":{"start":{"line":167,"column":30},"end":{"line":167,"column":null}},"59":{"start":{"line":169,"column":2},"end":{"line":182,"column":null}},"60":{"start":{"line":170,"column":4},"end":{"line":181,"column":null}},"61":{"start":{"line":171,"column":6},"end":{"line":177,"column":null}},"62":{"start":{"line":178,"column":6},"end":{"line":178,"column":null}},"63":{"start":{"line":180,"column":6},"end":{"line":180,"column":null}},"64":{"start":{"line":187,"column":2},"end":{"line":199,"column":null}},"65":{"start":{"line":188,"column":20},"end":{"line":188,"column":null}},"66":{"start":{"line":190,"column":4},"end":{"line":190,"column":null}},"67":{"start":{"line":190,"column":28},"end":{"line":190,"column":null}},"68":{"start":{"line":191,"column":4},"end":{"line":191,"column":null}},"69":{"start":{"line":191,"column":30},"end":{"line":191,"column":null}},"70":{"start":{"line":193,"column":4},"end":{"line":198,"column":null}},"71":{"start":{"line":194,"column":17},"end":{"line":194,"column":36}},"72":{"start":{"line":195,"column":6},"end":{"line":197,"column":null}},"73":{"start":{"line":196,"column":8},"end":{"line":196,"column":null}}},"fnMap":{"0":{"name":"(anonymous_0)","decl":{"start":{"line":25,"column":33},"end":{"line":25,"column":34}},"loc":{"start":{"line":25,"column":34},"end":{"line":32,"column":null}}},"1":{"name":"(anonymous_1)","decl":{"start":{"line":28,"column":37},"end":{"line":28,"column":38}},"loc":{"start":{"line":28,"column":48},"end":{"line":28,"column":null}}},"2":{"name":"(anonymous_2)","decl":{"start":{"line":35,"column":34},"end":{"line":35,"column":35}},"loc":{"start":{"line":35,"column":35},"end":{"line":49,"column":null}}},"3":{"name":"(anonymous_3)","decl":{"start":{"line":38,"column":25},"end":{"line":38,"column":26}},"loc":{"start":{"line":39,"column":8},"end":{"line":43,"column":null}}},"4":{"name":"(anonymous_4)","decl":{"start":{"line":41,"column":20},"end":{"line":41,"column":21}},"loc":{"start":{"line":41,"column":30},"end":{"line":41,"column":null}}},"5":{"name":"(anonymous_5)","decl":{"start":{"line":42,"column":20},"end":{"line":42,"column":21}},"loc":{"start":{"line":42,"column":30},"end":{"line":42,"column":null}}},"6":{"name":"(anonymous_6)","decl":{"start":{"line":43,"column":17},"end":{"line":43,"column":18}},"loc":{"start":{"line":43,"column":27},"end":{"line":43,"column":null}}},"7":{"name":"(anonymous_7)","decl":{"start":{"line":52,"column":31},"end":{"line":52,"column":32}},"loc":{"start":{"line":52,"column":32},"end":{"line":116,"column":null}}},"8":{"name":"(anonymous_8)","decl":{"start":{"line":60,"column":14},"end":{"line":60,"column":15}},"loc":{"start":{"line":60,"column":15},"end":{"line":66,"column":null}}},"9":{"name":"(anonymous_9)","decl":{"start":{"line":62,"column":38},"end":{"line":62,"column":39}},"loc":{"start":{"line":62,"column":39},"end":{"line":64,"column":null}}},"10":{"name":"(anonymous_10)","decl":{"start":{"line":67,"column":15},"end":{"line":67,"column":null}},"loc":{"start":{"line":68,"column":10},"end":{"line":76,"column":null}}},"11":{"name":"(anonymous_11)","decl":{"start":{"line":68,"column":37},"end":{"line":68,"column":38}},"loc":{"start":{"line":68,"column":38},"end":{"line":76,"column":null}}},"12":{"name":"(anonymous_12)","decl":{"start":{"line":85,"column":33},"end":{"line":85,"column":34}},"loc":{"start":{"line":85,"column":34},"end":{"line":94,"column":null}}},"13":{"name":"(anonymous_13)","decl":{"start":{"line":87,"column":35},"end":{"line":87,"column":36}},"loc":{"start":{"line":87,"column":36},"end":{"line":93,"column":null}}},"14":{"name":"(anonymous_14)","decl":{"start":{"line":89,"column":41},"end":{"line":89,"column":42}},"loc":{"start":{"line":89,"column":42},"end":{"line":91,"column":null}}},"15":{"name":"(anonymous_15)","decl":{"start":{"line":102,"column":12},"end":{"line":102,"column":13}},"loc":{"start":{"line":102,"column":13},"end":{"line":108,"column":null}}},"16":{"name":"(anonymous_16)","decl":{"start":{"line":104,"column":40},"end":{"line":104,"column":41}},"loc":{"start":{"line":104,"column":41},"end":{"line":106,"column":null}}},"17":{"name":"(anonymous_17)","decl":{"start":{"line":109,"column":13},"end":{"line":109,"column":null}},"loc":{"start":{"line":110,"column":8},"end":{"line":113,"column":null}}},"18":{"name":"(anonymous_18)","decl":{"start":{"line":110,"column":35},"end":{"line":110,"column":36}},"loc":{"start":{"line":110,"column":36},"end":{"line":113,"column":null}}},"19":{"name":"(anonymous_19)","decl":{"start":{"line":119,"column":30},"end":{"line":119,"column":31}},"loc":{"start":{"line":119,"column":31},"end":{"line":123,"column":null}}},"20":{"name":"(anonymous_20)","decl":{"start":{"line":126,"column":30},"end":{"line":126,"column":31}},"loc":{"start":{"line":126,"column":31},"end":{"line":151,"column":null}}},"21":{"name":"(anonymous_21)","decl":{"start":{"line":154,"column":43},"end":{"line":154,"column":44}},"loc":{"start":{"line":154,"column":44},"end":{"line":162,"column":null}}},"22":{"name":"syncCompetitions","decl":{"start":{"line":165,"column":15},"end":{"line":165,"column":null}},"loc":{"start":{"line":165,"column":15},"end":{"line":183,"column":null}}},"23":{"name":"openDB","decl":{"start":{"line":186,"column":9},"end":{"line":186,"column":null}},"loc":{"start":{"line":186,"column":9},"end":{"line":200,"column":null}}},"24":{"name":"(anonymous_24)","decl":{"start":{"line":187,"column":21},"end":{"line":187,"column":22}},"loc":{"start":{"line":187,"column":31},"end":{"line":199,"column":null}}},"25":{"name":"(anonymous_25)","decl":{"start":{"line":190,"column":22},"end":{"line":190,"column":28}},"loc":{"start":{"line":190,"column":28},"end":{"line":190,"column":null}}},"26":{"name":"(anonymous_26)","decl":{"start":{"line":191,"column":24},"end":{"line":191,"column":30}},"loc":{"start":{"line":191,"column":30},"end":{"line":191,"column":null}}},"27":{"name":"(anonymous_27)","decl":{"start":{"line":193,"column":30},"end":{"line":193,"column":31}},"loc":{"start":{"line":193,"column":31},"end":{"line":198,"column":null}}}},"branchMap":{"0":{"loc":{"start":{"line":57,"column":2},"end":{"line":80,"column":null}},"type":"if","locations":[{"start":{"line":57,"column":2},"end":{"line":80,"column":null}}]},"1":{"loc":{"start":{"line":69,"column":12},"end":{"line":69,"column":null}},"type":"if","locations":[{"start":{"line":69,"column":12},"end":{"line":69,"column":null}}]},"2":{"loc":{"start":{"line":83,"column":2},"end":{"line":97,"column":null}},"type":"if","locations":[{"start":{"line":83,"column":2},"end":{"line":97,"column":null}}]},"3":{"loc":{"start":{"line":86,"column":8},"end":{"line":86,"column":null}},"type":"if","locations":[{"start":{"line":86,"column":8},"end":{"line":86,"column":null}}]},"4":{"loc":{"start":{"line":111,"column":10},"end":{"line":111,"column":null}},"type":"if","locations":[{"start":{"line":111,"column":10},"end":{"line":111,"column":null}}]},"5":{"loc":{"start":{"line":120,"column":2},"end":{"line":122,"column":null}},"type":"if","locations":[{"start":{"line":120,"column":2},"end":{"line":122,"column":null}}]},"6":{"loc":{"start":{"line":157,"column":2},"end":{"line":161,"column":null}},"type":"if","locations":[{"start":{"line":157,"column":2},"end":{"line":161,"column":null}}]},"7":{"loc":{"start":{"line":195,"column":6},"end":{"line":197,"column":null}},"type":"if","locations":[{"start":{"line":195,"column":6},"end":{"line":197,"column":null}}]}},"s":{"0":0,"1":0,"2":0,"3":0,"4":0,"5":0,"6":0,"7":0,"8":0,"9":0,"10":0,"11":0,"12":0,"13":0,"14":0,"15":0,"16":0,"17":0,"18":0,"19":0,"20":0,"21":0,"22":0,"23":0,"24":0,"25":0,"26":0,"27":0,"28":0,"29":0,"30":0,"31":0,"32":0,"33":0,"34":0,"35":0,"36":0,"37":0,"38":0,"39":0,"40":0,"41":0,"42":0,"43":0,"44":0,"45":0,"46":0,"47":0,"48":0,"49":0,"50":0,"51":0,"52":0,"53":0,"54":0,"55":0,"56":0,"57":0,"58":0,"59":0,"60":0,"61":0,"62":0,"63":0,"64":0,"65":0,"66":0,"67":0,"68":0,"69":0,"70":0,"71":0,"72":0,"73":0},"f":{"0":0,"1":0,"2":0,"3":0,"4":0,"5":0,"6":0,"7":0,"8":0,"9":0,"10":0,"11":0,"12":0,"13":0,"14":0,"15":0,"16":0,"17":0,"18":0,"19":0,"20":0,"21":0,"22":0,"23":0,"24":0,"25":0,"26":0,"27":0},"b":{"0":[0],"1":[0],"2":[0],"3":[0],"4":[0],"5":[0],"6":[0],"7":[0]}}
}
