TN:
SF:next.config.js
FNF:0
FNH:0
DA:2,0
DA:9,0
DA:25,0
LF:3
LH:0
BRF:0
BRH:0
end_of_record
TN:
SF:tailwind.config.js
FNF:0
FNH:0
DA:2,0
LF:1
LH:0
BRF:0
BRH:0
end_of_record
TN:
SF:app\layout.tsx
FN:55,RootLayout
FNF:1
FNH:0
FNDA:0,RootLayout
DA:3,0
DA:4,0
DA:5,0
DA:6,0
DA:7,0
DA:8,0
DA:10,0
DA:12,0
DA:20,0
DA:55,0
LF:10
LH:0
BRF:0
BRH:0
end_of_record
TN:
SF:app\page.tsx
FN:6,HomePage
FN:9,(anonymous_2)
FNF:2
FNH:0
FNDA:0,HomePage
FNDA:0,(anonymous_2)
DA:3,0
DA:4,0
DA:6,0
DA:7,0
DA:9,0
DA:10,0
DA:11,0
DA:12,0
DA:14,0
DA:15,0
DA:19,0
LF:11
LH:0
BRDA:11,0,0,0
BRDA:11,0,1,0
BRF:2
BRH:0
end_of_record
TN:
SF:app\achievements\page.tsx
FN:14,AchievementsPage
FNF:1
FNH:0
FNDA:0,AchievementsPage
DA:2,0
DA:4,0
DA:14,0
LF:3
LH:0
BRF:0
BRH:0
end_of_record
TN:
SF:app\admin\layout.tsx
FN:4,AdminLayout
FNF:1
FNH:0
FNDA:0,AdminLayout
DA:2,0
DA:4,0
LF:2
LH:0
BRF:0
BRH:0
end_of_record
TN:
SF:app\admin\page.tsx
FN:3,AdminPage
FNF:1
FNH:0
FNDA:0,AdminPage
DA:1,0
DA:3,0
DA:4,0
LF:3
LH:0
BRF:0
BRH:0
end_of_record
TN:
SF:app\admin\competitions\page.tsx
FN:3,CompetitionsPage
FNF:1
FNH:0
FNDA:0,CompetitionsPage
DA:1,0
DA:3,0
DA:4,0
LF:3
LH:0
BRF:0
BRH:0
end_of_record
TN:
SF:app\admin\users\page.tsx
FN:3,UsersPage
FNF:1
FNH:0
FNDA:0,UsersPage
DA:1,0
DA:3,0
DA:4,0
LF:3
LH:0
BRF:0
BRH:0
end_of_record
TN:
SF:app\auth\login\page.tsx
FN:9,LoginPage
FN:17,validate
FN:30,handleChange
FN:32,(anonymous_5)
FN:33,(anonymous_6)
FN:37,handleBlur
FN:39,(anonymous_8)
FN:43,handleSubmit
FN:54,(anonymous_10)
FNF:9
FNH:0
FNDA:0,LoginPage
FNDA:0,validate
FNDA:0,handleChange
FNDA:0,(anonymous_5)
FNDA:0,(anonymous_6)
FNDA:0,handleBlur
FNDA:0,(anonymous_8)
FNDA:0,handleSubmit
FNDA:0,(anonymous_10)
DA:3,0
DA:4,0
DA:5,0
DA:6,0
DA:7,0
DA:9,0
DA:10,0
DA:11,0
DA:12,0
DA:13,0
DA:14,0
DA:15,0
DA:18,0
DA:19,0
DA:20,0
DA:21,0
DA:22,0
DA:24,0
DA:25,0
DA:27,0
DA:31,0
DA:32,0
DA:33,0
DA:34,0
DA:38,0
DA:39,0
DA:40,0
DA:44,0
DA:45,0
DA:46,0
DA:47,0
DA:48,0
DA:49,0
DA:50,0
DA:51,0
DA:52,0
DA:54,0
DA:56,0
DA:61,0
LF:39
LH:0
BRDA:19,0,0,0
BRDA:19,0,1,0
BRDA:21,1,0,0
BRDA:24,2,0,0
BRDA:48,3,0,0
BRDA:54,4,0,0
BRDA:54,4,1,0
BRDA:77,5,0,0
BRDA:77,5,1,0
BRDA:77,6,0,0
BRDA:77,6,1,0
BRDA:83,7,0,0
BRDA:83,7,1,0
BRDA:83,8,0,0
BRDA:83,8,1,0
BRDA:86,9,0,0
BRDA:86,9,1,0
BRDA:98,10,0,0
BRDA:98,10,1,0
BRDA:98,11,0,0
BRDA:98,11,1,0
BRDA:104,12,0,0
BRDA:104,12,1,0
BRDA:104,13,0,0
BRDA:104,13,1,0
BRDA:107,14,0,0
BRDA:107,14,1,0
BRDA:123,15,0,0
BRDA:123,15,1,0
BRDA:125,16,0,0
BRDA:125,16,1,0
BRDA:128,17,0,0
BRF:32
BRH:0
end_of_record
TN:
SF:app\auth\signup\page.tsx
FN:9,SignUpPage
FN:17,validate
FN:37,handleChange
FN:39,(anonymous_5)
FN:40,(anonymous_6)
FN:44,handleBlur
FN:46,(anonymous_8)
FN:50,handleSubmit
FN:62,(anonymous_10)
FNF:9
FNH:0
FNDA:0,SignUpPage
FNDA:0,validate
FNDA:0,handleChange
FNDA:0,(anonymous_5)
FNDA:0,(anonymous_6)
FNDA:0,handleBlur
FNDA:0,(anonymous_8)
FNDA:0,handleSubmit
FNDA:0,(anonymous_10)
DA:3,0
DA:4,0
DA:5,0
DA:6,0
DA:7,0
DA:9,0
DA:10,0
DA:11,0
DA:12,0
DA:13,0
DA:14,0
DA:15,0
DA:18,0
DA:19,0
DA:20,0
DA:22,0
DA:23,0
DA:24,0
DA:25,0
DA:27,0
DA:28,0
DA:29,0
DA:30,0
DA:31,0
DA:32,0
DA:34,0
DA:38,0
DA:39,0
DA:40,0
DA:41,0
DA:45,0
DA:46,0
DA:47,0
DA:51,0
DA:52,0
DA:53,0
DA:54,0
DA:55,0
DA:56,0
DA:57,0
DA:58,0
DA:60,0
DA:62,0
DA:64,0
DA:69,0
LF:45
LH:0
BRDA:19,0,0,0
BRDA:22,1,0,0
BRDA:22,1,1,0
BRDA:24,2,0,0
BRDA:27,3,0,0
BRDA:27,3,1,0
BRDA:29,4,0,0
BRDA:29,4,1,0
BRDA:31,5,0,0
BRDA:55,6,0,0
BRDA:62,7,0,0
BRDA:62,7,1,0
BRDA:85,8,0,0
BRDA:85,8,1,0
BRDA:85,9,0,0
BRDA:85,9,1,0
BRDA:91,10,0,0
BRDA:91,10,1,0
BRDA:91,11,0,0
BRDA:91,11,1,0
BRDA:94,12,0,0
BRDA:94,12,1,0
BRDA:106,13,0,0
BRDA:106,13,1,0
BRDA:106,14,0,0
BRDA:106,14,1,0
BRDA:112,15,0,0
BRDA:112,15,1,0
BRDA:112,16,0,0
BRDA:112,16,1,0
BRDA:115,17,0,0
BRDA:115,17,1,0
BRDA:127,18,0,0
BRDA:127,18,1,0
BRDA:127,19,0,0
BRDA:127,19,1,0
BRDA:133,20,0,0
BRDA:133,20,1,0
BRDA:133,21,0,0
BRDA:133,21,1,0
BRDA:136,22,0,0
BRDA:136,22,1,0
BRDA:144,23,0,0
BRDA:144,23,1,0
BRDA:146,24,0,0
BRDA:146,24,1,0
BRDA:149,25,0,0
BRF:47
BRH:0
end_of_record
TN:
SF:app\competitions\metadata.ts
FNF:0
FNH:0
DA:3,0
DA:8,0
LF:2
LH:0
BRF:0
BRH:0
end_of_record
TN:
SF:app\competitions\page.tsx
FN:54,CompetitionsPage
FN:70,(anonymous_2)
FN:75,(anonymous_3)
FN:82,(anonymous_4)
FN:95,(anonymous_5)
FN:111,(anonymous_6)
FN:127,(anonymous_7)
FN:143,(anonymous_8)
FN:159,(anonymous_9)
FNF:9
FNH:0
FNDA:0,CompetitionsPage
FNDA:0,(anonymous_2)
FNDA:0,(anonymous_3)
FNDA:0,(anonymous_4)
FNDA:0,(anonymous_5)
FNDA:0,(anonymous_6)
FNDA:0,(anonymous_7)
FNDA:0,(anonymous_8)
FNDA:0,(anonymous_9)
DA:3,0
DA:4,0
DA:5,0
DA:9,0
DA:23,0
DA:32,0
DA:42,0
DA:43,0
DA:45,0
DA:54,0
DA:55,0
DA:56,0
DA:70,0
DA:76,0
DA:82,0
DA:96,0
DA:112,0
DA:128,0
DA:144,0
DA:160,0
LF:20
LH:0
BRDA:80,0,0,0
BRDA:80,0,1,0
BRF:2
BRH:0
end_of_record
TN:
SF:app\competitions\[id]\page.tsx
FN:61,CompetitionDetailsPage
FN:66,(anonymous_2)
FN:72,(anonymous_3)
FN:85,(anonymous_4)
FN:201,(anonymous_5)
FN:202,(anonymous_6)
FN:242,(anonymous_7)
FN:279,(anonymous_8)
FN:305,(anonymous_9)
FN:355,(anonymous_10)
FNF:10
FNH:0
FNDA:0,CompetitionDetailsPage
FNDA:0,(anonymous_2)
FNDA:0,(anonymous_3)
FNDA:0,(anonymous_4)
FNDA:0,(anonymous_5)
FNDA:0,(anonymous_6)
FNDA:0,(anonymous_7)
FNDA:0,(anonymous_8)
FNDA:0,(anonymous_9)
FNDA:0,(anonymous_10)
DA:3,0
DA:4,0
DA:5,0
DA:6,0
DA:7,0
DA:8,0
DA:9,0
DA:20,0
DA:21,0
DA:24,0
DA:30,0
DA:49,0
DA:55,0
DA:61,0
DA:62,0
DA:63,0
DA:64,0
DA:66,0
DA:72,0
DA:73,0
DA:75,0
DA:77,0
DA:79,0
DA:81,0
DA:85,0
DA:86,0
DA:201,0
DA:203,0
DA:243,0
DA:280,0
DA:306,0
DA:356,0
LF:32
LH:0
BRDA:73,0,0,0
BRDA:73,0,1,0
BRDA:73,0,2,0
BRDA:73,0,3,0
BRDA:105,1,0,0
BRDA:114,2,0,0
BRDA:212,3,0,0
BRDA:312,4,0,0
BRDA:312,4,1,0
BRDA:317,5,0,0
BRDA:317,5,1,0
BRDA:324,6,0,0
BRF:12
BRH:0
end_of_record
TN:
SF:app\dashboard\page.tsx
FN:9,DashboardPage
FN:51,(anonymous_2)
FN:54,(anonymous_3)
FN:57,(anonymous_4)
FNF:4
FNH:0
FNDA:0,DashboardPage
FNDA:0,(anonymous_2)
FNDA:0,(anonymous_3)
FNDA:0,(anonymous_4)
DA:3,0
DA:4,0
DA:5,0
DA:6,0
DA:7,0
DA:9,0
DA:10,0
DA:11,0
DA:12,0
DA:14,0
DA:22,0
DA:33,0
LF:12
LH:0
BRDA:14,0,0,0
BRDA:22,1,0,0
BRDA:33,2,0,0
BRDA:33,3,0,0
BRDA:33,3,1,0
BRF:5
BRH:0
end_of_record
TN:
SF:app\fantasy\page.tsx
FN:82,FantasyPage
FN:92,(anonymous_2)
FN:105,(anonymous_3)
FN:106,(anonymous_4)
FN:108,(anonymous_5)
FN:123,(anonymous_6)
FN:124,(anonymous_7)
FN:125,(anonymous_8)
FN:138,(anonymous_9)
FN:260,(anonymous_10)
FN:269,(anonymous_11)
FN:304,(anonymous_12)
FN:339,(anonymous_13)
FN:353,(anonymous_14)
FNF:14
FNH:0
FNDA:0,FantasyPage
FNDA:0,(anonymous_2)
FNDA:0,(anonymous_3)
FNDA:0,(anonymous_4)
FNDA:0,(anonymous_5)
FNDA:0,(anonymous_6)
FNDA:0,(anonymous_7)
FNDA:0,(anonymous_8)
FNDA:0,(anonymous_9)
FNDA:0,(anonymous_10)
FNDA:0,(anonymous_11)
FNDA:0,(anonymous_12)
FNDA:0,(anonymous_13)
FNDA:0,(anonymous_14)
DA:3,0
DA:4,0
DA:5,0
DA:7,0
DA:8,0
DA:9,0
DA:10,0
DA:12,0
DA:13,0
DA:14,0
DA:32,0
DA:33,0
DA:35,0
DA:61,0
DA:82,0
DA:83,0
DA:84,0
DA:85,0
DA:86,0
DA:87,0
DA:88,0
DA:89,0
DA:90,0
DA:92,0
DA:94,0
DA:95,0
DA:96,0
DA:98,0
DA:99,0
DA:100,0
DA:102,0
DA:105,0
DA:106,0
DA:107,0
DA:108,0
DA:110,0
DA:112,0
DA:113,0
DA:115,0
DA:118,0
DA:123,0
DA:124,0
DA:125,0
DA:126,0
DA:127,0
DA:129,0
DA:130,0
DA:132,0
DA:134,0
DA:138,0
DA:139,0
DA:140,0
DA:141,0
DA:142,0
DA:144,0
DA:260,0
DA:269,0
DA:304,0
DA:340,0
DA:354,0
LF:60
LH:0
BRDA:110,0,0,0
BRDA:110,0,1,0
BRDA:126,1,0,0
BRDA:129,2,0,0
BRDA:140,3,0,0
BRDA:140,3,1,0
BRDA:141,4,0,0
BRDA:141,4,1,0
BRDA:142,5,0,0
BRDA:142,5,1,0
BRDA:144,6,0,0
BRDA:144,6,1,0
BRDA:144,6,2,0
BRDA:144,6,3,0
BRDA:260,7,0,0
BRDA:260,7,1,0
BRDA:269,8,0,0
BRDA:269,8,1,0
BRF:18
BRH:0
end_of_record
TN:
SF:app\fantasy\dashboard\page.tsx
FN:33,(anonymous_1)
FN:137,FantasyDashboard
FN:146,(anonymous_3)
FN:148,(anonymous_4)
FN:154,(anonymous_5)
FN:171,(anonymous_6)
FN:172,(anonymous_7)
FN:189,(anonymous_8)
FN:194,(anonymous_9)
FN:309,(anonymous_10)
FN:353,(anonymous_11)
FN:388,(anonymous_12)
FN:427,(anonymous_13)
FN:461,(anonymous_14)
FN:490,(anonymous_15)
FN:497,(anonymous_16)
FNF:16
FNH:0
FNDA:0,(anonymous_1)
FNDA:0,FantasyDashboard
FNDA:0,(anonymous_3)
FNDA:0,(anonymous_4)
FNDA:0,(anonymous_5)
FNDA:0,(anonymous_6)
FNDA:0,(anonymous_7)
FNDA:0,(anonymous_8)
FNDA:0,(anonymous_9)
FNDA:0,(anonymous_10)
FNDA:0,(anonymous_11)
FNDA:0,(anonymous_12)
FNDA:0,(anonymous_13)
FNDA:0,(anonymous_14)
FNDA:0,(anonymous_15)
FNDA:0,(anonymous_16)
DA:3,0
DA:4,0
DA:5,0
DA:6,0
DA:7,0
DA:9,0
DA:10,0
DA:11,0
DA:30,0
DA:33,0
DA:34,0
DA:36,0
DA:46,0
DA:62,0
DA:86,0
DA:98,0
DA:111,0
DA:122,0
DA:137,0
DA:138,0
DA:139,0
DA:140,0
DA:141,0
DA:142,0
DA:143,0
DA:146,0
DA:147,0
DA:149,0
DA:150,0
DA:151,0
DA:152,0
DA:155,0
DA:157,0
DA:159,0
DA:161,0
DA:163,0
DA:165,0
DA:171,0
DA:172,0
DA:189,0
DA:195,0
DA:310,0
DA:354,0
DA:389,0
DA:428,0
DA:462,0
DA:491,0
DA:498,0
LF:48
LH:0
BRDA:150,0,0,0
BRDA:150,0,1,0
BRDA:151,1,0,0
BRDA:151,1,1,0
BRDA:152,2,0,0
BRDA:152,2,1,0
BRDA:152,2,2,0
BRDA:155,3,0,0
BRDA:155,3,1,0
BRDA:155,3,2,0
BRDA:155,3,3,0
BRDA:155,3,4,0
BRDA:333,4,0,0
BRDA:442,5,0,0
BRF:14
BRH:0
end_of_record
TN:
SF:app\help\contact\page.tsx
FN:14,ContactSupportPage
FNF:1
FNH:0
FNDA:0,ContactSupportPage
DA:2,0
DA:4,0
DA:14,0
LF:3
LH:0
BRF:0
BRH:0
end_of_record
TN:
SF:app\help\faq\page.tsx
FN:14,FAQPage
FNF:1
FNH:0
FNDA:0,FAQPage
DA:2,0
DA:4,0
DA:14,0
LF:3
LH:0
BRF:0
BRH:0
end_of_record
TN:
SF:app\help\rules\page.tsx
FN:14,RulesPage
FNF:1
FNH:0
FNDA:0,RulesPage
DA:2,0
DA:4,0
DA:14,0
LF:3
LH:0
BRF:0
BRH:0
end_of_record
TN:
SF:app\leaderboards\page.tsx
FN:14,LeaderboardsPage
FN:37,(anonymous_4)
FN:64,(anonymous_5)
FNF:3
FNH:0
FNDA:0,LeaderboardsPage
FNDA:0,(anonymous_4)
FNDA:0,(anonymous_5)
DA:2,0
DA:4,0
DA:14,0
DA:38,0
DA:65,0
LF:5
LH:0
BRF:0
BRH:0
end_of_record
TN:
SF:app\leagues\[id]\page.tsx
FN:14,LeagueDetailsPage
FN:53,(anonymous_4)
FNF:2
FNH:0
FNDA:0,LeagueDetailsPage
FNDA:0,(anonymous_4)
DA:2,0
DA:4,0
DA:14,0
DA:54,0
LF:4
LH:0
BRF:0
BRH:0
end_of_record
TN:
SF:app\leagues\[id]\fixtures\page.tsx
FN:14,LeagueFixturesPage
FN:27,(anonymous_4)
FN:49,(anonymous_5)
FNF:3
FNH:0
FNDA:0,LeagueFixturesPage
FNDA:0,(anonymous_4)
FNDA:0,(anonymous_5)
DA:2,0
DA:4,0
DA:14,0
DA:28,0
DA:50,0
LF:5
LH:0
BRF:0
BRH:0
end_of_record
TN:
SF:app\leagues\[id]\stats\page.tsx
FN:14,LeagueStatsPage
FN:28,(anonymous_4)
FN:49,(anonymous_5)
FN:71,(anonymous_6)
FNF:4
FNH:0
FNDA:0,LeagueStatsPage
FNDA:0,(anonymous_4)
FNDA:0,(anonymous_5)
FNDA:0,(anonymous_6)
DA:2,0
DA:4,0
DA:14,0
DA:29,0
DA:50,0
DA:72,0
LF:6
LH:0
BRF:0
BRH:0
end_of_record
TN:
SF:app\login\page.tsx
FN:5,LoginPage
FNF:1
FNH:0
FNDA:0,LoginPage
DA:3,0
DA:5,0
LF:2
LH:0
BRF:0
BRH:0
end_of_record
TN:
SF:app\matches\[id]\page.tsx
FN:14,MatchPage
FN:130,(anonymous_4)
FNF:2
FNH:0
FNDA:0,MatchPage
FNDA:0,(anonymous_4)
DA:2,0
DA:4,0
DA:14,0
DA:131,0
LF:4
LH:0
BRDA:138,0,0,0
BRDA:138,0,1,0
BRDA:139,1,0,0
BRDA:139,1,1,0
BRDA:140,2,0,0
BRDA:140,2,1,0
BRDA:144,3,0,0
BRDA:144,3,1,0
BRDA:145,4,0,0
BRDA:145,4,1,0
BRDA:146,5,0,0
BRDA:146,5,1,0
BRDA:149,6,0,0
BRDA:154,7,0,0
BRDA:154,7,1,0
BRDA:155,8,0,0
BRDA:155,8,1,0
BRF:17
BRH:0
end_of_record
TN:
SF:app\matches\schedule\page.tsx
FN:14,MatchSchedulePage
FN:145,(anonymous_4)
FNF:2
FNH:0
FNDA:0,MatchSchedulePage
FNDA:0,(anonymous_4)
DA:2,0
DA:4,0
DA:14,0
DA:146,0
LF:4
LH:0
BRDA:165,0,0,0
BRDA:165,0,1,0
BRF:2
BRH:0
end_of_record
TN:
SF:app\news\page.tsx
FN:21,NewsPage
FN:28,(anonymous_5)
FNF:2
FNH:0
FNDA:0,NewsPage
FNDA:0,(anonymous_5)
DA:2,0
DA:3,0
DA:5,0
DA:15,0
DA:21,0
DA:29,0
LF:6
LH:0
BRF:0
BRH:0
end_of_record
TN:
SF:app\news\[id]\page.tsx
FN:33,NewsArticlePage
FN:34,(anonymous_5)
FN:46,(anonymous_6)
FNF:3
FNH:0
FNDA:0,NewsArticlePage
FNDA:0,(anonymous_5)
FNDA:0,(anonymous_6)
DA:2,0
DA:3,0
DA:5,0
DA:15,0
DA:33,0
DA:34,0
DA:46,0
LF:7
LH:0
BRDA:34,0,0,0
BRDA:34,0,1,0
BRF:2
BRH:0
end_of_record
TN:
SF:app\players\[id]\page.tsx
FN:14,PlayerProfilePage
FNF:1
FNH:0
FNDA:0,PlayerProfilePage
DA:2,0
DA:4,0
DA:14,0
LF:3
LH:0
BRF:0
BRH:0
end_of_record
TN:
SF:app\players\[id]\history\page.tsx
FN:14,PlayerHistoryPage
FN:26,(anonymous_4)
FNF:2
FNH:0
FNDA:0,PlayerHistoryPage
FNDA:0,(anonymous_4)
DA:2,0
DA:4,0
DA:14,0
DA:27,0
LF:4
LH:0
BRF:0
BRH:0
end_of_record
TN:
SF:app\profile\page.tsx
FN:10,ProfilePage
FN:14,(anonymous_2)
FNF:2
FNH:0
FNDA:0,ProfilePage
FNDA:0,(anonymous_2)
DA:3,0
DA:4,0
DA:5,0
DA:6,0
DA:7,0
DA:8,0
DA:10,0
DA:11,0
DA:12,0
DA:14,0
DA:15,0
DA:16,0
DA:20,0
DA:25,0
DA:27,0
DA:28,0
DA:30,0
DA:31,0
DA:33,0
DA:34,0
LF:20
LH:0
BRDA:15,0,0,0
BRDA:15,1,0,0
BRDA:15,1,1,0
BRDA:20,2,0,0
BRDA:20,3,0,0
BRDA:20,3,1,0
BRDA:25,4,0,0
BRDA:25,4,1,0
BRDA:27,5,0,0
BRDA:30,6,0,0
BRDA:33,7,0,0
BRF:11
BRH:0
end_of_record
TN:
SF:app\profile\manager\page.tsx
FN:3,ManagerProfilePage
FNF:1
FNH:0
FNDA:0,ManagerProfilePage
DA:1,0
DA:3,0
DA:4,0
LF:3
LH:0
BRF:0
BRH:0
end_of_record
TN:
SF:app\profile\player\page.tsx
FN:3,PlayerProfilePage
FNF:1
FNH:0
FNDA:0,PlayerProfilePage
DA:1,0
DA:3,0
DA:4,0
LF:3
LH:0
BRF:0
BRH:0
end_of_record
TN:
SF:app\register\page.tsx
FN:5,RegisterPage
FNF:1
FNH:0
FNDA:0,RegisterPage
DA:3,0
DA:5,0
LF:2
LH:0
BRF:0
BRH:0
end_of_record
TN:
SF:app\rewards\page.tsx
FN:14,RewardsPage
FNF:1
FNH:0
FNDA:0,RewardsPage
DA:2,0
DA:4,0
DA:14,0
LF:3
LH:0
BRF:0
BRH:0
end_of_record
TN:
SF:app\settings\account\page.tsx
FN:14,AccountSettingsPage
FNF:1
FNH:0
FNDA:0,AccountSettingsPage
DA:2,0
DA:4,0
DA:14,0
LF:3
LH:0
BRF:0
BRH:0
end_of_record
TN:
SF:app\settings\privacy\page.tsx
FN:14,PrivacySettingsPage
FNF:1
FNH:0
FNDA:0,PrivacySettingsPage
DA:2,0
DA:4,0
DA:14,0
LF:3
LH:0
BRF:0
BRH:0
end_of_record
TN:
SF:app\social\activity\page.tsx
FN:14,ActivityFeedPage
FN:27,(anonymous_4)
FNF:2
FNH:0
FNDA:0,ActivityFeedPage
FNDA:0,(anonymous_4)
DA:2,0
DA:4,0
DA:14,0
DA:28,0
LF:4
LH:0
BRDA:33,0,0,0
BRF:1
BRH:0
end_of_record
TN:
SF:app\social\friends\page.tsx
FN:14,FriendsPage
FN:33,(anonymous_4)
FNF:2
FNH:0
FNDA:0,FriendsPage
FNDA:0,(anonymous_4)
DA:2,0
DA:4,0
DA:14,0
DA:34,0
LF:4
LH:0
BRDA:42,0,0,0
BRDA:42,0,1,0
BRF:2
BRH:0
end_of_record
TN:
SF:app\social\messages\page.tsx
FN:14,MessagesPage
FNF:1
FNH:0
FNDA:0,MessagesPage
DA:2,0
DA:4,0
DA:14,0
LF:3
LH:0
BRF:0
BRH:0
end_of_record
TN:
SF:app\teams\[id]\page.tsx
FN:15,TeamPage
FNF:1
FNH:0
FNDA:0,TeamPage
DA:2,0
DA:4,0
DA:15,0
LF:3
LH:0
BRF:0
BRH:0
end_of_record
TN:
SF:app\teams\[id]\squad\page.tsx
FN:14,TeamSquadPage
FN:109,(anonymous_4)
FNF:2
FNH:0
FNDA:0,TeamSquadPage
FNDA:0,(anonymous_4)
DA:2,0
DA:4,0
DA:14,0
DA:110,0
LF:4
LH:0
BRF:0
BRH:0
end_of_record
TN:
SF:app\teams\[id]\stats\page.tsx
FN:15,TeamStatsPage
FN:118,(anonymous_5)
FN:133,(anonymous_6)
FN:167,(anonymous_7)
FNF:4
FNH:0
FNDA:0,TeamStatsPage
FNDA:0,(anonymous_5)
FNDA:0,(anonymous_6)
FNDA:0,(anonymous_7)
DA:2,0
DA:3,0
DA:5,0
DA:15,0
DA:119,0
DA:134,0
DA:168,0
LF:7
LH:0
BRF:0
BRH:0
end_of_record
TN:
SF:app\teams\[id]\tactics\page.tsx
FN:14,TeamTacticsPage
FN:179,(anonymous_4)
FN:188,(anonymous_5)
FNF:3
FNH:0
FNDA:0,TeamTacticsPage
FNDA:0,(anonymous_4)
FNDA:0,(anonymous_5)
DA:2,0
DA:4,0
DA:14,0
DA:180,0
DA:189,0
LF:5
LH:0
BRF:0
BRH:0
end_of_record
TN:
SF:app\transfers\page.tsx
FN:14,TransferMarketPage
FN:45,(anonymous_4)
FNF:2
FNH:0
FNDA:0,TransferMarketPage
FNDA:0,(anonymous_4)
DA:2,0
DA:4,0
DA:14,0
DA:46,0
LF:4
LH:0
BRF:0
BRH:0
end_of_record
TN:
SF:app\transfers\[id]\page.tsx
FN:14,TransferDetailsPage
FNF:1
FNH:0
FNDA:0,TransferDetailsPage
DA:2,0
DA:4,0
DA:14,0
LF:3
LH:0
BRF:0
BRH:0
end_of_record
TN:
SF:app\transfers\offers\page.tsx
FN:14,TransferOffersPage
FN:28,(anonymous_4)
FN:52,(anonymous_5)
FNF:3
FNH:0
FNDA:0,TransferOffersPage
FNDA:0,(anonymous_4)
FNDA:0,(anonymous_5)
DA:2,0
DA:4,0
DA:14,0
DA:29,0
DA:53,0
LF:5
LH:0
BRF:0
BRH:0
end_of_record
TN:
SF:components\bottom-navigation.tsx
FN:44,BottomNavigation
FN:47,(anonymous_3)
FN:57,(anonymous_4)
FNF:3
FNH:3
FNDA:15,BottomNavigation
FNDA:60,(anonymous_3)
FNDA:60,(anonymous_4)
DA:5,2
DA:6,2
DA:7,2
DA:8,2
DA:17,2
DA:44,15
DA:45,15
DA:47,15
DA:48,60
DA:49,0
DA:51,60
DA:58,60
DA:59,60
DA:61,60
LF:14
LH:13
BRDA:48,0,0,0
BRDA:68,1,0,5
BRDA:68,1,1,55
BRDA:71,2,0,5
BRDA:71,2,1,55
BRDA:73,3,0,60
BRDA:73,3,1,5
BRDA:77,4,0,60
BRDA:77,4,1,5
BRDA:80,5,0,60
BRDA:85,6,0,5
BRDA:85,6,1,55
BRDA:90,7,0,60
BRF:13
BRH:12
end_of_record
TN:
SF:components\competition-card.tsx
FN:11,CompetitionCard
FN:12,(anonymous_2)
FNF:2
FNH:0
FNDA:0,CompetitionCard
FNDA:0,(anonymous_2)
DA:1,0
DA:2,0
DA:3,0
DA:4,0
DA:11,0
DA:12,0
DA:13,0
DA:15,0
DA:17,0
DA:19,0
DA:21,0
LF:11
LH:0
BRDA:13,0,0,0
BRDA:13,0,1,0
BRDA:13,0,2,0
BRDA:13,0,3,0
BRDA:45,1,0,0
BRDA:45,1,1,0
BRDA:49,2,0,0
BRDA:56,3,0,0
BRF:8
BRH:0
end_of_record
TN:
SF:components\error-boundary.tsx
FN:23,(anonymous_1)
FN:27,(anonymous_2)
FN:31,(anonymous_3)
FN:48,(anonymous_4)
FNF:4
FNH:4
FNDA:18,(anonymous_1)
FNDA:9,(anonymous_2)
FNDA:40,(anonymous_3)
FNDA:2,(anonymous_4)
DA:3,1
DA:4,1
DA:5,1
DA:17,16
DA:24,18
DA:28,9
DA:32,40
DA:33,21
DA:34,5
DA:49,2
DA:50,2
DA:59,19
LF:12
LH:12
BRDA:32,0,0,21
BRDA:33,1,0,5
BRDA:44,2,0,16
BRDA:44,2,1,2
BRF:4
BRH:4
end_of_record
TN:
SF:components\fan-profile-screen.tsx
FN:128,FanProfileScreen
FN:131,(anonymous_2)
FN:132,(anonymous_3)
FN:141,(anonymous_4)
FN:156,(anonymous_5)
FN:164,(anonymous_6)
FN:200,(anonymous_7)
FN:340,(anonymous_8)
FN:382,(anonymous_9)
FN:394,(anonymous_10)
FN:406,(anonymous_11)
FN:418,(anonymous_12)
FNF:12
FNH:0
FNDA:0,FanProfileScreen
FNDA:0,(anonymous_2)
FNDA:0,(anonymous_3)
FNDA:0,(anonymous_4)
FNDA:0,(anonymous_5)
FNDA:0,(anonymous_6)
FNDA:0,(anonymous_7)
FNDA:0,(anonymous_8)
FNDA:0,(anonymous_9)
FNDA:0,(anonymous_10)
FNDA:0,(anonymous_11)
FNDA:0,(anonymous_12)
DA:3,0
DA:22,0
DA:23,0
DA:24,0
DA:25,0
DA:26,0
DA:27,0
DA:28,0
DA:69,0
DA:128,0
DA:129,0
DA:131,0
DA:132,0
DA:141,0
DA:142,0
DA:156,0
DA:157,0
DA:164,0
DA:165,0
DA:166,0
DA:167,0
DA:169,0
DA:170,0
DA:171,0
DA:172,0
DA:173,0
DA:200,0
DA:341,0
DA:382,0
DA:394,0
DA:406,0
DA:418,0
LF:32
LH:0
BRDA:169,0,0,0
BRDA:170,1,0,0
BRDA:172,2,0,0
BRDA:196,3,0,0
BRDA:196,3,1,0
BRDA:347,4,0,0
BRF:6
BRH:0
end_of_record
TN:
SF:components\header.tsx
FN:91,Header
FN:97,(anonymous_3)
FN:102,(anonymous_4)
FN:122,(anonymous_5)
FN:152,(anonymous_6)
FN:177,(anonymous_7)
FN:270,(anonymous_8)
FN:282,(anonymous_9)
FN:295,(anonymous_10)
FN:302,(anonymous_11)
FN:331,(anonymous_12)
FNF:11
FNH:0
FNDA:0,Header
FNDA:0,(anonymous_3)
FNDA:0,(anonymous_4)
FNDA:0,(anonymous_5)
FNDA:0,(anonymous_6)
FNDA:0,(anonymous_7)
FNDA:0,(anonymous_8)
FNDA:0,(anonymous_9)
FNDA:0,(anonymous_10)
FNDA:0,(anonymous_11)
FNDA:0,(anonymous_12)
DA:5,0
DA:6,0
DA:7,0
DA:21,0
DA:22,0
DA:23,0
DA:31,0
DA:32,0
DA:33,0
DA:34,0
DA:52,0
DA:91,0
DA:92,0
DA:93,0
DA:94,0
DA:97,0
DA:100,0
DA:102,0
DA:123,0
DA:124,0
DA:152,0
DA:178,0
DA:271,0
DA:272,0
DA:282,0
DA:295,0
DA:302,0
DA:331,0
LF:28
LH:0
BRDA:91,0,0,0
BRDA:91,1,0,0
BRDA:91,2,0,0
BRDA:123,3,0,0
BRDA:123,3,1,0
BRDA:123,3,2,0
BRDA:130,4,0,0
BRDA:130,4,1,0
BRDA:132,5,0,0
BRDA:132,5,1,0
BRDA:136,6,0,0
BRDA:163,7,0,0
BRDA:206,8,0,0
BRDA:206,8,1,0
BRDA:261,9,0,0
BRDA:261,9,1,0
BRDA:271,10,0,0
BRDA:271,10,1,0
BRDA:271,10,2,0
BRDA:278,11,0,0
BRDA:278,11,1,0
BRDA:317,12,0,0
BRF:22
BRH:0
end_of_record
TN:
SF:components\layout-wrapper.tsx
FN:11,LayoutWrapper
FNF:1
FNH:1
FNDA:9,LayoutWrapper
DA:4,1
DA:5,1
DA:11,9
DA:12,9
DA:13,9
LF:5
LH:5
BRDA:13,0,0,9
BRDA:13,0,1,7
BRDA:18,1,0,9
BRDA:18,1,1,6
BRF:4
BRH:4
end_of_record
TN:
SF:components\loading.tsx
FN:11,Loading
FNF:1
FNH:1
FNDA:14,Loading
DA:3,1
DA:11,14
DA:12,14
DA:18,14
LF:4
LH:4
BRDA:11,0,0,8
BRDA:11,1,0,8
BRF:2
BRH:2
end_of_record
TN:
SF:components\manager-profile-screen.tsx
FN:294,ManagerProfileScreen
FN:298,(anonymous_3)
FN:306,(anonymous_4)
FN:315,(anonymous_5)
FN:328,(anonymous_6)
FN:377,(anonymous_7)
FN:538,(anonymous_8)
FN:581,(anonymous_9)
FN:619,(anonymous_10)
FN:621,(anonymous_11)
FN:665,(anonymous_12)
FN:705,(anonymous_13)
FN:723,(anonymous_14)
FN:807,(anonymous_15)
FN:808,(anonymous_16)
FN:851,(anonymous_17)
FN:852,(anonymous_18)
FN:1002,(anonymous_19)
FN:1019,(anonymous_20)
FNF:19
FNH:0
FNDA:0,ManagerProfileScreen
FNDA:0,(anonymous_3)
FNDA:0,(anonymous_4)
FNDA:0,(anonymous_5)
FNDA:0,(anonymous_6)
FNDA:0,(anonymous_7)
FNDA:0,(anonymous_8)
FNDA:0,(anonymous_9)
FNDA:0,(anonymous_10)
FNDA:0,(anonymous_11)
FNDA:0,(anonymous_12)
FNDA:0,(anonymous_13)
FNDA:0,(anonymous_14)
FNDA:0,(anonymous_15)
FNDA:0,(anonymous_16)
FNDA:0,(anonymous_17)
FNDA:0,(anonymous_18)
FNDA:0,(anonymous_19)
FNDA:0,(anonymous_20)
DA:3,0
DA:22,0
DA:23,0
DA:24,0
DA:25,0
DA:26,0
DA:27,0
DA:28,0
DA:29,0
DA:30,0
DA:31,0
DA:32,0
DA:33,0
DA:34,0
DA:35,0
DA:112,0
DA:294,0
DA:295,0
DA:296,0
DA:298,0
DA:299,0
DA:306,0
DA:307,0
DA:315,0
DA:316,0
DA:318,0
DA:320,0
DA:322,0
DA:324,0
DA:328,0
DA:329,0
DA:349,0
DA:377,0
DA:539,0
DA:582,0
DA:619,0
DA:622,0
DA:666,0
DA:706,0
DA:723,0
DA:807,0
DA:809,0
DA:851,0
DA:853,0
DA:1003,0
DA:1020,0
LF:46
LH:0
BRDA:316,0,0,0
BRDA:316,0,1,0
BRDA:316,0,2,0
BRDA:316,0,3,0
BRDA:329,1,0,0
BRDA:373,2,0,0
BRDA:373,2,1,0
BRDA:589,3,0,0
BRDA:589,3,1,0
BRDA:591,4,0,0
BRDA:591,4,1,0
BRDA:619,5,0,0
BRDA:619,5,1,0
BRDA:676,6,0,0
BRDA:676,6,1,0
BRDA:677,7,0,0
BRDA:677,7,1,0
BRDA:678,8,0,0
BRDA:678,8,1,0
BRDA:680,9,0,0
BRDA:681,10,0,0
BRDA:682,11,0,0
BRDA:709,12,0,0
BRDA:709,12,1,0
BRDA:711,13,0,0
BRDA:711,13,1,0
BRDA:719,14,0,0
BRDA:719,14,1,0
BRDA:730,15,0,0
BRDA:770,16,0,0
BRDA:770,16,1,0
BRDA:771,17,0,0
BRDA:771,17,1,0
BRDA:772,18,0,0
BRDA:772,18,1,0
BRDA:813,19,0,0
BRDA:813,19,1,0
BRDA:815,20,0,0
BRDA:822,21,0,0
BRDA:822,21,1,0
BRDA:832,22,0,0
BRDA:832,22,1,0
BRDA:859,23,0,0
BRDA:859,23,1,0
BRDA:861,24,0,0
BRDA:861,24,1,0
BRDA:867,25,0,0
BRDA:869,26,0,0
BRDA:876,27,0,0
BRDA:876,27,1,0
BRDA:887,28,0,0
BRDA:887,28,1,0
BRDA:889,29,0,0
BRDA:889,29,1,0
BRF:54
BRH:0
end_of_record
TN:
SF:components\player-profile-screen.tsx
FN:175,PlayerProfileScreen
FN:185,(anonymous_2)
FN:186,(anonymous_3)
FN:196,(anonymous_4)
FN:204,(anonymous_5)
FN:236,(anonymous_6)
FN:246,(anonymous_7)
FN:255,(anonymous_8)
FN:282,(anonymous_9)
FN:288,(anonymous_10)
FN:309,(anonymous_11)
FN:531,(anonymous_12)
FN:618,(anonymous_13)
FNF:13
FNH:0
FNDA:0,PlayerProfileScreen
FNDA:0,(anonymous_2)
FNDA:0,(anonymous_3)
FNDA:0,(anonymous_4)
FNDA:0,(anonymous_5)
FNDA:0,(anonymous_6)
FNDA:0,(anonymous_7)
FNDA:0,(anonymous_8)
FNDA:0,(anonymous_9)
FNDA:0,(anonymous_10)
FNDA:0,(anonymous_11)
FNDA:0,(anonymous_12)
FNDA:0,(anonymous_13)
DA:3,0
DA:4,0
DA:5,0
DA:6,0
DA:7,0
DA:8,0
DA:9,0
DA:10,0
DA:11,0
DA:12,0
DA:13,0
DA:14,0
DA:15,0
DA:84,0
DA:175,0
DA:176,0
DA:177,0
DA:178,0
DA:185,0
DA:186,0
DA:193,0
DA:196,0
DA:197,0
DA:204,0
DA:205,0
DA:206,0
DA:207,0
DA:236,0
DA:246,0
DA:255,0
DA:282,0
DA:288,0
DA:309,0
DA:532,0
DA:619,0
LF:35
LH:0
BRDA:205,0,0,0
BRDA:206,1,0,0
BRDA:305,2,0,0
BRDA:305,2,1,0
BRDA:318,3,0,0
BRDA:318,3,1,0
BRDA:320,4,0,0
BRDA:441,5,0,0
BRDA:604,6,0,0
BRF:9
BRH:0
end_of_record
TN:
SF:components\theme-provider.tsx
FN:9,ThemeProvider
FNF:1
FNH:0
FNDA:0,ThemeProvider
DA:3,0
DA:7,0
DA:9,0
LF:3
LH:0
BRF:0
BRH:0
end_of_record
TN:
SF:components\admin\admin-dashboard.tsx
FN:143,AdminDashboard
FN:146,(anonymous_2)
FN:158,(anonymous_3)
FN:175,(anonymous_4)
FN:188,(anonymous_5)
FN:323,(anonymous_6)
FN:365,(anonymous_7)
FNF:7
FNH:0
FNDA:0,AdminDashboard
FNDA:0,(anonymous_2)
FNDA:0,(anonymous_3)
FNDA:0,(anonymous_4)
FNDA:0,(anonymous_5)
FNDA:0,(anonymous_6)
FNDA:0,(anonymous_7)
DA:3,0
DA:17,0
DA:18,0
DA:19,0
DA:20,0
DA:21,0
DA:22,0
DA:54,0
DA:143,0
DA:144,0
DA:146,0
DA:147,0
DA:148,0
DA:149,0
DA:151,0
DA:152,0
DA:153,0
DA:154,0
DA:155,0
DA:158,0
DA:159,0
DA:175,0
DA:176,0
DA:178,0
DA:180,0
DA:182,0
DA:184,0
DA:188,0
DA:189,0
DA:324,0
DA:366,0
LF:31
LH:0
BRDA:151,0,0,0
BRDA:152,1,0,0
BRDA:154,2,0,0
BRDA:176,3,0,0
BRDA:176,3,1,0
BRDA:176,3,2,0
BRDA:176,3,3,0
BRDA:371,4,0,0
BRDA:371,4,1,0
BRF:9
BRH:0
end_of_record
TN:
SF:components\admin\admin-sidebar.tsx
FN:76,AdminSidebar
FN:100,(anonymous_3)
FN:122,(anonymous_4)
FNF:3
FNH:0
FNDA:0,AdminSidebar
FNDA:0,(anonymous_3)
FNDA:0,(anonymous_4)
DA:5,0
DA:6,0
DA:7,0
DA:20,0
DA:21,0
DA:22,0
DA:23,0
DA:24,0
DA:32,0
DA:41,0
DA:76,0
DA:77,0
DA:78,0
DA:100,0
DA:123,0
DA:124,0
DA:126,0
LF:17
LH:0
BRDA:84,0,0,0
BRDA:84,0,1,0
BRDA:89,1,0,0
BRDA:103,2,0,0
BRDA:108,3,0,0
BRDA:132,4,0,0
BRDA:132,4,1,0
BRDA:138,5,0,0
BRDA:141,6,0,0
BRDA:161,7,0,0
BRDA:161,7,1,0
BRDA:168,8,0,0
BRF:12
BRH:0
end_of_record
TN:
SF:components\admin\competition-management.tsx
FN:141,CompetitionManagement
FN:149,(anonymous_2)
FN:153,(anonymous_3)
FN:155,(anonymous_4)
FN:170,(anonymous_5)
FN:185,(anonymous_6)
FN:193,(anonymous_7)
FN:233,(anonymous_8)
FN:281,(anonymous_9)
FN:344,(anonymous_10)
FNF:10
FNH:0
FNDA:0,CompetitionManagement
FNDA:0,(anonymous_2)
FNDA:0,(anonymous_3)
FNDA:0,(anonymous_4)
FNDA:0,(anonymous_5)
FNDA:0,(anonymous_6)
FNDA:0,(anonymous_7)
FNDA:0,(anonymous_8)
FNDA:0,(anonymous_9)
FNDA:0,(anonymous_10)
DA:3,0
DA:4,0
DA:5,0
DA:6,0
DA:15,0
DA:16,0
DA:17,0
DA:52,0
DA:105,0
DA:141,0
DA:142,0
DA:143,0
DA:144,0
DA:145,0
DA:146,0
DA:147,0
DA:149,0
DA:150,0
DA:153,0
DA:155,0
DA:156,0
DA:158,0
DA:160,0
DA:162,0
DA:164,0
DA:166,0
DA:170,0
DA:171,0
DA:173,0
DA:175,0
DA:177,0
DA:179,0
DA:181,0
DA:185,0
DA:186,0
DA:193,0
DA:194,0
DA:234,0
DA:281,0
DA:344,0
LF:40
LH:0
BRDA:156,0,0,0
BRDA:156,0,1,0
BRDA:156,0,2,0
BRDA:156,0,3,0
BRDA:156,0,4,0
BRDA:171,1,0,0
BRDA:171,1,1,0
BRDA:171,1,2,0
BRDA:171,1,3,0
BRDA:171,1,4,0
BRF:10
BRH:0
end_of_record
TN:
SF:components\admin\user-management.tsx
FN:171,UserManagement
FN:181,(anonymous_2)
FN:193,(anonymous_3)
FN:195,(anonymous_4)
FN:208,(anonymous_5)
FN:218,(anonymous_6)
FN:227,(anonymous_7)
FN:228,(anonymous_8)
FN:229,(anonymous_9)
FN:232,(anonymous_10)
FN:234,(anonymous_11)
FN:235,(anonymous_12)
FN:240,(anonymous_13)
FN:241,(anonymous_14)
FN:242,(anonymous_15)
FN:246,(anonymous_16)
FN:305,(anonymous_17)
FN:335,(anonymous_18)
FN:389,(anonymous_19)
FN:462,(anonymous_20)
FN:479,(anonymous_21)
FN:488,(anonymous_22)
FNF:22
FNH:0
FNDA:0,UserManagement
FNDA:0,(anonymous_2)
FNDA:0,(anonymous_3)
FNDA:0,(anonymous_4)
FNDA:0,(anonymous_5)
FNDA:0,(anonymous_6)
FNDA:0,(anonymous_7)
FNDA:0,(anonymous_8)
FNDA:0,(anonymous_9)
FNDA:0,(anonymous_10)
FNDA:0,(anonymous_11)
FNDA:0,(anonymous_12)
FNDA:0,(anonymous_13)
FNDA:0,(anonymous_14)
FNDA:0,(anonymous_15)
FNDA:0,(anonymous_16)
FNDA:0,(anonymous_17)
FNDA:0,(anonymous_18)
FNDA:0,(anonymous_19)
FNDA:0,(anonymous_20)
FNDA:0,(anonymous_21)
FNDA:0,(anonymous_22)
DA:3,0
DA:17,0
DA:18,0
DA:19,0
DA:20,0
DA:21,0
DA:22,0
DA:30,0
DA:39,0
DA:40,0
DA:41,0
DA:42,0
DA:72,0
DA:138,0
DA:171,0
DA:172,0
DA:173,0
DA:174,0
DA:175,0
DA:176,0
DA:177,0
DA:178,0
DA:179,0
DA:181,0
DA:183,0
DA:187,0
DA:188,0
DA:190,0
DA:193,0
DA:195,0
DA:196,0
DA:208,0
DA:209,0
DA:215,0
DA:218,0
DA:219,0
DA:224,0
DA:227,0
DA:228,0
DA:229,0
DA:232,0
DA:233,0
DA:234,0
DA:235,0
DA:240,0
DA:241,0
DA:242,0
DA:246,0
DA:247,0
DA:305,0
DA:335,0
DA:390,0
DA:463,0
DA:479,0
DA:488,0
LF:55
LH:0
BRDA:183,0,0,0
BRDA:183,0,1,0
BRDA:183,0,2,0
BRDA:187,1,0,0
BRDA:187,1,1,0
BRDA:188,2,0,0
BRDA:188,2,1,0
BRDA:190,3,0,0
BRDA:190,3,1,0
BRDA:190,3,2,0
BRDA:215,4,0,0
BRDA:215,4,1,0
BRDA:224,5,0,0
BRDA:224,5,1,0
BRDA:229,6,0,0
BRDA:229,6,1,0
BRDA:233,7,0,0
BRDA:235,8,0,0
BRDA:235,8,1,0
BRDA:242,9,0,0
BRDA:242,9,1,0
BRDA:406,10,0,0
BRDA:407,11,0,0
BRDA:411,12,0,0
BRDA:411,12,1,0
BRDA:497,13,0,0
BRF:26
BRH:0
end_of_record
TN:
SF:components\auth\login-form.tsx
FN:11,LoginForm
FN:25,(anonymous_3)
FNF:2
FNH:0
FNDA:0,LoginForm
FNDA:0,(anonymous_3)
DA:1,0
DA:2,0
DA:3,0
DA:4,0
DA:5,0
DA:6,0
DA:7,0
DA:8,0
DA:9,0
DA:11,0
DA:12,0
DA:13,0
DA:14,0
DA:15,0
DA:21,0
DA:25,0
DA:26,0
DA:27,0
DA:28,0
DA:29,0
DA:30,0
DA:32,0
DA:34,0
LF:23
LH:0
BRDA:51,0,0,0
BRDA:65,1,0,0
BRDA:77,2,0,0
BRDA:97,3,0,0
BRDA:97,3,1,0
BRF:5
BRH:0
end_of_record
TN:
SF:components\auth\protected-route.tsx
FN:10,ProtectedRoute
FN:14,(anonymous_2)
FNF:2
FNH:0
FNDA:0,ProtectedRoute
FNDA:0,(anonymous_2)
DA:1,0
DA:2,0
DA:3,0
DA:10,0
DA:11,0
DA:12,0
DA:14,0
DA:15,0
DA:16,0
DA:19,0
DA:21,0
DA:22,0
DA:23,0
DA:28,0
DA:36,0
DA:37,0
LF:16
LH:0
BRDA:15,0,0,0
BRDA:15,1,0,0
BRDA:15,1,1,0
BRDA:19,2,0,0
BRDA:19,3,0,0
BRDA:19,3,1,0
BRDA:22,4,0,0
BRDA:28,5,0,0
BRDA:36,6,0,0
BRF:9
BRH:0
end_of_record
TN:
SF:components\auth\register-form.tsx
FN:11,RegisterForm
FN:26,(anonymous_3)
FNF:2
FNH:0
FNDA:0,RegisterForm
FNDA:0,(anonymous_3)
DA:1,0
DA:2,0
DA:3,0
DA:4,0
DA:5,0
DA:6,0
DA:7,0
DA:8,0
DA:9,0
DA:11,0
DA:12,0
DA:13,0
DA:14,0
DA:15,0
DA:16,0
DA:22,0
DA:26,0
DA:27,0
DA:28,0
DA:29,0
DA:30,0
DA:31,0
DA:33,0
DA:35,0
DA:39,0
LF:25
LH:0
BRDA:39,0,0,0
BRDA:65,1,0,0
BRDA:79,2,0,0
BRDA:91,3,0,0
BRDA:103,4,0,0
BRDA:114,5,0,0
BRDA:114,5,1,0
BRF:7
BRH:0
end_of_record
TN:
SF:components\auth\reset-password-form.tsx
FN:10,ResetPasswordForm
FN:24,(anonymous_3)
FNF:2
FNH:0
FNDA:0,ResetPasswordForm
FNDA:0,(anonymous_3)
DA:1,0
DA:2,0
DA:3,0
DA:4,0
DA:5,0
DA:6,0
DA:7,0
DA:8,0
DA:10,0
DA:11,0
DA:12,0
DA:13,0
DA:14,0
DA:20,0
DA:24,0
DA:25,0
DA:26,0
DA:27,0
DA:28,0
DA:29,0
DA:31,0
DA:33,0
DA:37,0
LF:23
LH:0
BRDA:37,0,0,0
BRDA:60,1,0,0
BRDA:73,2,0,0
BRDA:92,3,0,0
BRDA:92,3,1,0
BRF:5
BRH:0
end_of_record
TN:
SF:components\auth\upgrade-request-form.tsx
FN:9,UpgradeRequestForm
FN:23,(anonymous_2)
FNF:2
FNH:0
FNDA:0,UpgradeRequestForm
FNDA:0,(anonymous_2)
DA:1,0
DA:2,0
DA:3,0
DA:4,0
DA:5,0
DA:6,0
DA:7,0
DA:9,0
DA:10,0
DA:11,0
DA:12,0
DA:13,0
DA:19,0
DA:23,0
DA:24,0
DA:25,0
DA:26,0
DA:27,0
DA:28,0
DA:30,0
DA:32,0
DA:36,0
LF:22
LH:0
BRDA:36,0,0,0
BRDA:59,1,0,0
BRDA:71,2,0,0
BRDA:81,3,0,0
BRDA:81,3,1,0
BRF:5
BRH:0
end_of_record
TN:
SF:components\fantasy\draggable-player.tsx
FN:8,DraggablePlayer
FN:9,(anonymous_2)
FN:12,(anonymous_3)
FNF:3
FNH:0
FNDA:0,DraggablePlayer
FNDA:0,(anonymous_2)
FNDA:0,(anonymous_3)
DA:1,0
DA:8,0
DA:9,0
DA:12,0
LF:4
LH:0
BRDA:21,0,0,0
BRDA:21,0,1,0
BRF:2
BRH:0
end_of_record
TN:
SF:components\fantasy\filter-bar.tsx
FN:15,FilterBar
FN:31,(anonymous_2)
FN:42,(anonymous_3)
FN:55,(anonymous_4)
FNF:4
FNH:0
FNDA:0,FilterBar
FNDA:0,(anonymous_2)
FNDA:0,(anonymous_3)
FNDA:0,(anonymous_4)
DA:1,0
DA:2,0
DA:4,0
DA:15,0
DA:31,0
DA:43,0
DA:56,0
LF:7
LH:0
BRF:0
BRH:0
end_of_record
TN:
SF:components\fantasy\formation-grid.tsx
FN:31,getFormationPositions
FN:47,(anonymous_3)
FN:63,(anonymous_4)
FN:79,(anonymous_5)
FN:95,FormationGrid
FN:98,(anonymous_7)
FN:99,(anonymous_8)
FN:100,(anonymous_9)
FN:101,(anonymous_10)
FN:135,(anonymous_11)
FN:136,(anonymous_12)
FN:138,(anonymous_13)
FN:150,(anonymous_14)
FN:158,(anonymous_15)
FN:164,(anonymous_16)
FNF:15
FNH:0
FNDA:0,getFormationPositions
FNDA:0,(anonymous_3)
FNDA:0,(anonymous_4)
FNDA:0,(anonymous_5)
FNDA:0,FormationGrid
FNDA:0,(anonymous_7)
FNDA:0,(anonymous_8)
FNDA:0,(anonymous_9)
FNDA:0,(anonymous_10)
FNDA:0,(anonymous_11)
FNDA:0,(anonymous_12)
FNDA:0,(anonymous_13)
FNDA:0,(anonymous_14)
FNDA:0,(anonymous_15)
FNDA:0,(anonymous_16)
DA:1,0
DA:3,0
DA:4,0
DA:24,0
DA:32,0
DA:35,0
DA:45,0
DA:46,0
DA:47,0
DA:48,0
DA:49,0
DA:61,0
DA:62,0
DA:63,0
DA:64,0
DA:65,0
DA:77,0
DA:78,0
DA:79,0
DA:80,0
DA:81,0
DA:92,0
DA:95,0
DA:96,0
DA:97,0
DA:98,0
DA:99,0
DA:100,0
DA:101,0
DA:105,0
DA:110,0
DA:136,0
DA:139,0
DA:140,0
DA:141,0
DA:142,0
DA:143,0
DA:145,0
DA:146,0
DA:151,0
DA:152,0
DA:153,0
DA:154,0
DA:156,0
DA:158,0
DA:164,0
DA:166,0
LF:47
LH:0
BRDA:48,0,0,0
BRDA:48,0,1,0
BRDA:54,1,0,0
BRDA:54,1,1,0
BRDA:54,2,0,0
BRDA:54,2,1,0
BRDA:64,3,0,0
BRDA:64,3,1,0
BRDA:70,4,0,0
BRDA:70,4,1,0
BRDA:70,5,0,0
BRDA:70,5,1,0
BRDA:80,6,0,0
BRDA:80,6,1,0
BRDA:86,7,0,0
BRDA:86,7,1,0
BRDA:86,8,0,0
BRDA:86,8,1,0
BRDA:105,9,0,0
BRDA:105,9,1,0
BRDA:105,9,2,0
BRDA:105,9,3,0
BRDA:105,9,4,0
BRDA:105,9,5,0
BRDA:105,9,6,0
BRDA:105,9,7,0
BRDA:128,10,0,0
BRDA:140,11,0,0
BRDA:145,12,0,0
BRDA:156,13,0,0
BRDA:156,13,1,0
BRDA:173,14,0,0
BRDA:173,14,1,0
BRDA:174,15,0,0
BRDA:174,15,1,0
BRDA:174,15,2,0
BRDA:175,16,0,0
BRDA:175,16,1,0
BRDA:175,16,2,0
BRDA:183,17,0,0
BRF:40
BRH:0
end_of_record
TN:
SF:components\fantasy\performance-chart.tsx
FN:12,PerformanceChart
FNF:1
FNH:0
FNDA:0,PerformanceChart
DA:1,0
DA:12,0
LF:2
LH:0
BRDA:28,0,0,0
BRDA:28,0,1,0
BRDA:45,1,0,0
BRDA:45,1,1,0
BRF:4
BRH:0
end_of_record
TN:
SF:components\fantasy\substitution-interface.tsx
FN:10,SubstitutionInterface
FN:11,(anonymous_2)
FN:13,(anonymous_3)
FN:15,(anonymous_4)
FN:20,(anonymous_5)
FN:25,(anonymous_6)
FN:26,(anonymous_7)
FN:35,(anonymous_8)
FN:72,(anonymous_9)
FNF:9
FNH:0
FNDA:0,SubstitutionInterface
FNDA:0,(anonymous_2)
FNDA:0,(anonymous_3)
FNDA:0,(anonymous_4)
FNDA:0,(anonymous_5)
FNDA:0,(anonymous_6)
FNDA:0,(anonymous_7)
FNDA:0,(anonymous_8)
FNDA:0,(anonymous_9)
DA:1,0
DA:3,0
DA:10,0
DA:11,0
DA:15,0
DA:16,0
DA:17,0
DA:20,0
DA:25,0
DA:26,0
DA:36,0
DA:73,0
LF:12
LH:0
BRDA:16,0,0,0
BRDA:59,1,0,0
BRDA:59,1,1,0
BRF:3
BRH:0
end_of_record
TN:
SF:components\pwa\install-prompt.tsx
FN:7,InstallPrompt
FN:11,(anonymous_2)
FN:12,(anonymous_3)
FN:23,(anonymous_4)
FN:28,(anonymous_5)
FN:47,(anonymous_6)
FNF:6
FNH:0
FNDA:0,InstallPrompt
FNDA:0,(anonymous_2)
FNDA:0,(anonymous_3)
FNDA:0,(anonymous_4)
FNDA:0,(anonymous_5)
FNDA:0,(anonymous_6)
DA:3,0
DA:4,0
DA:5,0
DA:7,0
DA:8,0
DA:9,0
DA:11,0
DA:12,0
DA:14,0
DA:16,0
DA:18,0
DA:21,0
DA:23,0
DA:24,0
DA:28,0
DA:29,0
DA:32,0
DA:35,0
DA:38,0
DA:41,0
DA:44,0
DA:47,0
DA:48,0
DA:51,0
LF:24
LH:0
BRDA:29,0,0,0
BRDA:51,1,0,0
BRF:2
BRH:0
end_of_record
TN:
SF:components\pwa\pwa-provider.tsx
FN:12,PWAProvider
FNF:1
FNH:0
FNDA:0,PWAProvider
DA:4,0
DA:5,0
DA:6,0
DA:12,0
LF:4
LH:0
BRF:0
BRH:0
end_of_record
TN:
SF:components\pwa\pwa-registration.tsx
FN:5,PWARegistration
FN:6,(anonymous_2)
FN:15,(anonymous_3)
FN:20,(anonymous_4)
FN:29,(anonymous_5)
FN:34,(anonymous_6)
FN:39,(anonymous_7)
FN:45,(anonymous_8)
FN:50,(anonymous_9)
FN:56,(anonymous_10)
FN:61,(anonymous_11)
FNF:11
FNH:0
FNDA:0,PWARegistration
FNDA:0,(anonymous_2)
FNDA:0,(anonymous_3)
FNDA:0,(anonymous_4)
FNDA:0,(anonymous_5)
FNDA:0,(anonymous_6)
FNDA:0,(anonymous_7)
FNDA:0,(anonymous_8)
FNDA:0,(anonymous_9)
FNDA:0,(anonymous_10)
FNDA:0,(anonymous_11)
DA:3,0
DA:5,0
DA:6,0
DA:7,0
DA:12,0
DA:15,0
DA:17,0
DA:20,0
DA:22,0
DA:26,0
DA:29,0
DA:30,0
DA:31,0
DA:34,0
DA:35,0
DA:36,0
DA:39,0
DA:40,0
DA:41,0
DA:45,0
DA:46,0
DA:50,0
DA:51,0
DA:52,0
DA:56,0
DA:57,0
DA:61,0
DA:62,0
DA:63,0
DA:68,0
LF:30
LH:0
BRDA:7,0,0,0
BRDA:8,1,0,0
BRDA:8,1,1,0
BRDA:8,1,2,0
BRDA:51,2,0,0
BRF:5
BRH:0
end_of_record
TN:
SF:components\pwa\update-notification.tsx
FN:7,UpdateNotification
FN:10,(anonymous_2)
FN:13,(anonymous_3)
FN:14,(anonymous_4)
FN:17,(anonymous_5)
FN:28,(anonymous_6)
FNF:6
FNH:0
FNDA:0,UpdateNotification
FNDA:0,(anonymous_2)
FNDA:0,(anonymous_3)
FNDA:0,(anonymous_4)
FNDA:0,(anonymous_5)
FNDA:0,(anonymous_6)
DA:3,0
DA:4,0
DA:5,0
DA:7,0
DA:8,0
DA:10,0
DA:12,0
DA:13,0
DA:14,0
DA:15,0
DA:16,0
DA:17,0
DA:18,0
DA:19,0
DA:28,0
DA:29,0
DA:30,0
DA:33,0
LF:18
LH:0
BRDA:12,0,0,0
BRDA:16,1,0,0
BRDA:18,2,0,0
BRDA:18,3,0,0
BRDA:18,3,1,0
BRDA:33,4,0,0
BRF:6
BRH:0
end_of_record
TN:
SF:components\ui\accordion.tsx
FNF:0
FNH:0
DA:3,0
DA:4,0
DA:5,0
DA:7,0
DA:9,0
DA:21,0
DA:41,0
DA:56,0
DA:58,0
LF:9
LH:0
BRF:0
BRH:0
end_of_record
TN:
SF:components\ui\alert-dialog.tsx
FNF:0
FNH:0
DA:3,0
DA:4,0
DA:6,0
DA:7,0
DA:9,0
DA:11,0
DA:13,0
DA:28,0
DA:46,0
DA:60,0
DA:74,0
DA:86,0
DA:98,0
DA:111,0
DA:127,0
DA:130,0
DA:131,0
DA:132,0
DA:133,0
DA:134,0
DA:135,0
DA:136,0
DA:137,0
DA:138,0
DA:139,0
DA:140,0
LF:26
LH:0
BRF:0
BRH:0
end_of_record
TN:
SF:components\ui\alert.tsx
FNF:0
FNH:0
DA:1,0
DA:2,0
DA:4,0
DA:6,0
DA:33,0
DA:45,0
DA:57,0
DA:59,0
LF:8
LH:0
BRF:0
BRH:0
end_of_record
TN:
SF:components\ui\aspect-ratio.tsx
FNF:0
FNH:0
DA:3,0
DA:5,0
DA:7,0
LF:3
LH:0
BRF:0
BRH:0
end_of_record
TN:
SF:components\ui\avatar.tsx
FNF:0
FNH:0
DA:3,1
DA:4,1
DA:6,1
DA:21,1
DA:33,1
DA:48,1
DA:50,0
LF:7
LH:6
BRF:0
BRH:0
end_of_record
TN:
SF:components\ui\badge.tsx
FN:30,Badge
FNF:1
FNH:1
FNDA:88,Badge
DA:1,4
DA:2,4
DA:4,4
DA:6,4
DA:36,88
LF:5
LH:5
BRF:0
BRH:0
end_of_record
TN:
SF:components\ui\breadcrumb.tsx
FN:47,(anonymous_14)
FNF:1
FNH:0
FNDA:0,(anonymous_14)
DA:1,0
DA:2,0
DA:3,0
DA:5,0
DA:13,0
DA:28,0
DA:40,0
DA:42,0
DA:48,0
DA:58,0
DA:73,0
DA:89,0
DA:105,0
DA:108,0
DA:109,0
DA:110,0
DA:111,0
DA:112,0
DA:113,0
DA:114,0
LF:20
LH:0
BRDA:48,0,0,0
BRDA:48,0,1,0
BRDA:86,1,0,0
BRDA:86,1,1,0
BRF:4
BRH:0
end_of_record
TN:
SF:components\ui\button.tsx
FN:46,(anonymous_6)
FNF:1
FNH:1
FNDA:23,(anonymous_6)
DA:1,2
DA:2,2
DA:3,2
DA:5,2
DA:7,2
DA:45,2
DA:47,23
DA:57,2
DA:59,23
LF:9
LH:9
BRDA:46,0,0,23
BRDA:47,1,0,0
BRDA:47,1,1,23
BRF:3
BRH:2
end_of_record
TN:
SF:components\ui\calendar.tsx
FN:12,Calendar
FNF:1
FNH:0
FNDA:0,Calendar
DA:3,0
DA:4,0
DA:5,0
DA:7,0
DA:8,0
DA:64,0
DA:66,0
LF:7
LH:0
BRDA:15,0,0,0
BRF:1
BRH:0
end_of_record
TN:
SF:components\ui\card.tsx
FNF:0
FNH:0
DA:1,3
DA:3,3
DA:19,3
DA:31,3
DA:46,3
DA:58,3
DA:66,3
DA:78,3
DA:80,91
LF:9
LH:9
BRF:0
BRH:0
end_of_record
TN:
SF:components\ui\carousel.tsx
FN:35,useCarousel
FN:49,(anonymous_11)
FN:71,(anonymous_12)
FN:80,(anonymous_13)
FN:84,(anonymous_14)
FN:89,(anonymous_15)
FN:101,(anonymous_16)
FN:109,(anonymous_17)
FN:118,(anonymous_18)
FN:156,(anonymous_19)
FN:178,(anonymous_20)
FN:200,(anonymous_21)
FN:229,(anonymous_22)
FNF:13
FNH:0
FNDA:0,useCarousel
FNDA:0,(anonymous_11)
FNDA:0,(anonymous_12)
FNDA:0,(anonymous_13)
FNDA:0,(anonymous_14)
FNDA:0,(anonymous_15)
FNDA:0,(anonymous_16)
FNDA:0,(anonymous_17)
FNDA:0,(anonymous_18)
FNDA:0,(anonymous_19)
FNDA:0,(anonymous_20)
FNDA:0,(anonymous_21)
FNDA:0,(anonymous_22)
DA:3,0
DA:6,0
DA:7,0
DA:9,0
DA:10,0
DA:33,0
DA:36,0
DA:38,0
DA:39,0
DA:42,0
DA:45,0
DA:61,0
DA:68,0
DA:69,0
DA:71,0
DA:72,0
DA:73,0
DA:76,0
DA:77,0
DA:80,0
DA:81,0
DA:84,0
DA:85,0
DA:88,0
DA:90,0
DA:91,0
DA:92,0
DA:93,0
DA:94,0
DA:95,0
DA:101,0
DA:102,0
DA:103,0
DA:106,0
DA:109,0
DA:110,0
DA:111,0
DA:114,0
DA:115,0
DA:116,0
DA:118,0
DA:119,0
DA:151,0
DA:153,0
DA:157,0
DA:173,0
DA:175,0
DA:179,0
DA:195,0
DA:197,0
DA:201,0
DA:224,0
DA:226,0
DA:230,0
DA:253,0
DA:257,0
DA:258,0
DA:259,0
DA:260,0
DA:261,0
LF:60
LH:0
BRDA:38,0,0,0
BRDA:51,1,0,0
BRDA:64,2,0,0
BRDA:64,2,1,0
BRDA:72,3,0,0
BRDA:90,4,0,0
BRDA:90,4,1,0
BRDA:93,5,0,0
BRDA:102,6,0,0
BRDA:102,7,0,0
BRDA:102,7,1,0
BRDA:110,8,0,0
BRDA:130,9,0,0
BRDA:130,9,1,0
BRDA:130,10,0,0
BRDA:130,10,1,0
BRDA:165,11,0,0
BRDA:165,11,1,0
BRDA:188,12,0,0
BRDA:188,12,1,0
BRDA:200,13,0,0
BRDA:200,14,0,0
BRDA:210,15,0,0
BRDA:210,15,1,0
BRDA:229,16,0,0
BRDA:229,17,0,0
BRDA:239,18,0,0
BRDA:239,18,1,0
BRF:28
BRH:0
end_of_record
TN:
SF:components\ui\chart.tsx
FN:27,useChart
FN:45,(anonymous_11)
FN:70,(anonymous_12)
FN:72,(anonymous_13)
FN:84,(anonymous_14)
FN:87,(anonymous_15)
FN:116,(anonymous_16)
FN:136,(anonymous_17)
FN:188,(anonymous_18)
FN:269,(anonymous_19)
FN:288,(anonymous_20)
FN:320,getPayloadConfigFromPayload
FNF:12
FNH:0
FNDA:0,useChart
FNDA:0,(anonymous_11)
FNDA:0,(anonymous_12)
FNDA:0,(anonymous_13)
FNDA:0,(anonymous_14)
FNDA:0,(anonymous_15)
FNDA:0,(anonymous_16)
FNDA:0,(anonymous_17)
FNDA:0,(anonymous_18)
FNDA:0,(anonymous_19)
FNDA:0,(anonymous_20)
FNDA:0,getPayloadConfigFromPayload
DA:3,0
DA:4,0
DA:6,0
DA:9,0
DA:25,0
DA:28,0
DA:30,0
DA:31,0
DA:34,0
DA:37,0
DA:46,0
DA:47,0
DA:68,0
DA:70,0
DA:71,0
DA:72,0
DA:75,0
DA:76,0
DA:84,0
DA:89,0
DA:91,0
DA:103,0
DA:105,0
DA:134,0
DA:136,0
DA:137,0
DA:138,0
DA:141,0
DA:142,0
DA:143,0
DA:145,0
DA:149,0
DA:157,0
DA:158,0
DA:172,0
DA:173,0
DA:176,0
DA:189,0
DA:190,0
DA:191,0
DA:193,0
DA:257,0
DA:259,0
DA:261,0
DA:273,0
DA:275,0
DA:276,0
DA:289,0
DA:290,0
DA:292,0
DA:317,0
DA:325,0
DA:326,0
DA:330,0
DA:336,0
DA:338,0
DA:342,0
DA:343,0
DA:348,0
DA:353,0
DA:359,0
DA:360,0
DA:361,0
DA:362,0
DA:363,0
DA:364,0
LF:66
LH:0
BRDA:30,0,0,0
BRDA:47,1,0,0
BRDA:47,1,1,0
BRDA:72,2,0,0
BRDA:72,2,1,0
BRDA:75,3,0,0
BRDA:89,4,0,0
BRDA:89,4,1,0
BRDA:91,5,0,0
BRDA:91,5,1,0
BRDA:121,6,0,0
BRDA:122,7,0,0
BRDA:123,8,0,0
BRDA:137,9,0,0
BRDA:137,10,0,0
BRDA:137,10,1,0
BRDA:142,11,0,0
BRDA:142,11,1,0
BRDA:142,11,2,0
BRDA:142,11,3,0
BRDA:145,12,0,0
BRDA:145,12,1,0
BRDA:145,13,0,0
BRDA:145,13,1,0
BRDA:146,14,0,0
BRDA:146,14,1,0
BRDA:149,15,0,0
BRDA:157,16,0,0
BRDA:172,17,0,0
BRDA:172,18,0,0
BRDA:172,18,1,0
BRDA:176,19,0,0
BRDA:176,19,1,0
BRDA:186,20,0,0
BRDA:186,20,1,0
BRDA:189,21,0,0
BRDA:189,21,1,0
BRDA:189,21,2,0
BRDA:189,21,3,0
BRDA:191,22,0,0
BRDA:191,22,1,0
BRDA:191,22,2,0
BRDA:198,23,0,0
BRDA:198,23,1,0
BRDA:202,24,0,0
BRDA:201,25,0,0
BRDA:201,25,1,0
BRDA:201,25,2,0
BRDA:206,26,0,0
BRDA:208,27,0,0
BRDA:217,28,0,0
BRDA:217,28,1,0
BRDA:232,29,0,0
BRDA:232,29,1,0
BRDA:236,30,0,0
BRDA:236,30,1,0
BRDA:238,31,0,0
BRDA:238,31,1,0
BRDA:241,32,0,0
BRDA:270,33,0,0
BRDA:270,34,0,0
BRDA:275,35,0,0
BRDA:284,36,0,0
BRDA:284,36,1,0
BRDA:289,37,0,0
BRDA:289,37,1,0
BRDA:289,37,2,0
BRDA:300,38,0,0
BRDA:299,39,0,0
BRDA:299,39,1,0
BRDA:325,40,0,0
BRDA:325,41,0,0
BRDA:325,41,1,0
BRDA:330,42,0,0
BRDA:330,42,1,0
BRDA:330,43,0,0
BRDA:330,43,1,0
BRDA:330,43,2,0
BRDA:338,44,0,0
BRDA:338,44,1,0
BRDA:339,45,0,0
BRDA:339,45,1,0
BRDA:343,46,0,0
BRDA:344,47,0,0
BRDA:344,47,1,0
BRDA:344,47,2,0
BRDA:353,48,0,0
BRDA:353,48,1,0
BRF:88
BRH:0
end_of_record
TN:
SF:components\ui\checkbox.tsx
FNF:0
FNH:0
DA:3,0
DA:4,0
DA:5,0
DA:7,0
DA:28,0
DA:30,0
LF:6
LH:0
BRF:0
BRH:0
end_of_record
TN:
SF:components\ui\collapsible.tsx
FNF:0
FNH:0
DA:3,0
DA:5,0
DA:7,0
DA:9,0
DA:11,0
LF:5
LH:0
BRF:0
BRH:0
end_of_record
TN:
SF:components\ui\command.tsx
FN:26,(anonymous_14)
FN:127,(anonymous_21)
FNF:2
FNH:0
FNDA:0,(anonymous_14)
FNDA:0,(anonymous_21)
DA:3,0
DA:5,0
DA:6,0
DA:8,0
DA:9,0
DA:24,0
DA:26,0
DA:55,0
DA:68,0
DA:81,0
DA:97,0
DA:109,0
DA:125,0
DA:127,0
DA:141,0
DA:144,0
DA:145,0
DA:146,0
DA:147,0
DA:148,0
DA:149,0
DA:150,0
DA:151,0
DA:152,0
LF:24
LH:0
BRF:0
BRH:0
end_of_record
TN:
SF:components\ui\context-menu.tsx
FN:168,(anonymous_27)
FNF:1
FNH:0
FNDA:0,(anonymous_27)
DA:3,0
DA:4,0
DA:5,0
DA:7,0
DA:9,0
DA:11,0
DA:13,0
DA:15,0
DA:17,0
DA:19,0
DA:40,0
DA:55,0
DA:72,0
DA:90,0
DA:113,0
DA:136,0
DA:154,0
DA:166,0
DA:168,0
DA:182,0
DA:185,0
DA:186,0
DA:187,0
DA:188,0
DA:189,0
DA:190,0
DA:191,0
DA:192,0
DA:193,0
DA:194,0
DA:195,0
DA:196,0
DA:197,0
DA:198,0
DA:199,0
LF:35
LH:0
BRDA:31,0,0,0
BRDA:31,0,1,0
BRDA:84,1,0,0
BRDA:84,1,1,0
BRDA:148,2,0,0
BRDA:148,2,1,0
BRF:6
BRH:0
end_of_record
TN:
SF:components\ui\dialog.tsx
FNF:0
FNH:0
DA:3,0
DA:4,0
DA:5,0
DA:7,0
DA:9,0
DA:11,0
DA:13,0
DA:15,0
DA:30,0
DA:54,0
DA:68,0
DA:82,0
DA:97,0
DA:109,0
DA:112,0
DA:113,0
DA:114,0
DA:115,0
DA:116,0
DA:117,0
DA:118,0
DA:119,0
DA:120,0
DA:121,0
LF:24
LH:0
BRF:0
BRH:0
end_of_record
TN:
SF:components\ui\drawer.tsx
FNF:0
FNH:0
DA:3,0
DA:4,0
DA:6,0
DA:17,0
DA:19,0
DA:21,0
DA:23,0
DA:35,0
DA:56,0
DA:67,0
DA:78,0
DA:93,0
DA:105,0
DA:108,0
DA:109,0
DA:110,0
DA:111,0
DA:112,0
DA:113,0
DA:114,0
DA:115,0
DA:116,0
DA:117,0
LF:23
LH:0
BRDA:9,0,0,0
BRF:1
BRH:0
end_of_record
TN:
SF:components\ui\dropdown-menu.tsx
FN:171,(anonymous_27)
FNF:1
FNH:0
FNDA:0,(anonymous_27)
DA:3,0
DA:4,0
DA:5,0
DA:7,0
DA:9,0
DA:11,0
DA:13,0
DA:15,0
DA:17,0
DA:19,0
DA:40,0
DA:56,0
DA:75,0
DA:93,0
DA:116,0
DA:139,0
DA:157,0
DA:169,0
DA:171,0
DA:182,0
DA:185,0
DA:186,0
DA:187,0
DA:188,0
DA:189,0
DA:190,0
DA:191,0
DA:192,0
DA:193,0
DA:194,0
DA:195,0
DA:196,0
DA:197,0
DA:198,0
DA:199,0
LF:35
LH:0
BRDA:31,0,0,0
BRDA:31,0,1,0
BRDA:62,1,0,0
BRDA:87,2,0,0
BRDA:87,2,1,0
BRDA:151,3,0,0
BRDA:151,3,1,0
BRF:7
BRH:0
end_of_record
TN:
SF:components\ui\form.tsx
FN:31,(anonymous_12)
FN:44,(anonymous_13)
FN:78,(anonymous_14)
FN:92,(anonymous_15)
FN:109,(anonymous_16)
FN:131,(anonymous_17)
FN:148,(anonymous_18)
FNF:7
FNH:0
FNDA:0,(anonymous_12)
FNDA:0,(anonymous_13)
FNDA:0,(anonymous_14)
FNDA:0,(anonymous_15)
FNDA:0,(anonymous_16)
FNDA:0,(anonymous_17)
FNDA:0,(anonymous_18)
DA:3,0
DA:5,0
DA:13,0
DA:15,0
DA:16,0
DA:18,0
DA:27,0
DA:31,0
DA:44,0
DA:45,0
DA:46,0
DA:47,0
DA:49,0
DA:51,0
DA:52,0
DA:55,0
DA:57,0
DA:71,0
DA:75,0
DA:79,0
DA:87,0
DA:89,0
DA:93,0
DA:104,0
DA:106,0
DA:110,0
DA:126,0
DA:128,0
DA:132,0
DA:143,0
DA:145,0
DA:149,0
DA:150,0
DA:152,0
DA:153,0
DA:167,0
DA:170,0
DA:171,0
DA:172,0
DA:173,0
DA:174,0
DA:175,0
DA:176,0
DA:177,0
LF:44
LH:0
BRDA:51,0,0,0
BRDA:98,1,0,0
BRDA:98,1,1,0
BRDA:117,2,0,0
BRDA:117,2,1,0
BRDA:150,3,0,0
BRDA:150,3,1,0
BRDA:152,4,0,0
BRF:8
BRH:0
end_of_record
TN:
SF:components\ui\hover-card.tsx
FNF:0
FNH:0
DA:3,0
DA:4,0
DA:6,0
DA:8,0
DA:10,0
DA:27,0
DA:29,0
LF:7
LH:0
BRDA:15,0,0,0
BRDA:15,1,0,0
BRF:2
BRH:0
end_of_record
TN:
SF:components\ui\input-otp.tsx
FN:36,(anonymous_10)
FNF:1
FNH:0
FNDA:0,(anonymous_10)
DA:3,0
DA:4,0
DA:5,0
DA:7,0
DA:23,0
DA:31,0
DA:33,0
DA:37,0
DA:38,0
DA:59,0
DA:69,0
DA:71,0
LF:12
LH:0
BRDA:45,0,0,0
BRDA:45,0,1,0
BRDA:51,1,0,0
BRF:3
BRH:0
end_of_record
TN:
SF:components\ui\input.tsx
FN:6,(anonymous_4)
FNF:1
FNH:0
FNDA:0,(anonymous_4)
DA:1,0
DA:3,0
DA:5,0
DA:20,0
DA:22,0
LF:5
LH:0
BRF:0
BRH:0
end_of_record
TN:
SF:components\ui\label.tsx
FNF:0
FNH:0
DA:3,0
DA:4,0
DA:5,0
DA:7,0
DA:9,0
DA:24,0
DA:26,0
LF:7
LH:0
BRF:0
BRH:0
end_of_record
TN:
SF:components\ui\menubar.tsx
FN:203,(anonymous_30)
FNF:1
FNH:0
FNDA:0,(anonymous_30)
DA:3,0
DA:4,0
DA:5,0
DA:7,0
DA:9,0
DA:11,0
DA:13,0
DA:15,0
DA:17,0
DA:32,0
DA:47,0
DA:68,0
DA:83,0
DA:108,0
DA:126,0
DA:149,0
DA:171,0
DA:189,0
DA:201,0
DA:203,0
DA:217,0
DA:220,0
DA:221,0
DA:222,0
DA:223,0
DA:224,0
DA:225,0
DA:226,0
DA:227,0
DA:228,0
DA:229,0
DA:230,0
DA:231,0
DA:232,0
DA:233,0
DA:234,0
DA:235,0
LF:37
LH:0
BRDA:59,0,0,0
BRDA:59,0,1,0
BRDA:90,1,0,0
BRDA:90,2,0,0
BRDA:90,3,0,0
BRDA:120,4,0,0
BRDA:120,4,1,0
BRDA:183,5,0,0
BRDA:183,5,1,0
BRF:9
BRH:0
end_of_record
TN:
SF:components\ui\navigation-menu.tsx
FNF:0
FNH:0
DA:1,0
DA:2,0
DA:3,0
DA:4,0
DA:6,0
DA:24,0
DA:39,0
DA:41,0
DA:43,0
DA:63,0
DA:78,0
DA:80,0
DA:97,0
DA:115,0
DA:119,0
DA:120,0
DA:121,0
DA:122,0
DA:123,0
DA:124,0
DA:125,0
DA:126,0
DA:127,0
LF:23
LH:0
BRF:0
BRH:0
end_of_record
TN:
SF:components\ui\pagination.tsx
FNF:0
FNH:0
DA:1,0
DA:2,0
DA:4,0
DA:5,0
DA:15,0
DA:27,0
DA:35,0
DA:60,0
DA:76,0
DA:92,0
DA:107,0
DA:110,0
DA:111,0
DA:112,0
DA:113,0
DA:114,0
DA:115,0
DA:116,0
LF:18
LH:0
BRDA:45,0,0,0
BRDA:49,1,0,0
BRDA:49,1,1,0
BRDA:52,2,0,0
BRDA:52,2,1,0
BRF:5
BRH:0
end_of_record
TN:
SF:components\ui\popover.tsx
FNF:0
FNH:0
DA:3,0
DA:4,0
DA:6,0
DA:8,0
DA:10,0
DA:29,0
DA:31,0
LF:7
LH:0
BRDA:15,0,0,0
BRDA:15,1,0,0
BRF:2
BRH:0
end_of_record
TN:
SF:components\ui\progress.tsx
FNF:0
FNH:0
DA:3,2
DA:4,2
DA:6,2
DA:26,2
DA:28,12
LF:5
LH:5
BRDA:22,0,0,12
BRDA:22,0,1,0
BRF:2
BRH:1
end_of_record
TN:
SF:components\ui\radio-group.tsx
FN:12,(anonymous_6)
FN:26,(anonymous_7)
FNF:2
FNH:0
FNDA:0,(anonymous_6)
FNDA:0,(anonymous_7)
DA:3,0
DA:4,0
DA:5,0
DA:7,0
DA:9,0
DA:21,0
DA:23,0
DA:42,0
DA:44,0
LF:9
LH:0
BRF:0
BRH:0
end_of_record
TN:
SF:components\ui\resizable.tsx
FNF:0
FNH:0
DA:3,0
DA:4,0
DA:6,0
DA:21,0
DA:45,0
LF:5
LH:0
BRDA:37,0,0,0
BRF:1
BRH:0
end_of_record
TN:
SF:components\ui\scroll-area.tsx
FNF:0
FNH:0
DA:3,0
DA:4,0
DA:6,0
DA:24,0
DA:46,0
DA:48,0
LF:6
LH:0
BRDA:29,0,0,0
BRDA:35,1,0,0
BRDA:35,1,1,0
BRDA:37,2,0,0
BRDA:37,2,1,0
BRF:5
BRH:0
end_of_record
TN:
SF:components\ui\select.tsx
FNF:0
FNH:0
DA:3,0
DA:4,0
DA:5,0
DA:7,0
DA:9,0
DA:11,0
DA:13,0
DA:33,0
DA:50,0
DA:67,0
DA:100,0
DA:112,0
DA:135,0
DA:147,0
DA:150,0
DA:151,0
DA:152,0
DA:153,0
DA:154,0
DA:155,0
DA:156,0
DA:157,0
DA:158,0
DA:159,0
LF:24
LH:0
BRDA:73,0,0,0
BRDA:79,1,0,0
BRDA:79,1,1,0
BRDA:90,2,0,0
BRDA:90,2,1,0
BRF:5
BRH:0
end_of_record
TN:
SF:components\ui\separator.tsx
FNF:0
FNH:0
DA:3,0
DA:4,0
DA:6,0
DA:29,0
DA:31,0
LF:5
LH:0
BRDA:13,0,0,0
BRDA:13,1,0,0
BRDA:22,2,0,0
BRDA:22,2,1,0
BRF:4
BRH:0
end_of_record
TN:
SF:components\ui\sheet.tsx
FNF:0
FNH:0
DA:3,0
DA:4,0
DA:5,0
DA:6,0
DA:8,0
DA:10,0
DA:12,0
DA:14,0
DA:16,0
DA:31,0
DA:33,0
DA:75,0
DA:89,0
DA:103,0
DA:115,0
DA:127,0
DA:130,0
DA:131,0
DA:132,0
DA:133,0
DA:134,0
DA:135,0
DA:136,0
DA:137,0
DA:138,0
DA:139,0
LF:26
LH:0
BRDA:59,0,0,0
BRF:1
BRH:0
end_of_record
TN:
SF:components\ui\sidebar.tsx
FN:41,useSidebar
FN:58,(anonymous_29)
FN:78,(anonymous_30)
FN:93,(anonymous_31)
FN:95,(anonymous_32)
FN:96,(anonymous_33)
FN:100,(anonymous_34)
FN:101,(anonymous_35)
FN:112,(anonymous_36)
FN:120,(anonymous_37)
FN:167,(anonymous_38)
FN:265,(anonymous_39)
FN:275,(anonymous_40)
FN:291,(anonymous_41)
FN:320,(anonymous_42)
FN:338,(anonymous_43)
FN:356,(anonymous_44)
FN:371,(anonymous_45)
FN:386,(anonymous_46)
FN:401,(anonymous_47)
FN:419,(anonymous_48)
FN:434,(anonymous_49)
FN:455,(anonymous_50)
FN:544,(anonymous_54)
FN:601,(anonymous_55)
FN:652,(anonymous_57)
FN:654,(anonymous_58)
FN:715,(anonymous_61)
FNF:28
FNH:0
FNDA:0,useSidebar
FNDA:0,(anonymous_29)
FNDA:0,(anonymous_30)
FNDA:0,(anonymous_31)
FNDA:0,(anonymous_32)
FNDA:0,(anonymous_33)
FNDA:0,(anonymous_34)
FNDA:0,(anonymous_35)
FNDA:0,(anonymous_36)
FNDA:0,(anonymous_37)
FNDA:0,(anonymous_38)
FNDA:0,(anonymous_39)
FNDA:0,(anonymous_40)
FNDA:0,(anonymous_41)
FNDA:0,(anonymous_42)
FNDA:0,(anonymous_43)
FNDA:0,(anonymous_44)
FNDA:0,(anonymous_45)
FNDA:0,(anonymous_46)
FNDA:0,(anonymous_47)
FNDA:0,(anonymous_48)
FNDA:0,(anonymous_49)
FNDA:0,(anonymous_50)
FNDA:0,(anonymous_54)
FNDA:0,(anonymous_55)
FNDA:0,(anonymous_57)
FNDA:0,(anonymous_58)
FNDA:0,(anonymous_61)
DA:3,0
DA:4,0
DA:5,0
DA:6,0
DA:8,0
DA:9,0
DA:10,0
DA:11,0
DA:12,0
DA:13,0
DA:14,0
DA:20,0
DA:22,0
DA:23,0
DA:24,0
DA:25,0
DA:26,0
DA:27,0
DA:39,0
DA:42,0
DA:43,0
DA:44,0
DA:47,0
DA:50,0
DA:70,0
DA:71,0
DA:75,0
DA:76,0
DA:77,0
DA:79,0
DA:80,0
DA:81,0
DA:83,0
DA:87,0
DA:93,0
DA:94,0
DA:95,0
DA:96,0
DA:100,0
DA:101,0
DA:102,0
DA:106,0
DA:107,0
DA:111,0
DA:112,0
DA:117,0
DA:119,0
DA:120,0
DA:157,0
DA:159,0
DA:178,0
DA:180,0
DA:195,0
DA:260,0
DA:262,0
DA:266,0
DA:276,0
DA:277,0
DA:286,0
DA:288,0
DA:292,0
DA:315,0
DA:317,0
DA:333,0
DA:335,0
DA:351,0
DA:353,0
DA:366,0
DA:368,0
DA:381,0
DA:383,0
DA:396,0
DA:398,0
DA:414,0
DA:416,0
DA:429,0
DA:431,0
DA:435,0
DA:450,0
DA:452,0
DA:456,0
DA:473,0
DA:486,0
DA:499,0
DA:512,0
DA:514,0
DA:536,0
DA:556,0
DA:557,0
DA:570,0
DA:571,0
DA:574,0
DA:575,0
DA:593,0
DA:595,0
DA:602,0
DA:624,0
DA:645,0
DA:647,0
DA:654,0
DA:655,0
DA:683,0
DA:700,0
DA:706,0
DA:708,0
DA:716,0
DA:736,0
DA:739,0
DA:740,0
DA:741,0
DA:742,0
DA:743,0
DA:744,0
DA:745,0
DA:746,0
DA:747,0
DA:748,0
DA:749,0
DA:750,0
DA:751,0
DA:752,0
DA:753,0
DA:754,0
DA:755,0
DA:756,0
DA:757,0
DA:758,0
DA:759,0
DA:760,0
DA:761,0
DA:762,0
LF:131
LH:0
BRDA:43,0,0,0
BRDA:60,1,0,0
BRDA:76,2,0,0
BRDA:76,2,1,0
BRDA:79,3,0,0
BRDA:79,3,1,0
BRDA:80,4,0,0
BRDA:80,4,1,0
BRDA:94,5,0,0
BRDA:94,5,1,0
BRDA:102,6,0,0
BRDA:103,7,0,0
BRDA:103,7,1,0
BRDA:103,7,2,0
BRDA:117,8,0,0
BRDA:117,8,1,0
BRDA:169,9,0,0
BRDA:170,10,0,0
BRDA:171,11,0,0
BRDA:180,12,0,0
BRDA:195,13,0,0
BRDA:220,14,0,0
BRDA:220,14,1,0
BRDA:230,15,0,0
BRDA:230,15,1,0
BRDA:230,16,0,0
BRDA:230,16,1,0
BRDA:238,17,0,0
BRDA:238,17,1,0
BRDA:242,18,0,0
BRDA:242,18,1,0
BRDA:242,19,0,0
BRDA:242,19,1,0
BRDA:434,20,0,0
BRDA:435,21,0,0
BRDA:435,21,1,0
BRDA:455,22,0,0
BRDA:456,23,0,0
BRDA:456,23,1,0
BRDA:546,24,0,0
BRDA:547,25,0,0
BRDA:548,26,0,0
BRDA:549,27,0,0
BRDA:556,28,0,0
BRDA:556,28,1,0
BRDA:570,29,0,0
BRDA:574,30,0,0
BRDA:586,31,0,0
BRDA:586,31,1,0
BRDA:601,32,0,0
BRDA:601,33,0,0
BRDA:602,34,0,0
BRDA:602,34,1,0
BRDA:616,35,0,0
BRDA:616,35,1,0
BRDA:652,36,0,0
BRDA:665,37,0,0
BRDA:715,38,0,0
BRDA:715,39,0,0
BRDA:716,40,0,0
BRDA:716,40,1,0
BRDA:727,41,0,0
BRDA:727,41,1,0
BRDA:728,42,0,0
BRDA:728,42,1,0
BRF:65
BRH:0
end_of_record
TN:
SF:components\ui\skeleton.tsx
FN:3,Skeleton
FNF:1
FNH:0
FNDA:0,Skeleton
DA:1,0
DA:15,0
LF:2
LH:0
BRF:0
BRH:0
end_of_record
TN:
SF:components\ui\slider.tsx
FNF:0
FNH:0
DA:3,0
DA:4,0
DA:6,0
DA:26,0
DA:28,0
LF:5
LH:0
BRF:0
BRH:0
end_of_record
TN:
SF:components\ui\sonner.tsx
FN:8,(anonymous_1)
FNF:1
FNH:0
FNDA:0,(anonymous_1)
DA:3,0
DA:4,0
DA:8,0
DA:9,0
DA:31,0
LF:5
LH:0
BRDA:9,0,0,0
BRF:1
BRH:0
end_of_record
TN:
SF:components\ui\switch.tsx
FNF:0
FNH:0
DA:3,0
DA:4,0
DA:6,0
DA:27,0
DA:29,0
LF:5
LH:0
BRF:0
BRH:0
end_of_record
TN:
SF:components\ui\table.tsx
FNF:0
FNH:0
DA:1,2
DA:3,2
DA:17,2
DA:25,2
DA:37,2
DA:52,2
DA:67,2
DA:82,2
DA:94,2
DA:106,2
DA:109,10
DA:110,10
DA:111,10
DA:112,0
DA:113,70
DA:114,28
DA:115,126
DA:116,0
LF:18
LH:16
BRF:0
BRH:0
end_of_record
TN:
SF:components\ui\tabs.tsx
FNF:0
FNH:0
DA:3,1
DA:4,1
DA:6,1
DA:8,1
DA:23,1
DA:38,1
DA:53,1
DA:55,21
LF:8
LH:8
BRF:0
BRH:0
end_of_record
TN:
SF:components\ui\textarea.tsx
FN:8,(anonymous_4)
FNF:1
FNH:0
FNDA:0,(anonymous_4)
DA:1,0
DA:3,0
DA:5,0
DA:20,0
DA:22,0
LF:5
LH:0
BRF:0
BRH:0
end_of_record
TN:
SF:components\ui\toast.tsx
FN:47,(anonymous_12)
FNF:1
FNH:0
FNDA:0,(anonymous_12)
DA:3,0
DA:4,0
DA:5,0
DA:6,0
DA:8,0
DA:10,0
DA:25,0
DA:27,0
DA:43,0
DA:56,0
DA:71,0
DA:89,0
DA:101,0
DA:113,0
DA:122,0
DA:123,0
DA:124,0
DA:125,0
DA:126,0
DA:127,0
DA:128,0
LF:21
LH:0
BRF:0
BRH:0
end_of_record
TN:
SF:components\ui\toaster.tsx
FN:13,Toaster
FN:18,(anonymous_2)
FNF:2
FNH:0
FNDA:0,Toaster
FNDA:0,(anonymous_2)
DA:3,0
DA:11,0
DA:13,0
DA:14,0
DA:19,0
LF:5
LH:0
BRDA:22,0,0,0
BRDA:23,1,0,0
BRF:2
BRH:0
end_of_record
TN:
SF:components\ui\toggle-group.tsx
FN:39,(anonymous_7)
FNF:1
FNH:0
FNDA:0,(anonymous_7)
DA:3,0
DA:4,0
DA:7,0
DA:8,0
DA:10,0
DA:33,0
DA:35,0
DA:40,0
DA:59,0
DA:61,0
LF:10
LH:0
BRDA:47,0,0,0
BRDA:47,0,1,0
BRDA:48,1,0,0
BRDA:48,1,1,0
BRF:4
BRH:0
end_of_record
TN:
SF:components\ui\toggle.tsx
FNF:0
FNH:0
DA:3,0
DA:4,0
DA:5,0
DA:7,0
DA:9,0
DA:43,0
DA:45,0
LF:7
LH:0
BRF:0
BRH:0
end_of_record
TN:
SF:components\ui\tooltip.tsx
FNF:0
FNH:0
DA:3,0
DA:4,0
DA:6,0
DA:8,0
DA:10,0
DA:12,0
DA:28,0
DA:30,0
LF:8
LH:0
BRDA:17,0,0,0
BRF:1
BRH:0
end_of_record
TN:
SF:components\ui\use-mobile.tsx
FN:5,useIsMobile
FN:8,(anonymous_5)
FN:10,(anonymous_6)
FN:15,(anonymous_7)
FNF:4
FNH:0
FNDA:0,useIsMobile
FNDA:0,(anonymous_5)
FNDA:0,(anonymous_6)
FNDA:0,(anonymous_7)
DA:1,0
DA:3,0
DA:5,0
DA:6,0
DA:8,0
DA:9,0
DA:10,0
DA:11,0
DA:13,0
DA:14,0
DA:15,0
DA:18,0
LF:12
LH:0
BRF:0
BRH:0
end_of_record
TN:
SF:components\ui\use-toast.ts
FN:30,genId
FN:61,(anonymous_8)
FN:66,(anonymous_9)
FN:77,(anonymous_10)
FN:88,(anonymous_11)
FN:101,(anonymous_12)
FN:108,(anonymous_13)
FN:127,(anonymous_14)
FN:136,dispatch
FN:138,(anonymous_16)
FN:145,toast
FN:148,(anonymous_18)
FN:153,(anonymous_19)
FN:161,(anonymous_20)
FN:174,useToast
FN:177,(anonymous_22)
FN:179,(anonymous_23)
FN:190,(anonymous_24)
FNF:18
FNH:0
FNDA:0,genId
FNDA:0,(anonymous_8)
FNDA:0,(anonymous_9)
FNDA:0,(anonymous_10)
FNDA:0,(anonymous_11)
FNDA:0,(anonymous_12)
FNDA:0,(anonymous_13)
FNDA:0,(anonymous_14)
FNDA:0,dispatch
FNDA:0,(anonymous_16)
FNDA:0,toast
FNDA:0,(anonymous_18)
FNDA:0,(anonymous_19)
FNDA:0,(anonymous_20)
FNDA:0,useToast
FNDA:0,(anonymous_22)
FNDA:0,(anonymous_23)
FNDA:0,(anonymous_24)
DA:4,0
DA:11,0
DA:12,0
DA:21,0
DA:28,0
DA:31,0
DA:32,0
DA:59,0
DA:61,0
DA:62,0
DA:63,0
DA:66,0
DA:67,0
DA:68,0
DA:74,0
DA:77,0
DA:78,0
DA:80,0
DA:86,0
DA:89,0
DA:94,0
DA:98,0
DA:99,0
DA:101,0
DA:102,0
DA:106,0
DA:109,0
DA:119,0
DA:120,0
DA:125,0
DA:127,0
DA:132,0
DA:134,0
DA:137,0
DA:138,0
DA:139,0
DA:146,0
DA:148,0
DA:149,0
DA:153,0
DA:155,0
DA:162,0
DA:167,0
DA:175,0
DA:177,0
DA:178,0
DA:179,0
DA:180,0
DA:181,0
DA:182,0
DA:187,0
DA:190,0
DA:194,0
LF:53
LH:0
BRDA:62,0,0,0
BRDA:78,1,0,0
BRDA:78,1,1,0
BRDA:78,1,2,0
BRDA:78,1,3,0
BRDA:89,2,0,0
BRDA:89,2,1,0
BRDA:98,3,0,0
BRDA:98,3,1,0
BRDA:109,4,0,0
BRDA:109,4,1,0
BRDA:109,5,0,0
BRDA:109,5,1,0
BRDA:119,6,0,0
BRDA:162,7,0,0
BRDA:181,8,0,0
BRF:16
BRH:0
end_of_record
TN:
SF:features\manager\components\FixturesList.tsx
FN:14,FixturesList
FN:15,(anonymous_2)
FN:23,(anonymous_3)
FN:30,(anonymous_4)
FN:45,(anonymous_5)
FN:49,(anonymous_6)
FNF:6
FNH:6
FNDA:5,FixturesList
FNDA:10,(anonymous_2)
FNDA:10,(anonymous_3)
FNDA:10,(anonymous_4)
FNDA:10,(anonymous_5)
FNDA:1,(anonymous_6)
DA:4,2
DA:5,2
DA:6,2
DA:7,2
DA:14,11
DA:15,5
DA:16,10
DA:23,5
DA:24,10
DA:30,5
DA:31,10
DA:33,10
DA:35,0
DA:37,0
DA:39,0
DA:46,10
DA:49,1
LF:17
LH:14
BRDA:31,0,0,10
BRDA:31,0,1,0
BRDA:31,0,2,0
BRDA:31,0,3,0
BRDA:61,1,0,4
BRDA:61,1,1,6
BRDA:63,2,0,10
BRF:7
BRH:4
end_of_record
TN:
SF:features\manager\components\ManagerProfileScreen.tsx
FN:25,ManagerProfileScreen
FNF:1
FNH:1
FNDA:7,ManagerProfileScreen
DA:3,1
DA:6,1
DA:7,1
DA:8,1
DA:9,1
DA:10,1
DA:11,1
DA:12,1
DA:13,1
DA:25,5
DA:34,7
LF:11
LH:11
BRDA:44,0,0,0
BRF:1
BRH:0
end_of_record
TN:
SF:features\manager\components\TeamMembersList.tsx
FN:14,TeamMembersList
FN:18,(anonymous_2)
FN:25,(anonymous_3)
FN:34,(anonymous_4)
FN:54,(anonymous_5)
FN:57,(anonymous_6)
FN:60,(anonymous_7)
FN:63,(anonymous_8)
FN:70,(anonymous_9)
FN:74,(anonymous_10)
FNF:10
FNH:8
FNDA:10,TeamMembersList
FNDA:9,(anonymous_2)
FNDA:2,(anonymous_3)
FNDA:18,(anonymous_4)
FNDA:0,(anonymous_5)
FNDA:1,(anonymous_6)
FNDA:1,(anonymous_7)
FNDA:0,(anonymous_8)
FNDA:18,(anonymous_9)
FNDA:1,(anonymous_10)
DA:3,2
DA:5,2
DA:6,2
DA:7,2
DA:14,14
DA:15,10
DA:16,10
DA:18,10
DA:19,9
DA:20,9
DA:21,9
DA:22,9
DA:25,10
DA:26,2
DA:27,0
DA:29,2
DA:30,2
DA:34,10
DA:35,18
DA:37,18
DA:39,0
DA:41,0
DA:43,0
DA:54,0
DA:57,1
DA:60,1
DA:63,0
DA:71,18
DA:74,1
LF:29
LH:23
BRDA:21,0,0,0
BRDA:21,0,1,9
BRDA:22,1,0,7
BRDA:22,1,1,2
BRDA:26,2,0,0
BRDA:26,2,1,2
BRDA:27,3,0,0
BRDA:27,3,1,0
BRDA:35,4,0,18
BRDA:35,4,1,0
BRDA:35,4,2,0
BRDA:35,4,3,0
BRDA:79,5,0,0
BRF:13
BRH:5
end_of_record
TN:
SF:features\manager\components\TeamPerformanceStats.tsx
FN:13,TeamPerformanceStats
FN:19,(anonymous_2)
FN:74,(anonymous_3)
FNF:3
FNH:3
FNDA:12,TeamPerformanceStats
FNDA:60,(anonymous_2)
FNDA:60,(anonymous_3)
DA:4,2
DA:5,2
DA:6,2
DA:7,2
DA:13,12
DA:14,12
DA:15,12
DA:16,12
DA:17,12
DA:19,12
DA:20,60
DA:75,60
LF:12
LH:12
BRF:0
BRH:0
end_of_record
TN:
SF:hooks\use-competitions.ts
FN:7,useCompetitions
FN:12,(anonymous_2)
FN:13,fetchCompetitions
FNF:3
FNH:3
FNDA:9,useCompetitions
FNDA:5,(anonymous_2)
FNDA:5,fetchCompetitions
DA:3,1
DA:4,1
DA:7,9
DA:8,9
DA:9,9
DA:10,9
DA:12,9
DA:14,5
DA:15,5
DA:20,4
DA:21,3
DA:23,2
DA:25,5
DA:29,5
DA:32,9
LF:15
LH:15
BRDA:20,0,0,1
BRDA:21,1,0,3
BRDA:21,1,1,2
BRDA:23,2,0,2
BRDA:23,2,1,0
BRF:5
BRH:4
end_of_record
TN:
SF:hooks\use-mobile.tsx
FN:5,useIsMobile
FN:8,(anonymous_5)
FN:10,(anonymous_6)
FN:15,(anonymous_7)
FNF:4
FNH:0
FNDA:0,useIsMobile
FNDA:0,(anonymous_5)
FNDA:0,(anonymous_6)
FNDA:0,(anonymous_7)
DA:1,0
DA:3,0
DA:5,0
DA:6,0
DA:8,0
DA:9,0
DA:10,0
DA:11,0
DA:13,0
DA:14,0
DA:15,0
DA:18,0
LF:12
LH:0
BRF:0
BRH:0
end_of_record
TN:
SF:hooks\use-toast.ts
FN:30,genId
FN:61,(anonymous_8)
FN:66,(anonymous_9)
FN:77,(anonymous_10)
FN:88,(anonymous_11)
FN:101,(anonymous_12)
FN:108,(anonymous_13)
FN:127,(anonymous_14)
FN:136,dispatch
FN:138,(anonymous_16)
FN:145,toast
FN:148,(anonymous_18)
FN:153,(anonymous_19)
FN:161,(anonymous_20)
FN:174,useToast
FN:177,(anonymous_22)
FN:179,(anonymous_23)
FN:190,(anonymous_24)
FNF:18
FNH:14
FNDA:10,genId
FNDA:2,(anonymous_8)
FNDA:1,(anonymous_9)
FNDA:13,(anonymous_10)
FNDA:0,(anonymous_11)
FNDA:1,(anonymous_12)
FNDA:2,(anonymous_13)
FNDA:1,(anonymous_14)
FNDA:13,dispatch
FNDA:12,(anonymous_16)
FNDA:10,toast
FNDA:0,(anonymous_18)
FNDA:0,(anonymous_19)
FNDA:0,(anonymous_20)
FNDA:17,useToast
FNDA:17,(anonymous_22)
FNDA:17,(anonymous_23)
FNDA:2,(anonymous_24)
DA:4,1
DA:11,1
DA:12,1
DA:21,1
DA:28,1
DA:31,10
DA:32,10
DA:59,1
DA:61,1
DA:62,2
DA:63,0
DA:66,2
DA:67,1
DA:68,1
DA:74,2
DA:77,1
DA:78,13
DA:80,10
DA:86,0
DA:89,0
DA:94,2
DA:98,2
DA:99,1
DA:101,1
DA:102,1
DA:106,2
DA:109,2
DA:119,1
DA:120,0
DA:125,1
DA:127,1
DA:132,1
DA:134,1
DA:137,13
DA:138,13
DA:139,12
DA:146,10
DA:148,10
DA:149,0
DA:153,10
DA:155,10
DA:162,0
DA:167,10
DA:175,17
DA:177,17
DA:178,17
DA:179,17
DA:180,17
DA:181,17
DA:182,17
DA:187,17
DA:190,2
DA:194,17
LF:53
LH:47
BRDA:62,0,0,0
BRDA:78,1,0,10
BRDA:78,1,1,0
BRDA:78,1,2,2
BRDA:78,1,3,1
BRDA:89,2,0,0
BRDA:89,2,1,0
BRDA:98,3,0,1
BRDA:98,3,1,1
BRDA:109,4,0,2
BRDA:109,4,1,0
BRDA:109,5,0,2
BRDA:109,5,1,1
BRDA:119,6,0,0
BRDA:162,7,0,0
BRDA:181,8,0,17
BRF:16
BRH:9
end_of_record
TN:
SF:hooks\useAuth.ts
FN:6,useAuth
FN:13,(anonymous_2)
FN:15,(anonymous_3)
FN:40,(anonymous_4)
FN:60,(anonymous_5)
FN:65,(anonymous_6)
FN:79,(anonymous_7)
FN:100,(anonymous_8)
FN:114,(anonymous_9)
FN:126,(anonymous_10)
FNF:10
FNH:9
FNDA:22,useAuth
FNDA:12,(anonymous_2)
FNDA:12,(anonymous_3)
FNDA:1,(anonymous_4)
FNDA:12,(anonymous_5)
FNDA:2,(anonymous_6)
FNDA:2,(anonymous_7)
FNDA:2,(anonymous_8)
FNDA:2,(anonymous_9)
FNDA:0,(anonymous_10)
DA:1,1
DA:2,1
DA:3,1
DA:6,22
DA:7,22
DA:8,22
DA:9,22
DA:10,22
DA:11,22
DA:13,22
DA:15,12
DA:16,12
DA:17,12
DA:18,12
DA:20,12
DA:21,5
DA:27,0
DA:28,0
DA:31,5
DA:33,12
DA:37,12
DA:40,12
DA:41,1
DA:42,1
DA:48,0
DA:49,0
DA:50,0
DA:53,0
DA:55,0
DA:57,0
DA:60,12
DA:61,12
DA:65,22
DA:66,2
DA:67,2
DA:68,2
DA:69,2
DA:70,1
DA:72,1
DA:73,1
DA:75,2
DA:79,22
DA:80,2
DA:81,2
DA:82,2
DA:83,1
DA:85,1
DA:86,1
DA:90,1
DA:93,1
DA:94,1
DA:96,2
DA:100,22
DA:101,2
DA:102,2
DA:103,2
DA:104,2
DA:105,1
DA:107,1
DA:108,1
DA:110,2
DA:114,22
DA:115,2
DA:116,2
DA:117,2
DA:119,0
DA:124,0
DA:126,0
DA:128,2
DA:129,2
DA:131,2
DA:135,22
LF:72
LH:61
BRDA:18,0,0,0
BRDA:20,1,0,5
BRDA:27,2,0,0
BRDA:31,3,0,5
BRDA:31,3,1,0
BRDA:41,4,0,1
BRDA:41,4,1,0
BRDA:48,5,0,0
BRDA:69,6,0,1
BRDA:72,7,0,1
BRDA:72,7,1,0
BRDA:83,8,0,0
BRDA:85,9,0,1
BRDA:90,10,0,0
BRDA:93,11,0,1
BRDA:93,11,1,0
BRDA:104,12,0,1
BRDA:107,13,0,1
BRDA:107,13,1,0
BRDA:117,14,0,2
BRDA:124,15,0,0
BRDA:126,16,0,0
BRDA:126,16,1,0
BRDA:128,17,0,2
BRDA:128,17,1,0
BRF:25
BRH:11
end_of_record
TN:
SF:hooks\useCompetitions.ts
FN:6,useCompetitions
FN:12,(anonymous_2)
FN:25,(anonymous_3)
FN:27,(anonymous_4)
FN:29,(anonymous_5)
FN:30,(anonymous_6)
FN:35,(anonymous_7)
FN:36,(anonymous_8)
FN:43,(anonymous_9)
FN:48,(anonymous_10)
FN:65,(anonymous_11)
FN:84,(anonymous_12)
FN:103,(anonymous_13)
FN:126,(anonymous_14)
FN:143,(anonymous_15)
FN:144,(anonymous_16)
FN:147,(anonymous_17)
FN:148,(anonymous_18)
FN:151,(anonymous_19)
FN:152,(anonymous_20)
FNF:20
FNH:3
FNDA:10,useCompetitions
FNDA:10,(anonymous_2)
FNDA:0,(anonymous_3)
FNDA:0,(anonymous_4)
FNDA:0,(anonymous_5)
FNDA:0,(anonymous_6)
FNDA:0,(anonymous_7)
FNDA:0,(anonymous_8)
FNDA:0,(anonymous_9)
FNDA:10,(anonymous_10)
FNDA:0,(anonymous_11)
FNDA:0,(anonymous_12)
FNDA:0,(anonymous_13)
FNDA:0,(anonymous_14)
FNDA:0,(anonymous_15)
FNDA:0,(anonymous_16)
FNDA:0,(anonymous_17)
FNDA:0,(anonymous_18)
FNDA:0,(anonymous_19)
FNDA:0,(anonymous_20)
DA:1,1
DA:2,1
DA:6,10
DA:7,10
DA:8,10
DA:9,10
DA:10,10
DA:12,10
DA:13,10
DA:16,10
DA:26,0
DA:27,0
DA:28,0
DA:29,0
DA:30,0
DA:31,0
DA:34,0
DA:35,0
DA:36,0
DA:43,0
DA:44,0
DA:48,10
DA:49,10
DA:50,10
DA:51,10
DA:56,4
DA:57,4
DA:59,6
DA:61,10
DA:65,10
DA:66,0
DA:67,0
DA:68,0
DA:74,0
DA:75,0
DA:77,0
DA:78,0
DA:80,0
DA:84,10
DA:85,0
DA:86,0
DA:87,0
DA:93,0
DA:94,0
DA:96,0
DA:97,0
DA:99,0
DA:103,10
DA:107,0
DA:108,0
DA:109,0
DA:116,0
DA:117,0
DA:119,0
DA:120,0
DA:122,0
DA:126,10
DA:127,0
DA:128,0
DA:129,0
DA:134,0
DA:136,0
DA:137,0
DA:139,0
DA:143,10
DA:144,0
DA:147,10
DA:148,0
DA:151,10
DA:152,0
DA:155,10
LF:71
LH:26
BRDA:26,0,0,0
BRDA:26,0,1,0
BRDA:28,1,0,0
BRDA:28,1,1,0
BRDA:31,2,0,0
BRDA:31,2,1,0
BRDA:34,3,0,0
BRDA:56,4,0,0
BRDA:74,5,0,0
BRDA:93,6,0,0
BRDA:116,7,0,0
BRDA:134,8,0,0
BRF:12
BRH:0
end_of_record
TN:
SF:hooks\useFantasy.ts
FN:6,useFantasy
FN:12,(anonymous_2)
FN:25,(anonymous_3)
FN:27,(anonymous_4)
FN:29,(anonymous_5)
FN:30,(anonymous_6)
FN:35,(anonymous_7)
FN:36,(anonymous_8)
FN:43,(anonymous_9)
FN:48,(anonymous_10)
FN:65,(anonymous_11)
FN:84,(anonymous_12)
FN:103,(anonymous_13)
FN:126,(anonymous_14)
FN:143,(anonymous_15)
FN:162,(anonymous_16)
FN:181,(anonymous_17)
FN:183,(anonymous_18)
FNF:18
FNH:11
FNDA:25,useFantasy
FNDA:12,(anonymous_2)
FNDA:0,(anonymous_3)
FNDA:0,(anonymous_4)
FNDA:0,(anonymous_5)
FNDA:0,(anonymous_6)
FNDA:0,(anonymous_7)
FNDA:0,(anonymous_8)
FNDA:12,(anonymous_9)
FNDA:12,(anonymous_10)
FNDA:1,(anonymous_11)
FNDA:1,(anonymous_12)
FNDA:1,(anonymous_13)
FNDA:1,(anonymous_14)
FNDA:1,(anonymous_15)
FNDA:1,(anonymous_16)
FNDA:1,(anonymous_17)
FNDA:0,(anonymous_18)
DA:1,1
DA:2,1
DA:6,25
DA:7,25
DA:8,25
DA:9,25
DA:10,25
DA:12,25
DA:13,12
DA:16,12
DA:26,0
DA:27,0
DA:28,0
DA:29,0
DA:30,0
DA:31,0
DA:34,0
DA:35,0
DA:36,0
DA:43,12
DA:44,12
DA:48,25
DA:49,12
DA:50,12
DA:51,12
DA:56,6
DA:57,6
DA:59,6
DA:61,12
DA:65,25
DA:66,1
DA:67,1
DA:68,1
DA:74,1
DA:75,1
DA:77,0
DA:78,0
DA:80,1
DA:84,25
DA:85,1
DA:86,1
DA:87,1
DA:93,0
DA:94,0
DA:96,1
DA:97,1
DA:99,1
DA:103,25
DA:107,1
DA:108,1
DA:109,1
DA:116,0
DA:117,0
DA:119,1
DA:120,1
DA:122,1
DA:126,25
DA:127,1
DA:128,1
DA:129,1
DA:134,0
DA:136,1
DA:137,1
DA:139,1
DA:143,25
DA:144,1
DA:145,1
DA:146,1
DA:152,1
DA:153,1
DA:155,0
DA:156,0
DA:158,1
DA:162,25
DA:163,1
DA:164,1
DA:165,1
DA:171,1
DA:172,1
DA:174,0
DA:175,0
DA:177,1
DA:181,25
DA:182,1
DA:183,0
DA:187,25
LF:86
LH:65
BRDA:26,0,0,0
BRDA:26,0,1,0
BRDA:28,1,0,0
BRDA:28,1,1,0
BRDA:31,2,0,0
BRDA:31,2,1,0
BRDA:34,3,0,0
BRDA:56,4,0,0
BRDA:74,5,0,0
BRDA:93,6,0,0
BRDA:116,7,0,0
BRDA:134,8,0,0
BRDA:152,9,0,0
BRDA:171,10,0,0
BRDA:181,11,0,0
BRF:15
BRH:0
end_of_record
TN:
SF:hooks\useIsMobile.ts
FN:3,useIsMobile
FN:6,(anonymous_2)
FN:7,(anonymous_3)
FN:18,(anonymous_4)
FNF:4
FNH:4
FNDA:8,useIsMobile
FNDA:4,(anonymous_2)
FNDA:6,(anonymous_3)
FNDA:4,(anonymous_4)
DA:1,1
DA:3,8
DA:4,8
DA:6,8
DA:7,4
DA:8,6
DA:12,4
DA:15,4
DA:18,4
DA:19,4
DA:23,8
LF:11
LH:11
BRF:0
BRH:0
end_of_record
TN:
SF:hooks\useRealtime.ts
FN:14,useRealtime
FN:18,(anonymous_2)
FN:32,(anonymous_3)
FN:36,(anonymous_4)
FN:38,(anonymous_5)
FN:38,(anonymous_6)
FN:41,(anonymous_7)
FN:42,(anonymous_8)
FN:46,(anonymous_9)
FN:47,(anonymous_10)
FNF:10
FNH:10
FNDA:14,useRealtime
FNDA:8,(anonymous_2)
FNDA:8,(anonymous_3)
FNDA:1,(anonymous_4)
FNDA:1,(anonymous_5)
FNDA:1,(anonymous_6)
FNDA:7,(anonymous_7)
FNDA:2,(anonymous_8)
FNDA:6,(anonymous_9)
FNDA:6,(anonymous_10)
DA:1,1
DA:2,1
DA:14,14
DA:15,14
DA:16,14
DA:18,14
DA:19,8
DA:32,8
DA:33,8
DA:36,14
DA:37,1
DA:38,1
DA:41,14
DA:42,7
DA:43,7
DA:46,14
DA:47,6
DA:48,6
DA:52,14
LF:19
LH:19
BRF:0
BRH:0
end_of_record
TN:
SF:hooks\useStats.ts
FN:6,useStats
FN:11,(anonymous_2)
FN:30,(anonymous_3)
FN:48,(anonymous_4)
FN:67,(anonymous_5)
FN:90,(anonymous_6)
FN:113,(anonymous_7)
FN:132,(anonymous_8)
FN:151,(anonymous_9)
FN:170,(anonymous_10)
FNF:10
FNH:0
FNDA:0,useStats
FNDA:0,(anonymous_2)
FNDA:0,(anonymous_3)
FNDA:0,(anonymous_4)
FNDA:0,(anonymous_5)
FNDA:0,(anonymous_6)
FNDA:0,(anonymous_7)
FNDA:0,(anonymous_8)
FNDA:0,(anonymous_9)
FNDA:0,(anonymous_10)
DA:1,0
DA:2,0
DA:6,0
DA:7,0
DA:8,0
DA:9,0
DA:11,0
DA:12,0
DA:13,0
DA:14,0
DA:20,0
DA:21,0
DA:23,0
DA:24,0
DA:26,0
DA:30,0
DA:31,0
DA:32,0
DA:33,0
DA:38,0
DA:39,0
DA:41,0
DA:42,0
DA:44,0
DA:48,0
DA:49,0
DA:50,0
DA:51,0
DA:57,0
DA:58,0
DA:60,0
DA:61,0
DA:63,0
DA:67,0
DA:71,0
DA:72,0
DA:73,0
DA:80,0
DA:81,0
DA:83,0
DA:84,0
DA:86,0
DA:90,0
DA:94,0
DA:95,0
DA:96,0
DA:103,0
DA:104,0
DA:106,0
DA:107,0
DA:109,0
DA:113,0
DA:114,0
DA:115,0
DA:116,0
DA:122,0
DA:123,0
DA:125,0
DA:126,0
DA:128,0
DA:132,0
DA:133,0
DA:134,0
DA:135,0
DA:141,0
DA:142,0
DA:144,0
DA:145,0
DA:147,0
DA:151,0
DA:152,0
DA:153,0
DA:154,0
DA:160,0
DA:161,0
DA:163,0
DA:164,0
DA:166,0
DA:170,0
DA:171,0
DA:174,0
DA:177,0
DA:180,0
DA:181,0
DA:182,0
DA:183,0
DA:187,0
DA:188,0
DA:190,0
DA:193,0
LF:90
LH:0
BRDA:20,0,0,0
BRDA:38,1,0,0
BRDA:57,2,0,0
BRDA:80,3,0,0
BRDA:103,4,0,0
BRDA:113,5,0,0
BRDA:122,6,0,0
BRDA:132,7,0,0
BRDA:141,8,0,0
BRDA:151,9,0,0
BRDA:160,10,0,0
BRDA:180,11,0,0
BRDA:180,11,1,0
BRDA:180,12,0,0
BRDA:180,12,1,0
BRDA:182,13,0,0
BRF:16
BRH:0
end_of_record
TN:
SF:hooks\useTeamData.ts
FN:4,useTeamData
FN:20,(anonymous_2)
FN:21,(anonymous_3)
FNF:3
FNH:3
FNDA:7,useTeamData
FNDA:7,(anonymous_2)
FNDA:7,(anonymous_3)
DA:1,1
DA:2,1
DA:4,7
DA:18,7
DA:20,7
DA:21,7
DA:22,7
DA:23,7
DA:24,7
DA:27,7
DA:28,6
DA:29,4
DA:30,4
DA:33,4
DA:34,4
DA:35,3
DA:36,3
DA:39,3
DA:40,3
DA:41,2
DA:42,2
DA:45,2
DA:46,2
DA:47,1
DA:48,1
DA:50,6
DA:52,7
DA:56,7
DA:59,7
LF:29
LH:29
BRDA:28,0,0,1
BRDA:34,1,0,1
BRDA:40,2,0,1
BRDA:46,3,0,1
BRDA:50,4,0,6
BRDA:50,4,1,0
BRF:6
BRH:5
end_of_record
TN:
SF:lib\api.ts
FN:19,(anonymous_10)
FN:29,(anonymous_11)
FN:40,(anonymous_12)
FN:48,(anonymous_13)
FN:58,(anonymous_14)
FN:64,(anonymous_15)
FN:74,(anonymous_16)
FN:85,(anonymous_17)
FN:93,(anonymous_18)
FN:103,(anonymous_19)
FN:109,(anonymous_20)
FN:119,(anonymous_21)
FN:130,(anonymous_22)
FN:138,(anonymous_23)
FN:152,(anonymous_24)
FN:162,(anonymous_25)
FN:173,(anonymous_26)
FN:184,(anonymous_27)
FN:203,(anonymous_28)
FN:213,(anonymous_29)
FN:224,(anonymous_30)
FN:235,(anonymous_31)
FN:254,(anonymous_32)
FN:264,(anonymous_33)
FN:275,(anonymous_34)
FN:286,(anonymous_35)
FN:296,(anonymous_36)
FN:306,(anonymous_37)
FN:317,(anonymous_38)
FN:328,(anonymous_39)
FN:347,(anonymous_40)
FN:357,(anonymous_41)
FN:368,(anonymous_42)
FN:379,(anonymous_43)
FN:396,(anonymous_44)
FN:406,(anonymous_45)
FN:417,(anonymous_46)
FNF:37
FNH:0
FNDA:0,(anonymous_10)
FNDA:0,(anonymous_11)
FNDA:0,(anonymous_12)
FNDA:0,(anonymous_13)
FNDA:0,(anonymous_14)
FNDA:0,(anonymous_15)
FNDA:0,(anonymous_16)
FNDA:0,(anonymous_17)
FNDA:0,(anonymous_18)
FNDA:0,(anonymous_19)
FNDA:0,(anonymous_20)
FNDA:0,(anonymous_21)
FNDA:0,(anonymous_22)
FNDA:0,(anonymous_23)
FNDA:0,(anonymous_24)
FNDA:0,(anonymous_25)
FNDA:0,(anonymous_26)
FNDA:0,(anonymous_27)
FNDA:0,(anonymous_28)
FNDA:0,(anonymous_29)
FNDA:0,(anonymous_30)
FNDA:0,(anonymous_31)
FNDA:0,(anonymous_32)
FNDA:0,(anonymous_33)
FNDA:0,(anonymous_34)
FNDA:0,(anonymous_35)
FNDA:0,(anonymous_36)
FNDA:0,(anonymous_37)
FNDA:0,(anonymous_38)
FNDA:0,(anonymous_39)
FNDA:0,(anonymous_40)
FNDA:0,(anonymous_41)
FNDA:0,(anonymous_42)
FNDA:0,(anonymous_43)
FNDA:0,(anonymous_44)
FNDA:0,(anonymous_45)
FNDA:0,(anonymous_46)
DA:1,0
DA:15,0
DA:18,0
DA:20,0
DA:25,0
DA:26,0
DA:30,0
DA:36,0
DA:37,0
DA:41,0
DA:42,0
DA:47,0
DA:49,0
DA:54,0
DA:55,0
DA:59,0
DA:60,0
DA:61,0
DA:65,0
DA:70,0
DA:71,0
DA:75,0
DA:81,0
DA:82,0
DA:86,0
DA:87,0
DA:92,0
DA:94,0
DA:99,0
DA:100,0
DA:104,0
DA:105,0
DA:106,0
DA:110,0
DA:115,0
DA:116,0
DA:120,0
DA:126,0
DA:127,0
DA:131,0
DA:132,0
DA:137,0
DA:139,0
DA:148,0
DA:149,0
DA:153,0
DA:158,0
DA:159,0
DA:163,0
DA:169,0
DA:170,0
DA:174,0
DA:178,0
DA:183,0
DA:185,0
DA:195,0
DA:196,0
DA:204,0
DA:209,0
DA:210,0
DA:214,0
DA:220,0
DA:221,0
DA:225,0
DA:229,0
DA:234,0
DA:236,0
DA:246,0
DA:247,0
DA:255,0
DA:260,0
DA:261,0
DA:265,0
DA:271,0
DA:272,0
DA:276,0
DA:280,0
DA:285,0
DA:287,0
DA:292,0
DA:293,0
DA:297,0
DA:302,0
DA:303,0
DA:307,0
DA:313,0
DA:314,0
DA:318,0
DA:322,0
DA:327,0
DA:329,0
DA:339,0
DA:340,0
DA:348,0
DA:353,0
DA:354,0
DA:358,0
DA:364,0
DA:365,0
DA:369,0
DA:373,0
DA:378,0
DA:380,0
DA:389,0
DA:390,0
DA:397,0
DA:402,0
DA:403,0
DA:407,0
DA:413,0
DA:414,0
DA:418,0
DA:422,0
LF:113
LH:0
BRDA:25,0,0,0
BRDA:36,1,0,0
BRDA:42,2,0,0
BRDA:54,3,0,0
BRDA:60,4,0,0
BRDA:70,5,0,0
BRDA:81,6,0,0
BRDA:87,7,0,0
BRDA:99,8,0,0
BRDA:105,9,0,0
BRDA:115,10,0,0
BRDA:126,11,0,0
BRDA:132,12,0,0
BRDA:148,13,0,0
BRDA:158,14,0,0
BRDA:169,15,0,0
BRDA:178,16,0,0
BRDA:195,17,0,0
BRDA:209,18,0,0
BRDA:220,19,0,0
BRDA:229,20,0,0
BRDA:246,21,0,0
BRDA:260,22,0,0
BRDA:271,23,0,0
BRDA:280,24,0,0
BRDA:292,25,0,0
BRDA:302,26,0,0
BRDA:313,27,0,0
BRDA:322,28,0,0
BRDA:339,29,0,0
BRDA:353,30,0,0
BRDA:364,31,0,0
BRDA:373,32,0,0
BRDA:389,33,0,0
BRDA:402,34,0,0
BRDA:413,35,0,0
BRDA:422,36,0,0
BRF:37
BRH:0
end_of_record
TN:
SF:lib\auth-context.tsx
FN:21,AuthProvider
FN:26,(anonymous_4)
FN:28,(anonymous_5)
FN:35,(anonymous_6)
FN:41,(anonymous_7)
FN:44,(anonymous_8)
FN:49,(anonymous_9)
FN:60,(anonymous_10)
FN:65,(anonymous_11)
FN:72,(anonymous_12)
FN:77,(anonymous_13)
FN:107,useAuth
FNF:12
FNH:0
FNDA:0,AuthProvider
FNDA:0,(anonymous_4)
FNDA:0,(anonymous_5)
FNDA:0,(anonymous_6)
FNDA:0,(anonymous_7)
FNDA:0,(anonymous_8)
FNDA:0,(anonymous_9)
FNDA:0,(anonymous_10)
FNDA:0,(anonymous_11)
FNDA:0,(anonymous_12)
FNDA:0,(anonymous_13)
FNDA:0,useAuth
DA:3,0
DA:5,0
DA:19,0
DA:21,0
DA:22,0
DA:23,0
DA:24,0
DA:26,0
DA:28,0
DA:29,0
DA:30,0
DA:31,0
DA:35,0
DA:36,0
DA:37,0
DA:38,0
DA:41,0
DA:44,0
DA:45,0
DA:46,0
DA:49,0
DA:50,0
DA:57,0
DA:60,0
DA:61,0
DA:62,0
DA:65,0
DA:66,0
DA:69,0
DA:72,0
DA:73,0
DA:74,0
DA:77,0
DA:78,0
DA:87,0
DA:107,0
DA:108,0
DA:109,0
DA:110,0
DA:112,0
LF:40
LH:0
BRDA:30,0,0,0
BRDA:30,0,1,0
BRDA:37,1,0,0
BRDA:37,1,1,0
BRDA:46,2,0,0
BRDA:57,3,0,0
BRDA:62,4,0,0
BRDA:69,5,0,0
BRDA:74,6,0,0
BRDA:87,7,0,0
BRDA:109,8,0,0
BRF:11
BRH:0
end_of_record
TN:
SF:lib\supabase.ts
FN:18,(anonymous_3)
FNF:1
FNH:0
FNDA:0,(anonymous_3)
DA:1,0
DA:4,0
DA:5,0
DA:8,0
DA:9,0
DA:12,0
DA:18,0
DA:19,0
DA:20,0
DA:23,0
LF:10
LH:0
BRDA:4,0,0,0
BRDA:8,1,0,0
BRDA:19,2,0,0
BRF:3
BRH:0
end_of_record
TN:
SF:lib\utils.ts
FN:4,cn
FN:11,formatDate
FN:22,formatTimeAgo
FN:37,formatDateTime
FNF:4
FNH:1
FNDA:1010,cn
FNDA:0,formatDate
FNDA:0,formatTimeAgo
FNDA:0,formatDateTime
DA:1,8
DA:2,8
DA:4,1010
DA:5,1010
DA:11,0
DA:12,0
DA:22,0
DA:23,0
DA:24,0
DA:25,0
DA:27,0
DA:28,0
DA:29,0
DA:30,0
DA:31,0
DA:37,0
DA:38,0
LF:17
LH:4
BRDA:27,0,0,0
BRDA:28,1,0,0
BRDA:30,2,0,0
BRF:3
BRH:0
end_of_record
TN:
SF:lib\validations.ts
FNF:0
FNH:0
DA:1,0
DA:4,0
DA:17,0
DA:28,0
DA:43,0
DA:61,0
DA:111,0
DA:123,0
DA:133,0
DA:143,0
LF:10
LH:0
BRF:0
BRH:0
end_of_record
TN:
SF:lib\store\team-store.ts
FN:31,(anonymous_1)
FN:39,(anonymous_2)
FN:39,(anonymous_3)
FN:40,(anonymous_4)
FN:40,(anonymous_5)
FN:41,(anonymous_6)
FN:41,(anonymous_7)
FN:42,(anonymous_8)
FN:42,(anonymous_9)
FN:43,(anonymous_10)
FN:43,(anonymous_11)
FN:44,(anonymous_12)
FN:44,(anonymous_13)
FN:46,(anonymous_14)
FN:47,(anonymous_15)
FN:48,(anonymous_16)
FN:51,(anonymous_17)
FN:52,(anonymous_18)
FN:56,(anonymous_19)
FN:57,(anonymous_20)
FN:58,(anonymous_21)
FN:61,(anonymous_22)
FN:62,(anonymous_23)
FN:63,(anonymous_24)
FN:66,(anonymous_25)
FN:67,(anonymous_26)
FN:71,(anonymous_27)
FN:72,(anonymous_28)
FN:73,(anonymous_29)
FNF:29
FNH:29
FNDA:1,(anonymous_1)
FNDA:16,(anonymous_2)
FNDA:16,(anonymous_3)
FNDA:19,(anonymous_4)
FNDA:19,(anonymous_5)
FNDA:19,(anonymous_6)
FNDA:19,(anonymous_7)
FNDA:16,(anonymous_8)
FNDA:16,(anonymous_9)
FNDA:15,(anonymous_10)
FNDA:15,(anonymous_11)
FNDA:15,(anonymous_12)
FNDA:15,(anonymous_13)
FNDA:1,(anonymous_14)
FNDA:1,(anonymous_15)
FNDA:1,(anonymous_16)
FNDA:1,(anonymous_17)
FNDA:1,(anonymous_18)
FNDA:1,(anonymous_19)
FNDA:1,(anonymous_20)
FNDA:1,(anonymous_21)
FNDA:1,(anonymous_22)
FNDA:1,(anonymous_23)
FNDA:1,(anonymous_24)
FNDA:1,(anonymous_25)
FNDA:1,(anonymous_26)
FNDA:1,(anonymous_27)
FNDA:1,(anonymous_28)
FNDA:1,(anonymous_29)
DA:1,1
DA:31,69
DA:39,16
DA:40,19
DA:41,19
DA:42,16
DA:43,15
DA:44,15
DA:47,1
DA:48,1
DA:52,1
DA:57,1
DA:58,1
DA:62,1
DA:63,1
DA:67,1
DA:72,1
DA:73,1
LF:18
LH:18
BRDA:48,0,0,1
BRDA:48,0,1,0
BRDA:63,1,0,1
BRDA:63,1,1,0
BRF:4
BRH:2
end_of_record
TN:
SF:lib\utils\date.ts
FN:9,(anonymous_18)
FN:19,(anonymous_19)
FN:29,(anonymous_20)
FN:39,(anonymous_21)
FN:49,(anonymous_22)
FN:59,(anonymous_23)
FN:69,(anonymous_24)
FN:79,(anonymous_25)
FN:94,(anonymous_26)
FN:106,(anonymous_27)
FN:119,(anonymous_28)
FN:132,(anonymous_29)
FN:145,(anonymous_30)
FN:157,(anonymous_31)
FN:179,(anonymous_32)
FN:187,(anonymous_33)
FN:197,(anonymous_34)
FNF:17
FNH:0
FNDA:0,(anonymous_18)
FNDA:0,(anonymous_19)
FNDA:0,(anonymous_20)
FNDA:0,(anonymous_21)
FNDA:0,(anonymous_22)
FNDA:0,(anonymous_23)
FNDA:0,(anonymous_24)
FNDA:0,(anonymous_25)
FNDA:0,(anonymous_26)
FNDA:0,(anonymous_27)
FNDA:0,(anonymous_28)
FNDA:0,(anonymous_29)
FNDA:0,(anonymous_30)
FNDA:0,(anonymous_31)
FNDA:0,(anonymous_32)
FNDA:0,(anonymous_33)
FNDA:0,(anonymous_34)
DA:1,0
DA:9,0
DA:10,0
DA:11,0
DA:19,0
DA:20,0
DA:21,0
DA:29,0
DA:30,0
DA:31,0
DA:39,0
DA:40,0
DA:41,0
DA:49,0
DA:50,0
DA:51,0
DA:59,0
DA:60,0
DA:61,0
DA:69,0
DA:70,0
DA:71,0
DA:79,0
DA:80,0
DA:81,0
DA:82,0
DA:94,0
DA:95,0
DA:96,0
DA:97,0
DA:98,0
DA:106,0
DA:107,0
DA:108,0
DA:109,0
DA:110,0
DA:119,0
DA:120,0
DA:121,0
DA:122,0
DA:123,0
DA:132,0
DA:133,0
DA:134,0
DA:135,0
DA:136,0
DA:145,0
DA:146,0
DA:147,0
DA:148,0
DA:149,0
DA:157,0
DA:158,0
DA:159,0
DA:160,0
DA:161,0
DA:163,0
DA:164,0
DA:166,0
DA:167,0
DA:169,0
DA:170,0
DA:172,0
DA:179,0
DA:180,0
DA:187,0
DA:188,0
DA:189,0
DA:190,0
DA:197,0
DA:198,0
LF:71
LH:0
BRDA:9,0,0,0
BRDA:83,1,0,0
BRDA:83,1,1,0
BRDA:83,1,2,0
BRDA:163,2,0,0
BRDA:166,3,0,0
BRDA:169,4,0,0
BRF:7
BRH:0
end_of_record
TN:
SF:lib\utils\dates.ts
FN:3,(anonymous_19)
FN:8,(anonymous_20)
FN:13,(anonymous_21)
FN:18,(anonymous_22)
FN:23,(anonymous_23)
FN:28,(anonymous_24)
FN:33,(anonymous_25)
FN:38,(anonymous_26)
FN:48,(anonymous_27)
FN:59,(anonymous_28)
FN:69,(anonymous_29)
FN:78,(anonymous_30)
FN:84,(anonymous_31)
FN:91,(anonymous_32)
FN:98,(anonymous_33)
FN:105,(anonymous_34)
FN:112,(anonymous_35)
FN:125,(anonymous_36)
FNF:18
FNH:0
FNDA:0,(anonymous_19)
FNDA:0,(anonymous_20)
FNDA:0,(anonymous_21)
FNDA:0,(anonymous_22)
FNDA:0,(anonymous_23)
FNDA:0,(anonymous_24)
FNDA:0,(anonymous_25)
FNDA:0,(anonymous_26)
FNDA:0,(anonymous_27)
FNDA:0,(anonymous_28)
FNDA:0,(anonymous_29)
FNDA:0,(anonymous_30)
FNDA:0,(anonymous_31)
FNDA:0,(anonymous_32)
FNDA:0,(anonymous_33)
FNDA:0,(anonymous_34)
FNDA:0,(anonymous_35)
FNDA:0,(anonymous_36)
DA:1,0
DA:3,0
DA:4,0
DA:5,0
DA:8,0
DA:9,0
DA:10,0
DA:13,0
DA:14,0
DA:15,0
DA:18,0
DA:19,0
DA:20,0
DA:23,0
DA:24,0
DA:25,0
DA:28,0
DA:29,0
DA:30,0
DA:33,0
DA:34,0
DA:35,0
DA:38,0
DA:39,0
DA:40,0
DA:41,0
DA:48,0
DA:49,0
DA:50,0
DA:51,0
DA:52,0
DA:59,0
DA:60,0
DA:61,0
DA:62,0
DA:63,0
DA:64,0
DA:65,0
DA:66,0
DA:69,0
DA:70,0
DA:71,0
DA:72,0
DA:78,0
DA:79,0
DA:80,0
DA:81,0
DA:84,0
DA:85,0
DA:86,0
DA:87,0
DA:88,0
DA:91,0
DA:92,0
DA:93,0
DA:94,0
DA:95,0
DA:98,0
DA:99,0
DA:100,0
DA:101,0
DA:102,0
DA:105,0
DA:106,0
DA:107,0
DA:108,0
DA:109,0
DA:112,0
DA:113,0
DA:114,0
DA:115,0
DA:117,0
DA:118,0
DA:119,0
DA:120,0
DA:122,0
DA:125,0
DA:126,0
DA:127,0
DA:128,0
LF:80
LH:0
BRDA:3,0,0,0
BRDA:4,1,0,0
BRDA:4,1,1,0
BRDA:8,2,0,0
BRDA:9,3,0,0
BRDA:9,3,1,0
BRDA:13,4,0,0
BRDA:14,5,0,0
BRDA:14,5,1,0
BRDA:19,6,0,0
BRDA:19,6,1,0
BRDA:24,7,0,0
BRDA:24,7,1,0
BRDA:29,8,0,0
BRDA:29,8,1,0
BRDA:34,9,0,0
BRDA:34,9,1,0
BRDA:39,10,0,0
BRDA:39,10,1,0
BRDA:42,11,0,0
BRDA:42,11,1,0
BRDA:42,11,2,0
BRDA:49,12,0,0
BRDA:49,12,1,0
BRDA:53,13,0,0
BRDA:53,13,1,0
BRDA:53,13,2,0
BRDA:60,14,0,0
BRDA:60,14,1,0
BRDA:66,15,0,0
BRDA:66,15,1,0
BRDA:70,16,0,0
BRDA:70,16,1,0
BRDA:73,17,0,0
BRDA:73,17,1,0
BRDA:79,18,0,0
BRDA:79,18,1,0
BRDA:85,19,0,0
BRDA:85,19,1,0
BRDA:92,20,0,0
BRDA:92,20,1,0
BRDA:99,21,0,0
BRDA:99,21,1,0
BRDA:106,22,0,0
BRDA:106,22,1,0
BRDA:118,23,0,0
BRDA:119,24,0,0
BRDA:120,25,0,0
BRDA:120,26,0,0
BRDA:120,26,1,0
BRDA:127,27,0,0
BRF:51
BRH:0
end_of_record
TN:
SF:lib\utils\notifications.ts
FN:11,(anonymous_14)
FN:27,(anonymous_15)
FN:43,(anonymous_16)
FN:57,(anonymous_17)
FN:73,(anonymous_18)
FN:93,(anonymous_19)
FN:117,(anonymous_20)
FN:141,(anonymous_21)
FN:165,(anonymous_22)
FN:186,(anonymous_23)
FN:202,(anonymous_24)
FN:216,(anonymous_25)
FN:231,(anonymous_26)
FNF:13
FNH:0
FNDA:0,(anonymous_14)
FNDA:0,(anonymous_15)
FNDA:0,(anonymous_16)
FNDA:0,(anonymous_17)
FNDA:0,(anonymous_18)
FNDA:0,(anonymous_19)
FNDA:0,(anonymous_20)
FNDA:0,(anonymous_21)
FNDA:0,(anonymous_22)
FNDA:0,(anonymous_23)
FNDA:0,(anonymous_24)
FNDA:0,(anonymous_25)
FNDA:0,(anonymous_26)
DA:1,0
DA:4,0
DA:11,0
DA:12,0
DA:18,0
DA:19,0
DA:27,0
DA:28,0
DA:35,0
DA:36,0
DA:43,0
DA:44,0
DA:49,0
DA:57,0
DA:58,0
DA:64,0
DA:65,0
DA:73,0
DA:74,0
DA:81,0
DA:82,0
DA:93,0
DA:99,0
DA:117,0
DA:123,0
DA:141,0
DA:147,0
DA:165,0
DA:171,0
DA:186,0
DA:187,0
DA:194,0
DA:195,0
DA:202,0
DA:203,0
DA:208,0
DA:216,0
DA:217,0
DA:222,0
DA:223,0
DA:231,0
DA:232,0
DA:238,0
DA:239,0
LF:44
LH:0
BRDA:18,0,0,0
BRDA:35,1,0,0
BRDA:49,2,0,0
BRDA:64,3,0,0
BRDA:81,4,0,0
BRDA:194,5,0,0
BRDA:208,6,0,0
BRDA:222,7,0,0
BRDA:223,8,0,0
BRDA:223,8,1,0
BRDA:238,9,0,0
BRDA:239,10,0,0
BRDA:239,10,1,0
BRF:13
BRH:0
end_of_record
TN:
SF:lib\utils\points.ts
FN:26,(anonymous_13)
FN:49,(anonymous_14)
FN:50,(anonymous_15)
FN:53,(anonymous_16)
FN:55,(anonymous_17)
FN:58,(anonymous_18)
FN:70,(anonymous_19)
FN:80,(anonymous_20)
FN:93,(anonymous_21)
FN:97,(anonymous_22)
FN:102,(anonymous_23)
FN:107,(anonymous_24)
FN:108,(anonymous_25)
FN:120,(anonymous_26)
FN:124,(anonymous_27)
FN:133,(anonymous_28)
FN:136,(anonymous_29)
FN:139,(anonymous_30)
FN:140,(anonymous_31)
FNF:19
FNH:0
FNDA:0,(anonymous_13)
FNDA:0,(anonymous_14)
FNDA:0,(anonymous_15)
FNDA:0,(anonymous_16)
FNDA:0,(anonymous_17)
FNDA:0,(anonymous_18)
FNDA:0,(anonymous_19)
FNDA:0,(anonymous_20)
FNDA:0,(anonymous_21)
FNDA:0,(anonymous_22)
FNDA:0,(anonymous_23)
FNDA:0,(anonymous_24)
FNDA:0,(anonymous_25)
FNDA:0,(anonymous_26)
FNDA:0,(anonymous_27)
FNDA:0,(anonymous_28)
FNDA:0,(anonymous_29)
FNDA:0,(anonymous_30)
FNDA:0,(anonymous_31)
DA:4,0
DA:26,0
DA:27,0
DA:30,0
DA:33,0
DA:36,0
DA:37,0
DA:38,0
DA:39,0
DA:43,0
DA:44,0
DA:46,0
DA:49,0
DA:50,0
DA:53,0
DA:55,0
DA:58,0
DA:59,0
DA:60,0
DA:61,0
DA:62,0
DA:63,0
DA:64,0
DA:66,0
DA:70,0
DA:74,0
DA:75,0
DA:77,0
DA:80,0
DA:84,0
DA:85,0
DA:86,0
DA:87,0
DA:89,0
DA:93,0
DA:94,0
DA:97,0
DA:98,0
DA:99,0
DA:102,0
DA:103,0
DA:104,0
DA:107,0
DA:108,0
DA:109,0
DA:111,0
DA:113,0
DA:115,0
DA:120,0
DA:121,0
DA:124,0
DA:130,0
DA:133,0
DA:136,0
DA:137,0
DA:139,0
DA:140,0
LF:57
LH:0
BRDA:36,0,0,0
BRDA:36,0,1,0
BRDA:36,1,0,0
BRDA:36,1,1,0
BRDA:38,2,0,0
BRDA:59,3,0,0
BRDA:59,3,1,0
BRDA:61,4,0,0
BRDA:61,4,1,0
BRDA:63,5,0,0
BRDA:84,6,0,0
BRDA:84,6,1,0
BRDA:86,7,0,0
BRDA:86,7,1,0
BRDA:98,8,0,0
BRDA:103,9,0,0
BRDA:109,10,0,0
BRDA:109,10,1,0
BRDA:109,10,2,0
BRF:19
BRH:0
end_of_record
TN:
SF:lib\validations\auth.ts
FN:12,(anonymous_6)
FN:24,(anonymous_7)
FNF:2
FNH:0
FNDA:0,(anonymous_6)
FNDA:0,(anonymous_7)
DA:1,0
DA:3,0
DA:8,0
DA:12,0
DA:17,0
DA:21,0
DA:24,0
DA:29,0
LF:8
LH:0
BRF:0
BRH:0
end_of_record
TN:
SF:public\sw.js
FN:25,(anonymous_0)
FN:28,(anonymous_1)
FN:35,(anonymous_2)
FN:38,(anonymous_3)
FN:41,(anonymous_4)
FN:42,(anonymous_5)
FN:43,(anonymous_6)
FN:52,(anonymous_7)
FN:60,(anonymous_8)
FN:62,(anonymous_9)
FN:67,(anonymous_10)
FN:68,(anonymous_11)
FN:85,(anonymous_12)
FN:87,(anonymous_13)
FN:89,(anonymous_14)
FN:102,(anonymous_15)
FN:104,(anonymous_16)
FN:109,(anonymous_17)
FN:110,(anonymous_18)
FN:119,(anonymous_19)
FN:126,(anonymous_20)
FN:154,(anonymous_21)
FN:165,syncCompetitions
FN:186,openDB
FN:187,(anonymous_24)
FN:190,(anonymous_25)
FN:191,(anonymous_26)
FN:193,(anonymous_27)
FNF:28
FNH:0
FNDA:0,(anonymous_0)
FNDA:0,(anonymous_1)
FNDA:0,(anonymous_2)
FNDA:0,(anonymous_3)
FNDA:0,(anonymous_4)
FNDA:0,(anonymous_5)
FNDA:0,(anonymous_6)
FNDA:0,(anonymous_7)
FNDA:0,(anonymous_8)
FNDA:0,(anonymous_9)
FNDA:0,(anonymous_10)
FNDA:0,(anonymous_11)
FNDA:0,(anonymous_12)
FNDA:0,(anonymous_13)
FNDA:0,(anonymous_14)
FNDA:0,(anonymous_15)
FNDA:0,(anonymous_16)
FNDA:0,(anonymous_17)
FNDA:0,(anonymous_18)
FNDA:0,(anonymous_19)
FNDA:0,(anonymous_20)
FNDA:0,(anonymous_21)
FNDA:0,syncCompetitions
FNDA:0,openDB
FNDA:0,(anonymous_24)
FNDA:0,(anonymous_25)
FNDA:0,(anonymous_26)
FNDA:0,(anonymous_27)
DA:1,0
DA:2,0
DA:3,0
DA:4,0
DA:7,0
DA:25,0
DA:26,0
DA:28,0
DA:35,0
DA:36,0
DA:39,0
DA:41,0
DA:42,0
DA:43,0
DA:52,0
DA:53,0
DA:54,0
DA:57,0
DA:58,0
DA:61,0
DA:62,0
DA:63,0
DA:65,0
DA:68,0
DA:69,0
DA:70,0
DA:79,0
DA:83,0
DA:84,0
DA:86,0
DA:87,0
DA:88,0
DA:89,0
DA:90,0
DA:92,0
DA:96,0
DA:100,0
DA:103,0
DA:104,0
DA:105,0
DA:107,0
DA:110,0
DA:111,0
DA:112,0
DA:119,0
DA:120,0
DA:121,0
DA:126,0
DA:127,0
DA:148,0
DA:154,0
DA:155,0
DA:157,0
DA:158,0
DA:166,0
DA:167,0
DA:169,0
DA:170,0
DA:171,0
DA:178,0
DA:180,0
DA:187,0
DA:188,0
DA:190,0
DA:191,0
DA:193,0
DA:194,0
DA:195,0
DA:196,0
LF:69
LH:0
BRDA:57,0,0,0
BRDA:69,1,0,0
BRDA:83,2,0,0
BRDA:86,3,0,0
BRDA:111,4,0,0
BRDA:120,5,0,0
BRDA:157,6,0,0
BRDA:195,7,0,0
BRF:8
BRH:0
end_of_record
